2025-02-19 23:10:24,503 [INFO] Activator:176 - 


2025-02-19 23:10:24,504 [INFO] Activator:177 - !SESSION log4j initialized
2025-02-19 23:10:25,826 [ERROR] LogOutputStream:75 - [STDERR_REDIRECT] 
2025-02-19 23:10:27,548 [INFO] LogOutputStream:77 - [STDOUT_REDIRECT] 
2025-02-19 23:10:28,880 [INFO] ApplicationProperties:184 - Using Application install path: /Applications/STM32CubeIDE.app/Contents/Eclipse/plugins/com.st.stm32cube.common.mx_6.13.0.202411220809
2025-02-19 23:10:28,891 [INFO] DbMcusXml:78 - Set database path to: /Applications/STM32CubeIDE.app/Contents/Eclipse/plugins/com.st.stm32cube.common.mx_6.13.0.202411220809//db//mcu/
2025-02-19 23:10:28,891 [INFO] ApiDb:274 - Set plugin database path to: /Applications/STM32CubeIDE.app/Contents/Eclipse/plugins/com.st.stm32cube.common.mx_6.13.0.202411220809//db//plugins/boardmanager/
2025-02-19 23:10:28,893 [WARN] ApiDb:259 - Overriding images path with different value:  => /Applications/STM32CubeIDE.app/Contents/Eclipse/plugins/com.st.stm32cube.common.mx_6.13.0.202411220809//db//plugins/mcufinder/images/
2025-02-19 23:10:28,898 [INFO] ApiDb:250 - Set database path to: /Users/parimeydpatil/.stmcufinder/plugins/mcufinder//mcu/
2025-02-19 23:10:28,899 [INFO] DbMcusAds:125 - Set database path to: /Users/parimeydpatil/.stmcufinder/plugins/mcufinder//mcu/
2025-02-19 23:10:28,900 [INFO] CrossReferenceDbSqlite:203 - Set database path to: /Users/parimeydpatil/.stmcufinder/plugins/mcufinder//mcu/cs/
2025-02-19 23:10:29,030 [INFO] RulesReader:64 - Compatibility file has been processed (297 Rules)
2025-02-19 23:10:29,148 [INFO] DbMcusXml:78 - Set database path to: /Applications/STM32CubeIDE.app/Contents/Eclipse/plugins/com.st.stm32cube.common.mx_6.13.0.202411220809//db//mcu/
2025-02-19 23:10:29,149 [INFO] ApiDb:274 - Set plugin database path to: /Applications/STM32CubeIDE.app/Contents/Eclipse/plugins/com.st.stm32cube.common.mx_6.13.0.202411220809//db//plugins/boardmanager/
2025-02-19 23:10:29,149 [INFO] ApiDb:261 - Set plugin images path to: /Applications/STM32CubeIDE.app/Contents/Eclipse/plugins/com.st.stm32cube.common.mx_6.13.0.202411220809//db//plugins/mcufinder/images/
2025-02-19 23:10:29,149 [WARN] DbFile:41 - Overriding database path with different value: /Users/parimeydpatil/.stmcufinder/plugins/mcufinder/ => /Users/parimeydpatil/.stmcufinder/plugins/mcufinder
2025-02-19 23:10:29,149 [INFO] ApiDb:250 - Set database path to: /Users/parimeydpatil/.stmcufinder/plugins/mcufinder//mcu/
2025-02-19 23:10:29,149 [WARN] DbFile:41 - Overriding database path with different value: /Users/parimeydpatil/.stmcufinder/plugins/mcufinder/ => /Users/parimeydpatil/.stmcufinder/plugins/mcufinder
2025-02-19 23:10:29,149 [INFO] DbMcusAds:125 - Set database path to: /Users/parimeydpatil/.stmcufinder/plugins/mcufinder//mcu/
2025-02-19 23:10:29,149 [WARN] DbFile:41 - Overriding database path with different value: /Users/parimeydpatil/.stmcufinder/plugins/mcufinder/ => /Users/parimeydpatil/.stmcufinder/plugins/mcufinder
2025-02-19 23:10:29,149 [WARN] DbFile:41 - Overriding database path with different value: /Users/parimeydpatil/.stmcufinder/plugins/mcufinder/ => /Users/parimeydpatil/.stmcufinder/plugins/mcufinder
2025-02-19 23:10:29,150 [INFO] CrossReferenceDbSqlite:203 - Set database path to: /Users/parimeydpatil/.stmcufinder/plugins/mcufinder//mcu/cs/
2025-02-19 23:10:29,243 [INFO] MainPanel:272 - HeapMemory: 359661568
2025-02-19 23:10:29,315 [ERROR] LogOutputStream:75 - [STDERR_REDIRECT] [Fatal Error] :2:10: DOCTYPE is disallowed when the feature "http://apache.org/xml/features/disallow-doctype-decl" set to true.
2025-02-19 23:10:29,325 [ERROR] LogOutputStream:75 - [STDERR_REDIRECT] 
2025-02-19 23:10:29,561 [INFO] DbMcusXml:78 - Set database path to: /Applications/STM32CubeIDE.app/Contents/Eclipse/plugins/com.st.stm32cube.common.mx_6.13.0.202411220809//db//mcu/
2025-02-19 23:10:29,561 [INFO] ApiDb:274 - Set plugin database path to: /Applications/STM32CubeIDE.app/Contents/Eclipse/plugins/com.st.stm32cube.common.mx_6.13.0.202411220809//db//plugins/boardmanager/
2025-02-19 23:10:29,561 [INFO] ApiDb:261 - Set plugin images path to: /Applications/STM32CubeIDE.app/Contents/Eclipse/plugins/com.st.stm32cube.common.mx_6.13.0.202411220809//db//plugins/mcufinder/images/
2025-02-19 23:10:29,562 [WARN] DbFile:41 - Overriding database path with different value: /Users/parimeydpatil/.stmcufinder/plugins/mcufinder/ => /Users/parimeydpatil/.stmcufinder/plugins/mcufinder
2025-02-19 23:10:29,562 [INFO] ApiDb:250 - Set database path to: /Users/parimeydpatil/.stmcufinder/plugins/mcufinder//mcu/
2025-02-19 23:10:29,562 [WARN] DbFile:41 - Overriding database path with different value: /Users/parimeydpatil/.stmcufinder/plugins/mcufinder/ => /Users/parimeydpatil/.stmcufinder/plugins/mcufinder
2025-02-19 23:10:29,562 [INFO] DbMcusAds:125 - Set database path to: /Users/parimeydpatil/.stmcufinder/plugins/mcufinder//mcu/
2025-02-19 23:10:29,562 [WARN] DbFile:41 - Overriding database path with different value: /Users/parimeydpatil/.stmcufinder/plugins/mcufinder/ => /Users/parimeydpatil/.stmcufinder/plugins/mcufinder
2025-02-19 23:10:29,562 [WARN] DbFile:41 - Overriding database path with different value: /Users/parimeydpatil/.stmcufinder/plugins/mcufinder/ => /Users/parimeydpatil/.stmcufinder/plugins/mcufinder
2025-02-19 23:10:29,562 [INFO] CrossReferenceDbSqlite:203 - Set database path to: /Users/parimeydpatil/.stmcufinder/plugins/mcufinder//mcu/cs/
2025-02-19 23:10:29,578 [INFO] ApplicationProperties:184 - Using Application install path: /Applications/STM32CubeIDE.app/Contents/Eclipse/plugins/com.st.stm32cube.common.mx_6.13.0.202411220809
2025-02-19 23:10:29,579 [INFO] PluginManage:196 - Search for loadable plugins [exclusion list=, ]
2025-02-19 23:10:29,581 [INFO] PluginManage:310 - Check plugin analytics
2025-02-19 23:10:29,749 [INFO] AnalyticsPlugin:253 - Accepted Software Licenses: 
2025-02-19 23:10:29,750 [INFO] AnalyticsPlugin:255 - Accepted CMSIS Pack Licenses: 
2025-02-19 23:10:29,750 [INFO] AnalyticsPlugin:257 - Accepted Firmware Licenses: 
2025-02-19 23:10:29,753 [INFO] PluginManage:359 - Loaded plugin analytics (category:tool,tabindex:-1)
2025-02-19 23:10:29,754 [INFO] PluginManage:310 - Check plugin cadmodel
2025-02-19 23:10:29,761 [INFO] CADModel:105 - Init CAD model plugin
2025-02-19 23:10:29,762 [INFO] PluginManage:359 - Loaded plugin cadmodel (category:power,tabindex:5)
2025-02-19 23:10:29,762 [INFO] PluginManage:310 - Check plugin clock
2025-02-19 23:10:29,769 [INFO] PluginManage:359 - Loaded plugin clock (category:base,tabindex:2)
2025-02-19 23:10:29,770 [INFO] PluginManage:310 - Check plugin ddr
2025-02-19 23:10:29,772 [INFO] PluginManage:359 - Loaded plugin ddr (category:tool,tabindex:6)
2025-02-19 23:10:29,772 [INFO] PluginManage:310 - Check plugin filemanager
2025-02-19 23:10:30,091 [INFO] PluginManage:359 - Loaded plugin filemanager (category:base,tabindex:10)
2025-02-19 23:10:30,095 [INFO] PluginManage:310 - Check plugin ipmanager
2025-02-19 23:10:30,143 [INFO] PluginManage:359 - Loaded plugin ipmanager (category:base,tabindex:5)
2025-02-19 23:10:30,144 [INFO] PluginManage:310 - Check plugin lpbam
2025-02-19 23:10:30,166 [INFO] PluginManage:359 - Loaded plugin lpbam (category:base,tabindex:0)
2025-02-19 23:10:30,167 [INFO] PluginManage:310 - Check plugin memorymap
2025-02-19 23:10:30,193 [INFO] PluginManage:359 - Loaded plugin memorymap (category:base,tabindex:4)
2025-02-19 23:10:30,194 [INFO] PluginManage:310 - Check plugin pinoutandconfiguration
2025-02-19 23:10:30,199 [INFO] PluginManage:359 - Loaded plugin pinoutandconfiguration (category:base,tabindex:1)
2025-02-19 23:10:30,199 [INFO] PluginManage:310 - Check plugin pinoutconfig
2025-02-19 23:10:30,312 [WARN] SupportedApi:132 - Cannot load RTOS API schema: s4s-elt-must-match.1: The content of 'definitions' must match (annotation?, (simpleType | complexType)?, (unique | key | keyref)*)). A problem was found starting at: attribute.
2025-02-19 23:10:30,468 [INFO] PluginManage:359 - Loaded plugin pinoutconfig (category:base,tabindex:0)
2025-02-19 23:10:30,469 [INFO] PluginManage:310 - Check plugin power
2025-02-19 23:10:30,481 [INFO] PluginManage:359 - Loaded plugin power (category:power,tabindex:4)
2025-02-19 23:10:30,482 [INFO] PluginManage:310 - Check plugin projectmanager
2025-02-19 23:10:30,506 [INFO] PluginManage:359 - Loaded plugin projectmanager (category:projectmanager,tabindex:4)
2025-02-19 23:10:30,506 [INFO] PluginManage:310 - Check plugin rif
2025-02-19 23:10:30,511 [INFO] PluginManage:359 - Loaded plugin rif (category:base,tabindex:3)
2025-02-19 23:10:30,511 [INFO] PluginManage:310 - Check plugin thirdparty
2025-02-19 23:10:30,634 [INFO] PluginManage:359 - Loaded plugin thirdparty (category:base,tabindex:-1)
2025-02-19 23:10:30,635 [INFO] PluginManage:310 - Check plugin tools
2025-02-19 23:10:30,638 [INFO] PluginManage:359 - Loaded plugin tools (category:base,tabindex:7)
2025-02-19 23:10:30,638 [INFO] PluginManage:310 - Check plugin tutovideos
2025-02-19 23:10:30,634 [WARN] IntegrityCheckThread:84 - waiting for thirdparty lock release [integrity check]
2025-02-19 23:10:30,638 [INFO] IntegrityCheckThread:86 - entering critical section [integrity check]
2025-02-19 23:10:30,640 [INFO] ThirdPartyUpdaterWithRetryManager:70 - Updater plugin not ready yet. [1/15]
2025-02-19 23:10:30,797 [INFO] PluginManage:359 - Loaded plugin tutovideos (category:base,tabindex:-1)
2025-02-19 23:10:30,797 [INFO] PluginManage:310 - Check plugin updater
2025-02-19 23:10:30,825 [INFO] PluginManage:359 - Loaded plugin updater (category:base,tabindex:12)
2025-02-19 23:10:30,826 [INFO] PluginManage:310 - Check plugin userauth
2025-02-19 23:10:30,829 [INFO] UserAuth:118 - Init User Auth plugin
2025-02-19 23:10:30,830 [INFO] PluginManage:359 - Loaded plugin userauth (category:base,tabindex:14)
2025-02-19 23:10:30,831 [INFO] PluginManage:283 - PluginManage : Loaded plugins [18]
2025-02-19 23:10:31,013 [INFO] PinOutPanel:1589 - setPackage(No Configuration,No Configuration)
2025-02-19 23:10:31,083 [INFO] CADModel:165 - CPN selected for project level
2025-02-19 23:10:31,083 [INFO] CADModel:114 - Register for checkConnection events
2025-02-19 23:10:31,093 [INFO] IPUIPlugin:80 - create IPUIPlugin
2025-02-19 23:10:31,093 [INFO] PluginManager:220 - loadIPPluginJar : add mdma
2025-02-19 23:10:31,098 [INFO] IPUIPlugin:80 - create IPUIPlugin
2025-02-19 23:10:31,098 [INFO] PluginManager:220 - loadIPPluginJar : add freertos
2025-02-19 23:10:31,101 [INFO] IPUIPlugin:80 - create IPUIPlugin
2025-02-19 23:10:31,101 [INFO] PluginManager:220 - loadIPPluginJar : add gic
2025-02-19 23:10:31,107 [INFO] IPUIPlugin:80 - create IPUIPlugin
2025-02-19 23:10:31,107 [INFO] PluginManager:220 - loadIPPluginJar : add adc
2025-02-19 23:10:31,108 [INFO] IPUIPlugin:80 - create IPUIPlugin
2025-02-19 23:10:31,108 [INFO] PluginManager:220 - loadIPPluginJar : add gtzc
2025-02-19 23:10:31,109 [INFO] IPUIPlugin:80 - create IPUIPlugin
2025-02-19 23:10:31,109 [INFO] PluginManager:220 - loadIPPluginJar : add quadspi
2025-02-19 23:10:31,110 [INFO] IPUIPlugin:80 - create IPUIPlugin
2025-02-19 23:10:31,110 [INFO] PluginManager:220 - loadIPPluginJar : add aes
2025-02-19 23:10:31,112 [INFO] IPUIPlugin:80 - create IPUIPlugin
2025-02-19 23:10:31,112 [INFO] PluginManager:220 - loadIPPluginJar : add pdm2pcm
2025-02-19 23:10:31,113 [INFO] IPUIPlugin:80 - create IPUIPlugin
2025-02-19 23:10:31,113 [INFO] PluginManager:220 - loadIPPluginJar : add hash
2025-02-19 23:10:31,114 [INFO] IPUIPlugin:80 - create IPUIPlugin
2025-02-19 23:10:31,114 [INFO] PluginManager:220 - loadIPPluginJar : add tim
2025-02-19 23:10:31,114 [INFO] IPUIPlugin:80 - create IPUIPlugin
2025-02-19 23:10:31,115 [INFO] PluginManager:220 - loadIPPluginJar : add tsc
2025-02-19 23:10:31,116 [INFO] IPUIPlugin:80 - create IPUIPlugin
2025-02-19 23:10:31,117 [INFO] PluginManager:220 - loadIPPluginJar : add extmemmanager
2025-02-19 23:10:31,118 [INFO] IPUIPlugin:80 - create IPUIPlugin
2025-02-19 23:10:31,118 [INFO] PluginManager:220 - loadIPPluginJar : add ts
2025-02-19 23:10:31,119 [INFO] IPUIPlugin:80 - create IPUIPlugin
2025-02-19 23:10:31,119 [INFO] PluginManager:220 - loadIPPluginJar : add radio
2025-02-19 23:10:31,120 [INFO] IPUIPlugin:80 - create IPUIPlugin
2025-02-19 23:10:31,120 [INFO] PluginManager:220 - loadIPPluginJar : add can
2025-02-19 23:10:31,121 [INFO] IPUIPlugin:80 - create IPUIPlugin
2025-02-19 23:10:31,121 [INFO] PluginManager:220 - loadIPPluginJar : add dma3
2025-02-19 23:10:31,121 [INFO] IPUIPlugin:80 - create IPUIPlugin
2025-02-19 23:10:31,121 [INFO] PluginManager:220 - loadIPPluginJar : add dfsdm
2025-02-19 23:10:31,122 [INFO] IPUIPlugin:80 - create IPUIPlugin
2025-02-19 23:10:31,122 [INFO] PluginManager:220 - loadIPPluginJar : add spi
2025-02-19 23:10:31,123 [INFO] IPUIPlugin:80 - create IPUIPlugin
2025-02-19 23:10:31,123 [INFO] PluginManager:220 - loadIPPluginJar : add gfxmmu
2025-02-19 23:10:31,124 [INFO] IPUIPlugin:80 - create IPUIPlugin
2025-02-19 23:10:31,124 [INFO] PluginManager:220 - loadIPPluginJar : add genericplugin
2025-02-19 23:10:31,125 [INFO] IPUIPlugin:80 - create IPUIPlugin
2025-02-19 23:10:31,125 [INFO] PluginManager:220 - loadIPPluginJar : add cryp
2025-02-19 23:10:31,127 [INFO] IPUIPlugin:80 - create IPUIPlugin
2025-02-19 23:10:31,127 [INFO] PluginManager:220 - loadIPPluginJar : add gpio
2025-02-19 23:10:31,129 [INFO] IPUIPlugin:80 - create IPUIPlugin
2025-02-19 23:10:31,129 [INFO] PluginManager:220 - loadIPPluginJar : add ddr_ctrl_phy
2025-02-19 23:10:31,131 [INFO] IPUIPlugin:80 - create IPUIPlugin
2025-02-19 23:10:31,132 [INFO] PluginManager:220 - loadIPPluginJar : add comp
2025-02-19 23:10:31,133 [INFO] IPUIPlugin:80 - create IPUIPlugin
2025-02-19 23:10:31,133 [INFO] PluginManager:220 - loadIPPluginJar : add tracer_emb
2025-02-19 23:10:31,134 [INFO] IPUIPlugin:80 - create IPUIPlugin
2025-02-19 23:10:31,134 [INFO] PluginManager:220 - loadIPPluginJar : add openamp
2025-02-19 23:10:31,137 [INFO] IPUIPlugin:80 - create IPUIPlugin
2025-02-19 23:10:31,137 [INFO] PluginManager:220 - loadIPPluginJar : add stm32_wpan
2025-02-19 23:10:31,140 [INFO] IPUIPlugin:80 - create IPUIPlugin
2025-02-19 23:10:31,142 [INFO] PluginManager:220 - loadIPPluginJar : add plateformsettings
2025-02-19 23:10:31,144 [INFO] IPUIPlugin:80 - create IPUIPlugin
2025-02-19 23:10:31,144 [INFO] PluginManager:220 - loadIPPluginJar : add ipddr
2025-02-19 23:10:31,145 [INFO] IPUIPlugin:80 - create IPUIPlugin
2025-02-19 23:10:31,145 [INFO] PluginManager:220 - loadIPPluginJar : add usart
2025-02-19 23:10:31,146 [INFO] IPUIPlugin:80 - create IPUIPlugin
2025-02-19 23:10:31,146 [INFO] PluginManager:220 - loadIPPluginJar : add ltdc
2025-02-19 23:10:31,147 [INFO] IPUIPlugin:80 - create IPUIPlugin
2025-02-19 23:10:31,147 [INFO] PluginManager:220 - loadIPPluginJar : add nvic
2025-02-19 23:10:31,148 [INFO] IPUIPlugin:80 - create IPUIPlugin
2025-02-19 23:10:31,148 [INFO] PluginManager:220 - loadIPPluginJar : add fatfs
2025-02-19 23:10:31,151 [INFO] IPUIPlugin:80 - create IPUIPlugin
2025-02-19 23:10:31,152 [INFO] PluginManager:220 - loadIPPluginJar : add linkedlist
2025-02-19 23:10:31,155 [INFO] IPUIPlugin:80 - create IPUIPlugin
2025-02-19 23:10:31,156 [INFO] PluginManager:220 - loadIPPluginJar : add dma
2025-02-19 23:10:31,158 [INFO] IPUIPlugin:80 - create IPUIPlugin
2025-02-19 23:10:31,158 [INFO] PluginManager:220 - loadIPPluginJar : add fmc
2025-02-19 23:10:31,159 [INFO] IPUIPlugin:80 - create IPUIPlugin
2025-02-19 23:10:31,160 [INFO] PluginManager:220 - loadIPPluginJar : add i2s
2025-02-19 23:10:31,160 [INFO] IPUIPlugin:80 - create IPUIPlugin
2025-02-19 23:10:31,161 [INFO] PluginManager:220 - loadIPPluginJar : add ucpd
2025-02-19 23:10:31,162 [INFO] IPUIPlugin:80 - create IPUIPlugin
2025-02-19 23:10:31,162 [INFO] PluginManager:220 - loadIPPluginJar : add lorawan
2025-02-19 23:10:31,165 [INFO] IPUIPlugin:80 - create IPUIPlugin
2025-02-19 23:10:31,166 [INFO] PluginManager:220 - loadIPPluginJar : add opamp
2025-02-19 23:10:31,167 [INFO] IPUIPlugin:80 - create IPUIPlugin
2025-02-19 23:10:31,168 [INFO] PluginManager:220 - loadIPPluginJar : add i3c
2025-02-19 23:10:31,169 [INFO] IPUIPlugin:80 - create IPUIPlugin
2025-02-19 23:10:31,170 [INFO] PluginManager:220 - loadIPPluginJar : add touchsensing
2025-02-19 23:10:31,171 [INFO] IPUIPlugin:80 - create IPUIPlugin
2025-02-19 23:10:31,171 [INFO] PluginManager:220 - loadIPPluginJar : add i2c
2025-02-19 23:10:31,173 [INFO] IPUIPlugin:80 - create IPUIPlugin
2025-02-19 23:10:31,173 [INFO] PluginManager:220 - loadIPPluginJar : add resmgrutility
2025-02-19 23:10:31,174 [INFO] IPUIPlugin:80 - create IPUIPlugin
2025-02-19 23:10:31,174 [INFO] PluginManager:220 - loadIPPluginJar : add sai
2025-02-19 23:10:31,176 [INFO] IPUIPlugin:80 - create IPUIPlugin
2025-02-19 23:10:31,176 [INFO] PluginManager:220 - loadIPPluginJar : add usbx
2025-02-19 23:10:31,283 [FATAL] Updater:351 - Updater called before beeing initialized
2025-02-19 23:10:31,326 [INFO] RulesReader:64 - Compatibility file has been processed (297 Rules)
2025-02-19 23:10:31,339 [INFO] RulesReader:64 - Compatibility file has been processed (297 Rules)
2025-02-19 23:10:31,348 [INFO] CADModel:165 - CPN selected for project level
2025-02-19 23:10:31,349 [INFO] CADModel:114 - Register for checkConnection events
2025-02-19 23:10:31,349 [FATAL] Updater:351 - Updater called before beeing initialized
2025-02-19 23:10:31,349 [ERROR] CADModel:125 - Updater not yet initialized, retry later 
2025-02-19 23:10:31,551 [FATAL] Updater:351 - Updater called before beeing initialized
2025-02-19 23:10:31,553 [INFO] CADModel:165 - CPN selected for project level
2025-02-19 23:10:31,553 [INFO] CADModel:114 - Register for checkConnection events
2025-02-19 23:10:31,553 [FATAL] Updater:351 - Updater called before beeing initialized
2025-02-19 23:10:31,553 [ERROR] CADModel:125 - Updater not yet initialized, retry later 
2025-02-19 23:10:31,556 [FATAL] Updater:351 - Updater called before beeing initialized
2025-02-19 23:10:31,664 [FATAL] Updater:351 - Updater called before beeing initialized
2025-02-19 23:10:31,668 [INFO] DbMcusAds:53 - JSON generation date=Thu Sep 30 12:25:09 IST 2021 (1632984909247)
2025-02-19 23:10:31,668 [FATAL] Updater:351 - Updater called before beeing initialized
2025-02-19 23:10:31,715 [WARN] DetailPanel:346 - Failed to get advertising image, set to default
2025-02-19 23:10:31,874 [FATAL] Updater:351 - Updater called before beeing initialized
2025-02-19 23:10:31,876 [FATAL] Updater:351 - Updater called before beeing initialized
2025-02-19 23:10:31,877 [FATAL] Updater:351 - Updater called before beeing initialized
2025-02-19 23:10:31,877 [WARN] DetailPanel:346 - Failed to get advertising image, set to default
2025-02-19 23:10:31,878 [FATAL] Updater:351 - Updater called before beeing initialized
2025-02-19 23:10:31,929 [ERROR] Updater:1198 - MainUpdater not yet initialized. External WinMGr cannot be set.
2025-02-19 23:10:31,938 [INFO] Updater:1134 - Updater Version found : 6.13.0
2025-02-19 23:10:31,950 [INFO] ApplicationProperties:184 - Using Application install path: /Applications/STM32CubeIDE.app/Contents/Eclipse/plugins/com.st.stm32cube.common.mx_6.13.0.202411220809
2025-02-19 23:10:32,172 [INFO] MainUpdater:2872 - connection check result : 10
2025-02-19 23:10:32,173 [INFO] MainUpdater:289 - Updater Check For Update Now.
2025-02-19 23:10:32,173 [INFO] MicroXplorer:498 - Change Database Version : DB.6.0.130
2025-02-19 23:10:32,178 [INFO] McuFinderGlobals:63 - Set McuFinder mode to 2 (CubeIDE integrated)
2025-02-19 23:10:32,178 [INFO] UserAuth:171 - activating auth plugin
2025-02-19 23:10:32,187 [INFO] UserAuth:486 - Internet connection configuration mode: 1
2025-02-19 23:10:32,197 [INFO] JxBrowserEngine:152 - Initiate JxBrowser Engine with user profile folder
2025-02-19 23:10:32,386 [INFO] CheckServerUpdateThread:120 - End of CheckServer Thread
2025-02-19 23:10:33,784 [WARN] PackLoader:240 - Cannot read IP mode file for STMicroelectronics.FP-SNS-MOTENVWB1.1.4.0
2025-02-19 23:10:33,800 [WARN] PackLoader:240 - Cannot read IP mode file for STMicroelectronics.FP-ATR-ASTRA1.2.0.1
2025-02-19 23:10:33,813 [WARN] PackLoader:240 - Cannot read IP mode file for STMicroelectronics.X-CUBE-SMBUS.2.1.0
2025-02-19 23:10:33,824 [WARN] PackLoader:240 - Cannot read IP mode file for STMicroelectronics.X-CUBE-WB05N.1.1.0
2025-02-19 23:10:33,856 [WARN] PackLoader:240 - Cannot read IP mode file for STMicroelectronics.X-CUBE-AZRTOS-F7.1.1.0
2025-02-19 23:10:33,871 [WARN] PackLoader:240 - Cannot read IP mode file for STMicroelectronics.FP-SNS-FLIGHT1.5.0.2
2025-02-19 23:10:33,919 [WARN] PackLoader:240 - Cannot read IP mode file for Infineon.AIROC-Wi-Fi-Bluetooth-STM32.1.7.0
2025-02-19 23:10:33,957 [WARN] PackLoader:240 - Cannot read IP mode file for STMicroelectronics.X-CUBE-DISPLAY.3.0.0
2025-02-19 23:10:33,977 [WARN] PackLoader:240 - Cannot read IP mode file for STMicroelectronics.X-CUBE-BLE1.7.0.0
2025-02-19 23:10:33,990 [WARN] PackLoader:240 - Cannot read IP mode file for STMicroelectronics.X-CUBE-NFC10.1.0.0
2025-02-19 23:10:34,009 [WARN] PackLoader:240 - Cannot read IP mode file for STMicroelectronics.X-CUBE-BLEMGR.4.0.0
2025-02-19 23:10:34,021 [WARN] PackLoader:240 - Cannot read IP mode file for emotas.I-CUBE-CANOPEN.1.3.0
2025-02-19 23:10:34,030 [WARN] PackLoader:240 - Cannot read IP mode file for STMicroelectronics.X-CUBE-AI.10.0.0
2025-02-19 23:10:34,041 [WARN] PackLoader:240 - Cannot read IP mode file for STMicroelectronics.FP-SNS-SMARTAG2.1.2.0
2025-02-19 23:10:34,160 [WARN] PackLoader:240 - Cannot read IP mode file for STMicroelectronics.X-CUBE-MEMS1.11.1.0
2025-02-19 23:10:34,267 [INFO] LogOutputStream:77 - [STDOUT_REDIRECT] 1 : Invalid condition id : UX_CORESTACK_Condition cause : null
2025-02-19 23:10:34,271 [INFO] LogOutputStream:77 - [STDOUT_REDIRECT] 1 : Invalid condition id : UX_CORESTACK_Condition cause : null
2025-02-19 23:10:34,271 [INFO] LogOutputStream:77 - [STDOUT_REDIRECT] 1 : Invalid condition id : UX_CORESTACK_Condition cause : null
2025-02-19 23:10:34,271 [INFO] LogOutputStream:77 - [STDOUT_REDIRECT] 1 : Invalid condition id : UX_CORESTACK_Condition cause : null
2025-02-19 23:10:34,272 [INFO] LogOutputStream:77 - [STDOUT_REDIRECT] 1 : Invalid condition id : UX_CORESTACK_Condition cause : null
2025-02-19 23:10:34,277 [WARN] PackLoader:240 - Cannot read IP mode file for STMicroelectronics.X-CUBE-AZRTOS-WL.2.0.0
2025-02-19 23:10:34,284 [WARN] PackLoader:240 - Cannot read IP mode file for STMicroelectronics.FP-SNS-MOTENV1.5.0.0
2025-02-19 23:10:34,292 [WARN] PackLoader:240 - Cannot read IP mode file for wolfSSL.I-CUBE-wolfMQTT.1.19.0
2025-02-19 23:10:34,301 [WARN] PackLoader:240 - Cannot read IP mode file for WES.I-CUBE-Cesium.1.3.0
2025-02-19 23:10:34,305 [WARN] PackLoader:240 - Cannot read IP mode file for STMicroelectronics.X-CUBE-BLE2.3.3.0
2025-02-19 23:10:34,311 [WARN] PackLoader:240 - Cannot read IP mode file for STMicroelectronics.X-CUBE-NFC9.1.0.0
2025-02-19 23:10:34,327 [WARN] PackLoader:240 - Cannot read IP mode file for STMicroelectronics.X-CUBE-AZRTOS-G0.1.1.0
2025-02-19 23:10:34,339 [WARN] PackLoader:240 - Cannot read IP mode file for STMicroelectronics.X-CUBE-SAFEA1.1.2.2
2025-02-19 23:10:34,347 [WARN] PackLoader:240 - Cannot read IP mode file for STMicroelectronics.X-CUBE-NFC4.3.0.0
2025-02-19 23:10:34,357 [WARN] PackLoader:240 - Cannot read IP mode file for EmbeddedOffice.I-CUBE-FS-RTOS.1.0.1
2025-02-19 23:10:34,365 [WARN] PackLoader:240 - Cannot read IP mode file for STMicroelectronics.X-CUBE-TCPP.4.2.0
2025-02-19 23:10:34,374 [WARN] PackLoader:240 - Cannot read IP mode file for RealThread.X-CUBE-RT-Thread_Nano.4.1.1
2025-02-19 23:10:34,377 [WARN] PackLoader:240 - Cannot read IP mode file for STMicroelectronics.FP-ATR-SIGFOX1.3.2.0
2025-02-19 23:10:34,385 [WARN] ConditionMgr:438 - getConditionDescription Invalid condition id : Cortex-A Device cause : null
2025-02-19 23:10:34,401 [WARN] ConditionMgr:1044 - genDependencies : Invalid condition id : Cortex-A Device cause : null
2025-02-19 23:10:34,401 [WARN] ConditionMgr:1044 - genDependencies : Invalid condition id : Cortex-A Device cause : null
2025-02-19 23:10:34,401 [WARN] ConditionMgr:1044 - genDependencies : Invalid condition id : Cortex-A Device cause : null
2025-02-19 23:10:34,406 [WARN] PackLoader:240 - Cannot read IP mode file for STMicroelectronics.X-CUBE-EEPRMA1.5.1.0
2025-02-19 23:10:34,413 [WARN] PackLoader:240 - Cannot read IP mode file for wolfSSL.I-CUBE-wolfSSL.5.7.4
2025-02-19 23:10:34,418 [WARN] PackLoader:240 - Cannot read IP mode file for ITTIA_DB.I-CUBE-ITTIADB.8.9.0
2025-02-19 23:10:34,475 [WARN] PackLoader:240 - Cannot read IP mode file for SEGGER.I-CUBE-embOS.1.3.1
2025-02-19 23:10:34,529 [WARN] PackLoader:240 - Cannot read IP mode file for STMicroelectronics.X-CUBE-ALGOBUILD.1.4.0
2025-02-19 23:10:34,532 [WARN] PackLoader:240 - Cannot read IP mode file for STMicroelectronics.X-CUBE-AI.9.1.0
2025-02-19 23:10:34,550 [WARN] PackLoader:240 - Cannot read IP mode file for STMicroelectronics.X-CUBE-AZRTOS-F4.1.1.0
2025-02-19 23:10:34,563 [WARN] PackLoader:240 - Cannot read IP mode file for STMicroelectronics.X-CUBE-ISPU.2.1.0
2025-02-19 23:10:34,579 [WARN] PackLoader:240 - Cannot read IP mode file for STMicroelectronics.X-CUBE-AZRTOS-L5.2.0.0
2025-02-19 23:10:34,593 [WARN] PackLoader:240 - Cannot read IP mode file for STMicroelectronics.X-CUBE-NFC6.3.1.0
2025-02-19 23:10:34,601 [WARN] PackLoader:240 - Cannot read IP mode file for STMicroelectronics.X-CUBE-DPower.1.2.0
2025-02-19 23:10:34,606 [WARN] PackLoader:240 - Cannot read IP mode file for STMicroelectronics.X-CUBE-FREERTOS.1.3.0
2025-02-19 23:10:34,611 [WARN] PackLoader:240 - Cannot read IP mode file for STMicroelectronics.X-CUBE-NFC7.1.0.1
2025-02-19 23:10:34,629 [WARN] ConditionMgr:438 - getConditionDescription Invalid condition id : LAN8742 Phy interface Condition cause : null
2025-02-19 23:10:34,630 [WARN] PackLoader:240 - Cannot read IP mode file for STMicroelectronics.X-CUBE-AZRTOS-L4.2.0.0
2025-02-19 23:10:34,632 [WARN] ConditionMgr:1044 - genDependencies : Invalid condition id : LAN8742 Phy interface Condition cause : null
2025-02-19 23:10:34,632 [WARN] ConditionMgr:1044 - genDependencies : Invalid condition id : LAN8742 Phy interface Condition cause : null
2025-02-19 23:10:34,633 [WARN] ConditionMgr:1044 - genDependencies : Invalid condition id : LAN8742 Phy interface Condition cause : null
2025-02-19 23:10:34,640 [WARN] PackLoader:240 - Cannot read IP mode file for STMicroelectronics.X-CUBE-SFXS2LP1.4.0.0
2025-02-19 23:10:34,664 [WARN] PackLoader:240 - Cannot read IP mode file for STMicroelectronics.X-CUBE-AZRTOS-H7.3.3.0
2025-02-19 23:10:34,677 [WARN] PackLoader:240 - Cannot read IP mode file for STMicroelectronics.X-CUBE-IPS.3.0.0
2025-02-19 23:10:34,700 [WARN] ConditionMgr:438 - getConditionDescription Invalid condition id : UX DEVICE CLASS RTOS Condition cause : null
2025-02-19 23:10:34,701 [WARN] ConditionMgr:438 - getConditionDescription Invalid condition id : UX DEVICE CLASS RTOS Condition cause : null
2025-02-19 23:10:34,703 [WARN] PackLoader:240 - Cannot read IP mode file for STMicroelectronics.X-CUBE-AZRTOS-WB.2.0.0
2025-02-19 23:10:34,704 [WARN] ConditionMgr:1044 - genDependencies : Invalid condition id : UX DEVICE CLASS RTOS Condition cause : null
2025-02-19 23:10:34,704 [WARN] ConditionMgr:1044 - genDependencies : Invalid condition id : UX DEVICE CLASS RTOS Condition cause : null
2025-02-19 23:10:34,705 [WARN] ConditionMgr:1044 - genDependencies : Invalid condition id : UX DEVICE CLASS RTOS Condition cause : null
2025-02-19 23:10:34,705 [WARN] ConditionMgr:1044 - genDependencies : Invalid condition id : UX DEVICE CLASS RTOS Condition cause : null
2025-02-19 23:10:34,705 [WARN] ConditionMgr:1044 - genDependencies : Invalid condition id : UX DEVICE CLASS RTOS Condition cause : null
2025-02-19 23:10:34,718 [WARN] PackLoader:240 - Cannot read IP mode file for STMicroelectronics.X-CUBE-GNSS1.7.0.1
2025-02-19 23:10:34,727 [WARN] PackLoader:240 - Cannot read IP mode file for STMicroelectronics.FP-SNS-STBOX1.2.0.0
2025-02-19 23:10:34,739 [WARN] PackLoader:240 - Cannot read IP mode file for STMicroelectronics.X-CUBE-SUBG2.5.0.0
2025-02-19 23:10:34,747 [WARN] PackLoader:240 - Cannot read IP mode file for Cesanta.I-CUBE-Mongoose.7.13.0
2025-02-19 23:10:34,762 [WARN] PackLoader:240 - Cannot read IP mode file for STMicroelectronics.X-CUBE-AZRTOS-G4.2.0.0
2025-02-19 23:10:34,777 [WARN] PackLoader:240 - Cannot read IP mode file for STMicroelectronics.X-CUBE-IPS.3.1.0
2025-02-19 23:10:34,785 [WARN] PackLoader:240 - Cannot read IP mode file for STMicroelectronics.X-CUBE-ALS.1.0.2
2025-02-19 23:10:34,791 [WARN] PackLoader:240 - Cannot read IP mode file for STMicroelectronics.X-CUBE-TOUCHGFX.4.24.2
2025-02-19 23:10:34,793 [WARN] PackLoader:240 - Cannot read IP mode file for STMicroelectronics.X-CUBE-TOUCHGFX.4.24.1
2025-02-19 23:10:34,796 [WARN] PackLoader:240 - Cannot read IP mode file for wolfSSL.I-CUBE-wolfTPM.3.4.0
2025-02-19 23:10:34,800 [WARN] PackLoader:240 - Cannot read IP mode file for portGmbH.I-Cube-SoM-uGOAL.1.1.0
2025-02-19 23:10:34,814 [WARN] PackLoader:240 - Cannot read IP mode file for STMicroelectronics.X-CUBE-AZRTOS-H7RS.1.0.0
2025-02-19 23:10:34,831 [WARN] PackLoader:240 - Cannot read IP mode file for STMicroelectronics.X-CUBE-TOF1.3.4.2
2025-02-19 23:10:34,838 [WARN] PackLoader:240 - Cannot read IP mode file for wolfSSL.I-CUBE-wolfSSH.1.4.17
2025-02-19 23:10:34,839 [INFO] ThirdParty:978 - Integrity check success = true
2025-02-19 23:10:34,839 [INFO] IntegrityCheckThread:100 - exiting critical section [integrity check]
2025-02-19 23:10:34,839 [INFO] IntegrityCheckThread:103 - End integrity checks thread
2025-02-19 23:10:36,093 [INFO] WebApp:168 - Instantiating new browser for Auth
2025-02-19 23:10:37,386 [INFO] WebApp:449 - Apply proxy settings
2025-02-19 23:10:37,436 [INFO] WebApp:494 - Chromium authenticates against Manually configured proxy
2025-02-19 23:10:37,461 [INFO] WebApp:502 - Username used for proxy authentication: 
2025-02-19 23:10:37,522 [INFO] WebApp:880 - Register for checkConnection events
2025-02-19 23:10:37,522 [INFO] WebApp:449 - Apply proxy settings
2025-02-19 23:10:37,530 [INFO] WebApp:494 - Chromium authenticates against Manually configured proxy
2025-02-19 23:10:37,531 [INFO] WebApp:502 - Username used for proxy authentication: 
2025-02-19 23:10:37,682 [INFO] WebApp:221 - Starting web application
2025-02-19 23:10:37,682 [INFO] WebApp:579 - Web application path used /Applications/STM32CubeIDE.app/Contents/Eclipse/plugins/com.st.stm32cube.common.mx_6.13.0.202411220809/db/plugins/mcufinder/reactClient1/index.html
2025-02-19 23:10:38,227 [INFO] WebApp:187 - Connection restablished
