2025-02-19 23:28:47,313 [INFO] Activator:176 - 


2025-02-19 23:28:47,316 [INFO] Activator:177 - !SESSION log4j initialized
2025-02-19 23:28:48,562 [ERROR] LogOutputStream:75 - [STDERR_REDIRECT] 
2025-02-19 23:28:50,170 [INFO] LogOutputStream:77 - [STDOUT_REDIRECT] 
2025-02-19 23:28:51,577 [INFO] ApplicationProperties:184 - Using Application install path: /Applications/STM32CubeIDE.app/Contents/Eclipse/plugins/com.st.stm32cube.common.mx_6.13.0.202411220809
2025-02-19 23:28:51,586 [INFO] DbMcusXml:78 - Set database path to: /Applications/STM32CubeIDE.app/Contents/Eclipse/plugins/com.st.stm32cube.common.mx_6.13.0.202411220809//db//mcu/
2025-02-19 23:28:51,586 [INFO] ApiDb:274 - Set plugin database path to: /Applications/STM32CubeIDE.app/Contents/Eclipse/plugins/com.st.stm32cube.common.mx_6.13.0.202411220809//db//plugins/boardmanager/
2025-02-19 23:28:51,586 [WARN] ApiDb:259 - Overriding images path with different value:  => /Applications/STM32CubeIDE.app/Contents/Eclipse/plugins/com.st.stm32cube.common.mx_6.13.0.202411220809//db//plugins/mcufinder/images/
2025-02-19 23:28:51,591 [INFO] ApiDb:250 - Set database path to: /Users/parimeydpatil/.stmcufinder/plugins/mcufinder//mcu/
2025-02-19 23:28:51,591 [INFO] DbMcusAds:125 - Set database path to: /Users/parimeydpatil/.stmcufinder/plugins/mcufinder//mcu/
2025-02-19 23:28:51,592 [INFO] CrossReferenceDbSqlite:203 - Set database path to: /Users/parimeydpatil/.stmcufinder/plugins/mcufinder//mcu/cs/
2025-02-19 23:28:51,773 [INFO] RulesReader:64 - Compatibility file has been processed (297 Rules)
2025-02-19 23:28:51,836 [INFO] DbMcusXml:78 - Set database path to: /Applications/STM32CubeIDE.app/Contents/Eclipse/plugins/com.st.stm32cube.common.mx_6.13.0.202411220809//db//mcu/
2025-02-19 23:28:51,836 [INFO] ApiDb:274 - Set plugin database path to: /Applications/STM32CubeIDE.app/Contents/Eclipse/plugins/com.st.stm32cube.common.mx_6.13.0.202411220809//db//plugins/boardmanager/
2025-02-19 23:28:51,836 [INFO] ApiDb:261 - Set plugin images path to: /Applications/STM32CubeIDE.app/Contents/Eclipse/plugins/com.st.stm32cube.common.mx_6.13.0.202411220809//db//plugins/mcufinder/images/
2025-02-19 23:28:51,837 [WARN] DbFile:41 - Overriding database path with different value: /Users/parimeydpatil/.stmcufinder/plugins/mcufinder/ => /Users/parimeydpatil/.stmcufinder/plugins/mcufinder
2025-02-19 23:28:51,837 [INFO] ApiDb:250 - Set database path to: /Users/parimeydpatil/.stmcufinder/plugins/mcufinder//mcu/
2025-02-19 23:28:51,837 [WARN] DbFile:41 - Overriding database path with different value: /Users/parimeydpatil/.stmcufinder/plugins/mcufinder/ => /Users/parimeydpatil/.stmcufinder/plugins/mcufinder
2025-02-19 23:28:51,837 [INFO] DbMcusAds:125 - Set database path to: /Users/parimeydpatil/.stmcufinder/plugins/mcufinder//mcu/
2025-02-19 23:28:51,837 [WARN] DbFile:41 - Overriding database path with different value: /Users/parimeydpatil/.stmcufinder/plugins/mcufinder/ => /Users/parimeydpatil/.stmcufinder/plugins/mcufinder
2025-02-19 23:28:51,837 [WARN] DbFile:41 - Overriding database path with different value: /Users/parimeydpatil/.stmcufinder/plugins/mcufinder/ => /Users/parimeydpatil/.stmcufinder/plugins/mcufinder
2025-02-19 23:28:51,837 [INFO] CrossReferenceDbSqlite:203 - Set database path to: /Users/parimeydpatil/.stmcufinder/plugins/mcufinder//mcu/cs/
2025-02-19 23:28:51,885 [ERROR] LogOutputStream:75 - [STDERR_REDIRECT] [Fatal Error] :2:10: DOCTYPE is disallowed when the feature "http://apache.org/xml/features/disallow-doctype-decl" set to true.
2025-02-19 23:28:51,904 [ERROR] LogOutputStream:75 - [STDERR_REDIRECT] 
2025-02-19 23:28:51,921 [INFO] MainPanel:272 - HeapMemory: 346030080
2025-02-19 23:28:52,180 [INFO] DbMcusXml:78 - Set database path to: /Applications/STM32CubeIDE.app/Contents/Eclipse/plugins/com.st.stm32cube.common.mx_6.13.0.202411220809//db//mcu/
2025-02-19 23:28:52,180 [INFO] ApiDb:274 - Set plugin database path to: /Applications/STM32CubeIDE.app/Contents/Eclipse/plugins/com.st.stm32cube.common.mx_6.13.0.202411220809//db//plugins/boardmanager/
2025-02-19 23:28:52,180 [INFO] ApiDb:261 - Set plugin images path to: /Applications/STM32CubeIDE.app/Contents/Eclipse/plugins/com.st.stm32cube.common.mx_6.13.0.202411220809//db//plugins/mcufinder/images/
2025-02-19 23:28:52,180 [WARN] DbFile:41 - Overriding database path with different value: /Users/parimeydpatil/.stmcufinder/plugins/mcufinder/ => /Users/parimeydpatil/.stmcufinder/plugins/mcufinder
2025-02-19 23:28:52,180 [INFO] ApiDb:250 - Set database path to: /Users/parimeydpatil/.stmcufinder/plugins/mcufinder//mcu/
2025-02-19 23:28:52,180 [WARN] DbFile:41 - Overriding database path with different value: /Users/parimeydpatil/.stmcufinder/plugins/mcufinder/ => /Users/parimeydpatil/.stmcufinder/plugins/mcufinder
2025-02-19 23:28:52,180 [INFO] DbMcusAds:125 - Set database path to: /Users/parimeydpatil/.stmcufinder/plugins/mcufinder//mcu/
2025-02-19 23:28:52,180 [WARN] DbFile:41 - Overriding database path with different value: /Users/parimeydpatil/.stmcufinder/plugins/mcufinder/ => /Users/parimeydpatil/.stmcufinder/plugins/mcufinder
2025-02-19 23:28:52,180 [WARN] DbFile:41 - Overriding database path with different value: /Users/parimeydpatil/.stmcufinder/plugins/mcufinder/ => /Users/parimeydpatil/.stmcufinder/plugins/mcufinder
2025-02-19 23:28:52,180 [INFO] CrossReferenceDbSqlite:203 - Set database path to: /Users/parimeydpatil/.stmcufinder/plugins/mcufinder//mcu/cs/
2025-02-19 23:28:52,194 [INFO] ApplicationProperties:184 - Using Application install path: /Applications/STM32CubeIDE.app/Contents/Eclipse/plugins/com.st.stm32cube.common.mx_6.13.0.202411220809
2025-02-19 23:28:52,195 [INFO] PluginManage:196 - Search for loadable plugins [exclusion list=, ]
2025-02-19 23:28:52,196 [INFO] PluginManage:310 - Check plugin analytics
2025-02-19 23:28:52,356 [INFO] AnalyticsPlugin:253 - Accepted Software Licenses: 
2025-02-19 23:28:52,357 [INFO] AnalyticsPlugin:255 - Accepted CMSIS Pack Licenses: 
2025-02-19 23:28:52,357 [INFO] AnalyticsPlugin:257 - Accepted Firmware Licenses: 
2025-02-19 23:28:52,364 [INFO] PluginManage:359 - Loaded plugin analytics (category:tool,tabindex:-1)
2025-02-19 23:28:52,366 [INFO] PluginManage:310 - Check plugin cadmodel
2025-02-19 23:28:52,374 [INFO] CADModel:105 - Init CAD model plugin
2025-02-19 23:28:52,374 [INFO] PluginManage:359 - Loaded plugin cadmodel (category:power,tabindex:5)
2025-02-19 23:28:52,374 [INFO] PluginManage:310 - Check plugin clock
2025-02-19 23:28:52,382 [INFO] PluginManage:359 - Loaded plugin clock (category:base,tabindex:2)
2025-02-19 23:28:52,382 [INFO] PluginManage:310 - Check plugin ddr
2025-02-19 23:28:52,385 [INFO] PluginManage:359 - Loaded plugin ddr (category:tool,tabindex:6)
2025-02-19 23:28:52,385 [INFO] PluginManage:310 - Check plugin filemanager
2025-02-19 23:28:52,504 [INFO] PluginManage:359 - Loaded plugin filemanager (category:base,tabindex:10)
2025-02-19 23:28:52,504 [INFO] PluginManage:310 - Check plugin ipmanager
2025-02-19 23:28:52,510 [INFO] PluginManage:359 - Loaded plugin ipmanager (category:base,tabindex:5)
2025-02-19 23:28:52,510 [INFO] PluginManage:310 - Check plugin lpbam
2025-02-19 23:28:52,739 [INFO] PluginManage:359 - Loaded plugin lpbam (category:base,tabindex:0)
2025-02-19 23:28:52,743 [INFO] PluginManage:310 - Check plugin memorymap
2025-02-19 23:28:52,798 [INFO] PluginManage:359 - Loaded plugin memorymap (category:base,tabindex:4)
2025-02-19 23:28:52,799 [INFO] PluginManage:310 - Check plugin pinoutandconfiguration
2025-02-19 23:28:52,808 [INFO] PluginManage:359 - Loaded plugin pinoutandconfiguration (category:base,tabindex:1)
2025-02-19 23:28:52,808 [INFO] PluginManage:310 - Check plugin pinoutconfig
2025-02-19 23:28:52,926 [WARN] SupportedApi:132 - Cannot load RTOS API schema: s4s-elt-must-match.1: The content of 'definitions' must match (annotation?, (simpleType | complexType)?, (unique | key | keyref)*)). A problem was found starting at: attribute.
2025-02-19 23:28:53,076 [INFO] PluginManage:359 - Loaded plugin pinoutconfig (category:base,tabindex:0)
2025-02-19 23:28:53,077 [INFO] PluginManage:310 - Check plugin power
2025-02-19 23:28:53,084 [INFO] PluginManage:359 - Loaded plugin power (category:power,tabindex:4)
2025-02-19 23:28:53,084 [INFO] PluginManage:310 - Check plugin projectmanager
2025-02-19 23:28:53,113 [INFO] PluginManage:359 - Loaded plugin projectmanager (category:projectmanager,tabindex:4)
2025-02-19 23:28:53,114 [INFO] PluginManage:310 - Check plugin rif
2025-02-19 23:28:53,117 [INFO] PluginManage:359 - Loaded plugin rif (category:base,tabindex:3)
2025-02-19 23:28:53,117 [INFO] PluginManage:310 - Check plugin thirdparty
2025-02-19 23:28:53,228 [INFO] PluginManage:359 - Loaded plugin thirdparty (category:base,tabindex:-1)
2025-02-19 23:28:53,229 [INFO] PluginManage:310 - Check plugin tools
2025-02-19 23:28:53,232 [INFO] PluginManage:359 - Loaded plugin tools (category:base,tabindex:7)
2025-02-19 23:28:53,228 [WARN] IntegrityCheckThread:84 - waiting for thirdparty lock release [integrity check]
2025-02-19 23:28:53,233 [INFO] PluginManage:310 - Check plugin tutovideos
2025-02-19 23:28:53,233 [INFO] IntegrityCheckThread:86 - entering critical section [integrity check]
2025-02-19 23:28:53,234 [INFO] ThirdPartyUpdaterWithRetryManager:70 - Updater plugin not ready yet. [1/15]
2025-02-19 23:28:53,367 [INFO] PluginManage:359 - Loaded plugin tutovideos (category:base,tabindex:-1)
2025-02-19 23:28:53,367 [INFO] PluginManage:310 - Check plugin updater
2025-02-19 23:28:53,388 [INFO] PluginManage:359 - Loaded plugin updater (category:base,tabindex:12)
2025-02-19 23:28:53,388 [INFO] PluginManage:310 - Check plugin userauth
2025-02-19 23:28:53,391 [INFO] UserAuth:118 - Init User Auth plugin
2025-02-19 23:28:53,392 [INFO] PluginManage:359 - Loaded plugin userauth (category:base,tabindex:14)
2025-02-19 23:28:53,393 [INFO] PluginManage:283 - PluginManage : Loaded plugins [18]
2025-02-19 23:28:53,579 [INFO] PinOutPanel:1589 - setPackage(No Configuration,No Configuration)
2025-02-19 23:28:53,627 [INFO] CADModel:165 - CPN selected for project level
2025-02-19 23:28:53,628 [INFO] CADModel:114 - Register for checkConnection events
2025-02-19 23:28:53,635 [INFO] IPUIPlugin:80 - create IPUIPlugin
2025-02-19 23:28:53,635 [INFO] PluginManager:220 - loadIPPluginJar : add mdma
2025-02-19 23:28:53,639 [INFO] IPUIPlugin:80 - create IPUIPlugin
2025-02-19 23:28:53,639 [INFO] PluginManager:220 - loadIPPluginJar : add freertos
2025-02-19 23:28:53,641 [INFO] IPUIPlugin:80 - create IPUIPlugin
2025-02-19 23:28:53,641 [INFO] PluginManager:220 - loadIPPluginJar : add gic
2025-02-19 23:28:53,645 [INFO] IPUIPlugin:80 - create IPUIPlugin
2025-02-19 23:28:53,645 [INFO] PluginManager:220 - loadIPPluginJar : add adc
2025-02-19 23:28:53,646 [INFO] IPUIPlugin:80 - create IPUIPlugin
2025-02-19 23:28:53,646 [INFO] PluginManager:220 - loadIPPluginJar : add gtzc
2025-02-19 23:28:53,647 [INFO] IPUIPlugin:80 - create IPUIPlugin
2025-02-19 23:28:53,647 [INFO] PluginManager:220 - loadIPPluginJar : add quadspi
2025-02-19 23:28:53,648 [INFO] IPUIPlugin:80 - create IPUIPlugin
2025-02-19 23:28:53,648 [INFO] PluginManager:220 - loadIPPluginJar : add aes
2025-02-19 23:28:53,649 [INFO] IPUIPlugin:80 - create IPUIPlugin
2025-02-19 23:28:53,649 [INFO] PluginManager:220 - loadIPPluginJar : add pdm2pcm
2025-02-19 23:28:53,650 [INFO] IPUIPlugin:80 - create IPUIPlugin
2025-02-19 23:28:53,650 [INFO] PluginManager:220 - loadIPPluginJar : add hash
2025-02-19 23:28:53,651 [INFO] IPUIPlugin:80 - create IPUIPlugin
2025-02-19 23:28:53,651 [INFO] PluginManager:220 - loadIPPluginJar : add tim
2025-02-19 23:28:53,652 [INFO] IPUIPlugin:80 - create IPUIPlugin
2025-02-19 23:28:53,652 [INFO] PluginManager:220 - loadIPPluginJar : add tsc
2025-02-19 23:28:53,653 [INFO] IPUIPlugin:80 - create IPUIPlugin
2025-02-19 23:28:53,653 [INFO] PluginManager:220 - loadIPPluginJar : add extmemmanager
2025-02-19 23:28:53,654 [INFO] IPUIPlugin:80 - create IPUIPlugin
2025-02-19 23:28:53,654 [INFO] PluginManager:220 - loadIPPluginJar : add ts
2025-02-19 23:28:53,656 [INFO] IPUIPlugin:80 - create IPUIPlugin
2025-02-19 23:28:53,656 [INFO] PluginManager:220 - loadIPPluginJar : add radio
2025-02-19 23:28:53,657 [INFO] IPUIPlugin:80 - create IPUIPlugin
2025-02-19 23:28:53,657 [INFO] PluginManager:220 - loadIPPluginJar : add can
2025-02-19 23:28:53,658 [INFO] IPUIPlugin:80 - create IPUIPlugin
2025-02-19 23:28:53,658 [INFO] PluginManager:220 - loadIPPluginJar : add dma3
2025-02-19 23:28:53,658 [INFO] IPUIPlugin:80 - create IPUIPlugin
2025-02-19 23:28:53,658 [INFO] PluginManager:220 - loadIPPluginJar : add dfsdm
2025-02-19 23:28:53,659 [INFO] IPUIPlugin:80 - create IPUIPlugin
2025-02-19 23:28:53,659 [INFO] PluginManager:220 - loadIPPluginJar : add spi
2025-02-19 23:28:53,660 [INFO] IPUIPlugin:80 - create IPUIPlugin
2025-02-19 23:28:53,660 [INFO] PluginManager:220 - loadIPPluginJar : add gfxmmu
2025-02-19 23:28:53,660 [INFO] IPUIPlugin:80 - create IPUIPlugin
2025-02-19 23:28:53,661 [INFO] PluginManager:220 - loadIPPluginJar : add genericplugin
2025-02-19 23:28:53,662 [INFO] IPUIPlugin:80 - create IPUIPlugin
2025-02-19 23:28:53,662 [INFO] PluginManager:220 - loadIPPluginJar : add cryp
2025-02-19 23:28:53,664 [INFO] IPUIPlugin:80 - create IPUIPlugin
2025-02-19 23:28:53,664 [INFO] PluginManager:220 - loadIPPluginJar : add gpio
2025-02-19 23:28:53,665 [INFO] IPUIPlugin:80 - create IPUIPlugin
2025-02-19 23:28:53,665 [INFO] PluginManager:220 - loadIPPluginJar : add ddr_ctrl_phy
2025-02-19 23:28:53,666 [INFO] IPUIPlugin:80 - create IPUIPlugin
2025-02-19 23:28:53,666 [INFO] PluginManager:220 - loadIPPluginJar : add comp
2025-02-19 23:28:53,668 [INFO] IPUIPlugin:80 - create IPUIPlugin
2025-02-19 23:28:53,668 [INFO] PluginManager:220 - loadIPPluginJar : add tracer_emb
2025-02-19 23:28:53,669 [INFO] IPUIPlugin:80 - create IPUIPlugin
2025-02-19 23:28:53,670 [INFO] PluginManager:220 - loadIPPluginJar : add openamp
2025-02-19 23:28:53,672 [INFO] IPUIPlugin:80 - create IPUIPlugin
2025-02-19 23:28:53,672 [INFO] PluginManager:220 - loadIPPluginJar : add stm32_wpan
2025-02-19 23:28:53,674 [INFO] IPUIPlugin:80 - create IPUIPlugin
2025-02-19 23:28:53,676 [INFO] PluginManager:220 - loadIPPluginJar : add plateformsettings
2025-02-19 23:28:53,677 [INFO] IPUIPlugin:80 - create IPUIPlugin
2025-02-19 23:28:53,677 [INFO] PluginManager:220 - loadIPPluginJar : add ipddr
2025-02-19 23:28:53,678 [INFO] IPUIPlugin:80 - create IPUIPlugin
2025-02-19 23:28:53,678 [INFO] PluginManager:220 - loadIPPluginJar : add usart
2025-02-19 23:28:53,678 [INFO] IPUIPlugin:80 - create IPUIPlugin
2025-02-19 23:28:53,678 [INFO] PluginManager:220 - loadIPPluginJar : add ltdc
2025-02-19 23:28:53,679 [INFO] IPUIPlugin:80 - create IPUIPlugin
2025-02-19 23:28:53,679 [INFO] PluginManager:220 - loadIPPluginJar : add nvic
2025-02-19 23:28:53,680 [INFO] IPUIPlugin:80 - create IPUIPlugin
2025-02-19 23:28:53,680 [INFO] PluginManager:220 - loadIPPluginJar : add fatfs
2025-02-19 23:28:53,684 [INFO] IPUIPlugin:80 - create IPUIPlugin
2025-02-19 23:28:53,684 [INFO] PluginManager:220 - loadIPPluginJar : add linkedlist
2025-02-19 23:28:53,687 [INFO] IPUIPlugin:80 - create IPUIPlugin
2025-02-19 23:28:53,687 [INFO] PluginManager:220 - loadIPPluginJar : add dma
2025-02-19 23:28:53,689 [INFO] IPUIPlugin:80 - create IPUIPlugin
2025-02-19 23:28:53,689 [INFO] PluginManager:220 - loadIPPluginJar : add fmc
2025-02-19 23:28:53,690 [INFO] IPUIPlugin:80 - create IPUIPlugin
2025-02-19 23:28:53,690 [INFO] PluginManager:220 - loadIPPluginJar : add i2s
2025-02-19 23:28:53,691 [INFO] IPUIPlugin:80 - create IPUIPlugin
2025-02-19 23:28:53,691 [INFO] PluginManager:220 - loadIPPluginJar : add ucpd
2025-02-19 23:28:53,693 [INFO] IPUIPlugin:80 - create IPUIPlugin
2025-02-19 23:28:53,693 [INFO] PluginManager:220 - loadIPPluginJar : add lorawan
2025-02-19 23:28:53,695 [INFO] IPUIPlugin:80 - create IPUIPlugin
2025-02-19 23:28:53,696 [INFO] PluginManager:220 - loadIPPluginJar : add opamp
2025-02-19 23:28:53,698 [INFO] IPUIPlugin:80 - create IPUIPlugin
2025-02-19 23:28:53,698 [INFO] PluginManager:220 - loadIPPluginJar : add i3c
2025-02-19 23:28:53,699 [INFO] IPUIPlugin:80 - create IPUIPlugin
2025-02-19 23:28:53,699 [INFO] PluginManager:220 - loadIPPluginJar : add touchsensing
2025-02-19 23:28:53,701 [INFO] IPUIPlugin:80 - create IPUIPlugin
2025-02-19 23:28:53,701 [INFO] PluginManager:220 - loadIPPluginJar : add i2c
2025-02-19 23:28:53,702 [INFO] IPUIPlugin:80 - create IPUIPlugin
2025-02-19 23:28:53,702 [INFO] PluginManager:220 - loadIPPluginJar : add resmgrutility
2025-02-19 23:28:53,703 [INFO] IPUIPlugin:80 - create IPUIPlugin
2025-02-19 23:28:53,703 [INFO] PluginManager:220 - loadIPPluginJar : add sai
2025-02-19 23:28:53,704 [INFO] IPUIPlugin:80 - create IPUIPlugin
2025-02-19 23:28:53,704 [INFO] PluginManager:220 - loadIPPluginJar : add usbx
2025-02-19 23:28:53,813 [FATAL] Updater:351 - Updater called before beeing initialized
2025-02-19 23:28:53,867 [INFO] RulesReader:64 - Compatibility file has been processed (297 Rules)
2025-02-19 23:28:53,885 [INFO] RulesReader:64 - Compatibility file has been processed (297 Rules)
2025-02-19 23:28:53,894 [INFO] CADModel:165 - CPN selected for project level
2025-02-19 23:28:53,894 [INFO] CADModel:114 - Register for checkConnection events
2025-02-19 23:28:53,894 [FATAL] Updater:351 - Updater called before beeing initialized
2025-02-19 23:28:53,894 [ERROR] CADModel:125 - Updater not yet initialized, retry later 
2025-02-19 23:28:54,082 [FATAL] Updater:351 - Updater called before beeing initialized
2025-02-19 23:28:54,084 [INFO] CADModel:165 - CPN selected for project level
2025-02-19 23:28:54,084 [INFO] CADModel:114 - Register for checkConnection events
2025-02-19 23:28:54,084 [FATAL] Updater:351 - Updater called before beeing initialized
2025-02-19 23:28:54,084 [ERROR] CADModel:125 - Updater not yet initialized, retry later 
2025-02-19 23:28:54,086 [FATAL] Updater:351 - Updater called before beeing initialized
2025-02-19 23:28:54,188 [FATAL] Updater:351 - Updater called before beeing initialized
2025-02-19 23:28:54,192 [INFO] DbMcusAds:53 - JSON generation date=Thu Sep 30 12:25:09 IST 2021 (1632984909247)
2025-02-19 23:28:54,192 [FATAL] Updater:351 - Updater called before beeing initialized
2025-02-19 23:28:54,234 [WARN] DetailPanel:346 - Failed to get advertising image, set to default
2025-02-19 23:28:54,383 [FATAL] Updater:351 - Updater called before beeing initialized
2025-02-19 23:28:54,385 [FATAL] Updater:351 - Updater called before beeing initialized
2025-02-19 23:28:54,385 [FATAL] Updater:351 - Updater called before beeing initialized
2025-02-19 23:28:54,385 [WARN] DetailPanel:346 - Failed to get advertising image, set to default
2025-02-19 23:28:54,386 [FATAL] Updater:351 - Updater called before beeing initialized
2025-02-19 23:28:54,447 [ERROR] Updater:1198 - MainUpdater not yet initialized. External WinMGr cannot be set.
2025-02-19 23:28:54,455 [INFO] Updater:1134 - Updater Version found : 6.13.0
2025-02-19 23:28:54,466 [INFO] ApplicationProperties:184 - Using Application install path: /Applications/STM32CubeIDE.app/Contents/Eclipse/plugins/com.st.stm32cube.common.mx_6.13.0.202411220809
2025-02-19 23:28:54,715 [INFO] MainUpdater:2872 - connection check result : 10
2025-02-19 23:28:54,716 [INFO] MainUpdater:289 - Updater Check For Update Now.
2025-02-19 23:28:54,716 [INFO] MicroXplorer:498 - Change Database Version : DB.6.0.130
2025-02-19 23:28:54,719 [INFO] McuFinderGlobals:63 - Set McuFinder mode to 2 (CubeIDE integrated)
2025-02-19 23:28:54,719 [INFO] UserAuth:171 - activating auth plugin
2025-02-19 23:28:54,734 [INFO] UserAuth:486 - Internet connection configuration mode: 1
2025-02-19 23:28:54,747 [INFO] JxBrowserEngine:152 - Initiate JxBrowser Engine with user profile folder
2025-02-19 23:28:54,964 [INFO] CheckServerUpdateThread:120 - End of CheckServer Thread
2025-02-19 23:28:56,369 [WARN] PackLoader:240 - Cannot read IP mode file for STMicroelectronics.FP-SNS-MOTENVWB1.1.4.0
2025-02-19 23:28:56,386 [WARN] PackLoader:240 - Cannot read IP mode file for STMicroelectronics.FP-ATR-ASTRA1.2.0.1
2025-02-19 23:28:56,394 [WARN] PackLoader:240 - Cannot read IP mode file for STMicroelectronics.X-CUBE-SMBUS.2.1.0
2025-02-19 23:28:56,423 [WARN] PackLoader:240 - Cannot read IP mode file for STMicroelectronics.X-CUBE-WB05N.1.1.0
2025-02-19 23:28:56,472 [WARN] PackLoader:240 - Cannot read IP mode file for STMicroelectronics.X-CUBE-AZRTOS-F7.1.1.0
2025-02-19 23:28:56,493 [WARN] PackLoader:240 - Cannot read IP mode file for STMicroelectronics.FP-SNS-FLIGHT1.5.0.2
2025-02-19 23:28:56,532 [WARN] PackLoader:240 - Cannot read IP mode file for Infineon.AIROC-Wi-Fi-Bluetooth-STM32.1.7.0
2025-02-19 23:28:56,570 [WARN] PackLoader:240 - Cannot read IP mode file for STMicroelectronics.X-CUBE-DISPLAY.3.0.0
2025-02-19 23:28:56,596 [WARN] PackLoader:240 - Cannot read IP mode file for STMicroelectronics.X-CUBE-BLE1.7.0.0
2025-02-19 23:28:56,610 [WARN] PackLoader:240 - Cannot read IP mode file for STMicroelectronics.X-CUBE-NFC10.1.0.0
2025-02-19 23:28:56,634 [WARN] PackLoader:240 - Cannot read IP mode file for STMicroelectronics.X-CUBE-BLEMGR.4.0.0
2025-02-19 23:28:56,657 [WARN] PackLoader:240 - Cannot read IP mode file for emotas.I-CUBE-CANOPEN.1.3.0
2025-02-19 23:28:56,667 [WARN] PackLoader:240 - Cannot read IP mode file for STMicroelectronics.X-CUBE-AI.10.0.0
2025-02-19 23:28:56,673 [WARN] PackLoader:240 - Cannot read IP mode file for STMicroelectronics.FP-SNS-SMARTAG2.1.2.0
2025-02-19 23:28:56,752 [WARN] PackLoader:240 - Cannot read IP mode file for STMicroelectronics.X-CUBE-MEMS1.11.1.0
2025-02-19 23:28:56,841 [INFO] LogOutputStream:77 - [STDOUT_REDIRECT] 1 : Invalid condition id : UX_CORESTACK_Condition cause : null
2025-02-19 23:28:56,844 [INFO] LogOutputStream:77 - [STDOUT_REDIRECT] 1 : Invalid condition id : UX_CORESTACK_Condition cause : null
2025-02-19 23:28:56,844 [INFO] LogOutputStream:77 - [STDOUT_REDIRECT] 1 : Invalid condition id : UX_CORESTACK_Condition cause : null
2025-02-19 23:28:56,845 [INFO] LogOutputStream:77 - [STDOUT_REDIRECT] 1 : Invalid condition id : UX_CORESTACK_Condition cause : null
2025-02-19 23:28:56,846 [INFO] LogOutputStream:77 - [STDOUT_REDIRECT] 1 : Invalid condition id : UX_CORESTACK_Condition cause : null
2025-02-19 23:28:56,851 [WARN] PackLoader:240 - Cannot read IP mode file for STMicroelectronics.X-CUBE-AZRTOS-WL.2.0.0
2025-02-19 23:28:56,862 [WARN] PackLoader:240 - Cannot read IP mode file for STMicroelectronics.FP-SNS-MOTENV1.5.0.0
2025-02-19 23:28:56,868 [WARN] PackLoader:240 - Cannot read IP mode file for wolfSSL.I-CUBE-wolfMQTT.1.19.0
2025-02-19 23:28:56,877 [WARN] PackLoader:240 - Cannot read IP mode file for WES.I-CUBE-Cesium.1.3.0
2025-02-19 23:28:56,883 [WARN] PackLoader:240 - Cannot read IP mode file for STMicroelectronics.X-CUBE-BLE2.3.3.0
2025-02-19 23:28:56,889 [WARN] PackLoader:240 - Cannot read IP mode file for STMicroelectronics.X-CUBE-NFC9.1.0.0
2025-02-19 23:28:56,917 [WARN] PackLoader:240 - Cannot read IP mode file for STMicroelectronics.X-CUBE-AZRTOS-G0.1.1.0
2025-02-19 23:28:56,943 [WARN] PackLoader:240 - Cannot read IP mode file for STMicroelectronics.X-CUBE-SAFEA1.1.2.2
2025-02-19 23:28:56,981 [WARN] PackLoader:240 - Cannot read IP mode file for STMicroelectronics.X-CUBE-NFC4.3.0.0
2025-02-19 23:28:56,994 [WARN] PackLoader:240 - Cannot read IP mode file for EmbeddedOffice.I-CUBE-FS-RTOS.1.0.1
2025-02-19 23:28:57,000 [WARN] PackLoader:240 - Cannot read IP mode file for STMicroelectronics.X-CUBE-TCPP.4.2.0
2025-02-19 23:28:57,012 [WARN] PackLoader:240 - Cannot read IP mode file for RealThread.X-CUBE-RT-Thread_Nano.4.1.1
2025-02-19 23:28:57,017 [WARN] PackLoader:240 - Cannot read IP mode file for STMicroelectronics.FP-ATR-SIGFOX1.3.2.0
2025-02-19 23:28:57,023 [WARN] ConditionMgr:438 - getConditionDescription Invalid condition id : Cortex-A Device cause : null
2025-02-19 23:28:57,040 [WARN] ConditionMgr:1044 - genDependencies : Invalid condition id : Cortex-A Device cause : null
2025-02-19 23:28:57,040 [WARN] ConditionMgr:1044 - genDependencies : Invalid condition id : Cortex-A Device cause : null
2025-02-19 23:28:57,040 [WARN] ConditionMgr:1044 - genDependencies : Invalid condition id : Cortex-A Device cause : null
2025-02-19 23:28:57,045 [WARN] PackLoader:240 - Cannot read IP mode file for STMicroelectronics.X-CUBE-EEPRMA1.5.1.0
2025-02-19 23:28:57,047 [WARN] PackLoader:240 - Cannot read IP mode file for wolfSSL.I-CUBE-wolfSSL.5.7.4
2025-02-19 23:28:57,051 [WARN] PackLoader:240 - Cannot read IP mode file for ITTIA_DB.I-CUBE-ITTIADB.8.9.0
2025-02-19 23:28:57,077 [WARN] PackLoader:240 - Cannot read IP mode file for SEGGER.I-CUBE-embOS.1.3.1
2025-02-19 23:28:57,101 [WARN] PackLoader:240 - Cannot read IP mode file for STMicroelectronics.X-CUBE-ALGOBUILD.1.4.0
2025-02-19 23:28:57,106 [WARN] PackLoader:240 - Cannot read IP mode file for STMicroelectronics.X-CUBE-AI.9.1.0
2025-02-19 23:28:57,120 [WARN] PackLoader:240 - Cannot read IP mode file for STMicroelectronics.X-CUBE-AZRTOS-F4.1.1.0
2025-02-19 23:28:57,126 [WARN] PackLoader:240 - Cannot read IP mode file for STMicroelectronics.X-CUBE-ISPU.2.1.0
2025-02-19 23:28:57,139 [WARN] PackLoader:240 - Cannot read IP mode file for STMicroelectronics.X-CUBE-AZRTOS-L5.2.0.0
2025-02-19 23:28:57,155 [WARN] PackLoader:240 - Cannot read IP mode file for STMicroelectronics.X-CUBE-NFC6.3.1.0
2025-02-19 23:28:57,169 [WARN] PackLoader:240 - Cannot read IP mode file for STMicroelectronics.X-CUBE-DPower.1.2.0
2025-02-19 23:28:57,177 [WARN] PackLoader:240 - Cannot read IP mode file for STMicroelectronics.X-CUBE-FREERTOS.1.3.0
2025-02-19 23:28:57,183 [WARN] PackLoader:240 - Cannot read IP mode file for STMicroelectronics.X-CUBE-NFC7.1.0.1
2025-02-19 23:28:57,202 [WARN] ConditionMgr:438 - getConditionDescription Invalid condition id : LAN8742 Phy interface Condition cause : null
2025-02-19 23:28:57,203 [WARN] PackLoader:240 - Cannot read IP mode file for STMicroelectronics.X-CUBE-AZRTOS-L4.2.0.0
2025-02-19 23:28:57,205 [WARN] ConditionMgr:1044 - genDependencies : Invalid condition id : LAN8742 Phy interface Condition cause : null
2025-02-19 23:28:57,206 [WARN] ConditionMgr:1044 - genDependencies : Invalid condition id : LAN8742 Phy interface Condition cause : null
2025-02-19 23:28:57,207 [WARN] ConditionMgr:1044 - genDependencies : Invalid condition id : LAN8742 Phy interface Condition cause : null
2025-02-19 23:28:57,214 [WARN] PackLoader:240 - Cannot read IP mode file for STMicroelectronics.X-CUBE-SFXS2LP1.4.0.0
2025-02-19 23:28:57,234 [WARN] PackLoader:240 - Cannot read IP mode file for STMicroelectronics.X-CUBE-AZRTOS-H7.3.3.0
2025-02-19 23:28:57,246 [WARN] PackLoader:240 - Cannot read IP mode file for STMicroelectronics.X-CUBE-IPS.3.0.0
2025-02-19 23:28:57,258 [WARN] ConditionMgr:438 - getConditionDescription Invalid condition id : UX DEVICE CLASS RTOS Condition cause : null
2025-02-19 23:28:57,259 [WARN] ConditionMgr:438 - getConditionDescription Invalid condition id : UX DEVICE CLASS RTOS Condition cause : null
2025-02-19 23:28:57,262 [WARN] PackLoader:240 - Cannot read IP mode file for STMicroelectronics.X-CUBE-AZRTOS-WB.2.0.0
2025-02-19 23:28:57,263 [WARN] ConditionMgr:1044 - genDependencies : Invalid condition id : UX DEVICE CLASS RTOS Condition cause : null
2025-02-19 23:28:57,263 [WARN] ConditionMgr:1044 - genDependencies : Invalid condition id : UX DEVICE CLASS RTOS Condition cause : null
2025-02-19 23:28:57,263 [WARN] ConditionMgr:1044 - genDependencies : Invalid condition id : UX DEVICE CLASS RTOS Condition cause : null
2025-02-19 23:28:57,264 [WARN] ConditionMgr:1044 - genDependencies : Invalid condition id : UX DEVICE CLASS RTOS Condition cause : null
2025-02-19 23:28:57,264 [WARN] ConditionMgr:1044 - genDependencies : Invalid condition id : UX DEVICE CLASS RTOS Condition cause : null
2025-02-19 23:28:57,268 [WARN] PackLoader:240 - Cannot read IP mode file for STMicroelectronics.X-CUBE-GNSS1.7.0.1
2025-02-19 23:28:57,274 [WARN] PackLoader:240 - Cannot read IP mode file for STMicroelectronics.FP-SNS-STBOX1.2.0.0
2025-02-19 23:28:57,284 [WARN] PackLoader:240 - Cannot read IP mode file for STMicroelectronics.X-CUBE-SUBG2.5.0.0
2025-02-19 23:28:57,289 [WARN] PackLoader:240 - Cannot read IP mode file for Cesanta.I-CUBE-Mongoose.7.13.0
2025-02-19 23:28:57,300 [WARN] PackLoader:240 - Cannot read IP mode file for STMicroelectronics.X-CUBE-AZRTOS-G4.2.0.0
2025-02-19 23:28:57,431 [WARN] PackLoader:240 - Cannot read IP mode file for STMicroelectronics.X-CUBE-IPS.3.1.0
2025-02-19 23:28:57,538 [WARN] PackLoader:240 - Cannot read IP mode file for STMicroelectronics.X-CUBE-ALS.1.0.2
2025-02-19 23:28:57,575 [WARN] PackLoader:240 - Cannot read IP mode file for STMicroelectronics.X-CUBE-TOUCHGFX.4.24.2
2025-02-19 23:28:57,580 [WARN] PackLoader:240 - Cannot read IP mode file for STMicroelectronics.X-CUBE-TOUCHGFX.4.24.1
2025-02-19 23:28:57,590 [WARN] PackLoader:240 - Cannot read IP mode file for wolfSSL.I-CUBE-wolfTPM.3.4.0
2025-02-19 23:28:57,597 [WARN] PackLoader:240 - Cannot read IP mode file for portGmbH.I-Cube-SoM-uGOAL.1.1.0
2025-02-19 23:28:57,620 [WARN] PackLoader:240 - Cannot read IP mode file for STMicroelectronics.X-CUBE-AZRTOS-H7RS.1.0.0
2025-02-19 23:28:57,633 [WARN] PackLoader:240 - Cannot read IP mode file for STMicroelectronics.X-CUBE-TOF1.3.4.2
2025-02-19 23:28:57,641 [WARN] PackLoader:240 - Cannot read IP mode file for wolfSSL.I-CUBE-wolfSSH.1.4.17
2025-02-19 23:28:57,657 [INFO] ThirdParty:978 - Integrity check success = true
2025-02-19 23:28:57,657 [INFO] IntegrityCheckThread:100 - exiting critical section [integrity check]
2025-02-19 23:28:57,658 [INFO] IntegrityCheckThread:103 - End integrity checks thread
2025-02-19 23:28:58,601 [INFO] WebApp:168 - Instantiating new browser for Auth
2025-02-19 23:28:59,640 [INFO] WebApp:449 - Apply proxy settings
2025-02-19 23:28:59,657 [INFO] WebApp:494 - Chromium authenticates against Manually configured proxy
2025-02-19 23:28:59,680 [INFO] WebApp:502 - Username used for proxy authentication: 
2025-02-19 23:28:59,742 [INFO] WebApp:880 - Register for checkConnection events
2025-02-19 23:28:59,743 [INFO] WebApp:449 - Apply proxy settings
2025-02-19 23:28:59,749 [INFO] WebApp:494 - Chromium authenticates against Manually configured proxy
2025-02-19 23:28:59,749 [INFO] WebApp:502 - Username used for proxy authentication: 
2025-02-19 23:28:59,920 [INFO] WebApp:221 - Starting web application
2025-02-19 23:28:59,921 [INFO] WebApp:579 - Web application path used /Applications/STM32CubeIDE.app/Contents/Eclipse/plugins/com.st.stm32cube.common.mx_6.13.0.202411220809/db/plugins/mcufinder/reactClient1/index.html
2025-02-19 23:29:00,456 [INFO] WebApp:187 - Connection restablished
2025-02-19 23:31:38,297 [INFO] Activator:176 - 


2025-02-19 23:31:38,299 [INFO] Activator:177 - !SESSION log4j initialized
2025-02-19 23:31:39,722 [INFO] LogOutputStream:77 - [STDOUT_REDIRECT] 
2025-02-19 23:31:40,826 [ERROR] LogOutputStream:75 - [STDERR_REDIRECT] 
2025-02-19 23:31:42,463 [INFO] LogOutputStream:77 - [STDOUT_REDIRECT] 
2025-02-19 23:31:43,868 [INFO] ApplicationProperties:184 - Using Application install path: /Applications/STM32CubeIDE.app/Contents/Eclipse/plugins/com.st.stm32cube.common.mx_6.13.0.202411220809
2025-02-19 23:31:43,878 [INFO] DbMcusXml:78 - Set database path to: /Applications/STM32CubeIDE.app/Contents/Eclipse/plugins/com.st.stm32cube.common.mx_6.13.0.202411220809//db//mcu/
2025-02-19 23:31:43,879 [INFO] ApiDb:274 - Set plugin database path to: /Applications/STM32CubeIDE.app/Contents/Eclipse/plugins/com.st.stm32cube.common.mx_6.13.0.202411220809//db//plugins/boardmanager/
2025-02-19 23:31:43,881 [WARN] ApiDb:259 - Overriding images path with different value:  => /Applications/STM32CubeIDE.app/Contents/Eclipse/plugins/com.st.stm32cube.common.mx_6.13.0.202411220809//db//plugins/mcufinder/images/
2025-02-19 23:31:43,887 [INFO] ApiDb:250 - Set database path to: /Users/parimeydpatil/.stmcufinder/plugins/mcufinder//mcu/
2025-02-19 23:31:43,888 [INFO] DbMcusAds:125 - Set database path to: /Users/parimeydpatil/.stmcufinder/plugins/mcufinder//mcu/
2025-02-19 23:31:43,889 [INFO] CrossReferenceDbSqlite:203 - Set database path to: /Users/parimeydpatil/.stmcufinder/plugins/mcufinder//mcu/cs/
2025-02-19 23:31:44,100 [INFO] RulesReader:64 - Compatibility file has been processed (297 Rules)
2025-02-19 23:31:44,163 [INFO] DbMcusXml:78 - Set database path to: /Applications/STM32CubeIDE.app/Contents/Eclipse/plugins/com.st.stm32cube.common.mx_6.13.0.202411220809//db//mcu/
2025-02-19 23:31:44,163 [INFO] ApiDb:274 - Set plugin database path to: /Applications/STM32CubeIDE.app/Contents/Eclipse/plugins/com.st.stm32cube.common.mx_6.13.0.202411220809//db//plugins/boardmanager/
2025-02-19 23:31:44,164 [INFO] ApiDb:261 - Set plugin images path to: /Applications/STM32CubeIDE.app/Contents/Eclipse/plugins/com.st.stm32cube.common.mx_6.13.0.202411220809//db//plugins/mcufinder/images/
2025-02-19 23:31:44,164 [WARN] DbFile:41 - Overriding database path with different value: /Users/parimeydpatil/.stmcufinder/plugins/mcufinder/ => /Users/parimeydpatil/.stmcufinder/plugins/mcufinder
2025-02-19 23:31:44,164 [INFO] ApiDb:250 - Set database path to: /Users/parimeydpatil/.stmcufinder/plugins/mcufinder//mcu/
2025-02-19 23:31:44,165 [WARN] DbFile:41 - Overriding database path with different value: /Users/parimeydpatil/.stmcufinder/plugins/mcufinder/ => /Users/parimeydpatil/.stmcufinder/plugins/mcufinder
2025-02-19 23:31:44,165 [INFO] DbMcusAds:125 - Set database path to: /Users/parimeydpatil/.stmcufinder/plugins/mcufinder//mcu/
2025-02-19 23:31:44,165 [WARN] DbFile:41 - Overriding database path with different value: /Users/parimeydpatil/.stmcufinder/plugins/mcufinder/ => /Users/parimeydpatil/.stmcufinder/plugins/mcufinder
2025-02-19 23:31:44,165 [WARN] DbFile:41 - Overriding database path with different value: /Users/parimeydpatil/.stmcufinder/plugins/mcufinder/ => /Users/parimeydpatil/.stmcufinder/plugins/mcufinder
2025-02-19 23:31:44,165 [INFO] CrossReferenceDbSqlite:203 - Set database path to: /Users/parimeydpatil/.stmcufinder/plugins/mcufinder//mcu/cs/
2025-02-19 23:31:44,222 [ERROR] LogOutputStream:75 - [STDERR_REDIRECT] [Fatal Error] :2:10: DOCTYPE is disallowed when the feature "http://apache.org/xml/features/disallow-doctype-decl" set to true.
2025-02-19 23:31:44,232 [ERROR] LogOutputStream:75 - [STDERR_REDIRECT] 
2025-02-19 23:31:44,233 [INFO] MainPanel:272 - HeapMemory: 340787200
2025-02-19 23:31:44,496 [INFO] DbMcusXml:78 - Set database path to: /Applications/STM32CubeIDE.app/Contents/Eclipse/plugins/com.st.stm32cube.common.mx_6.13.0.202411220809//db//mcu/
2025-02-19 23:31:44,496 [INFO] ApiDb:274 - Set plugin database path to: /Applications/STM32CubeIDE.app/Contents/Eclipse/plugins/com.st.stm32cube.common.mx_6.13.0.202411220809//db//plugins/boardmanager/
2025-02-19 23:31:44,496 [INFO] ApiDb:261 - Set plugin images path to: /Applications/STM32CubeIDE.app/Contents/Eclipse/plugins/com.st.stm32cube.common.mx_6.13.0.202411220809//db//plugins/mcufinder/images/
2025-02-19 23:31:44,497 [WARN] DbFile:41 - Overriding database path with different value: /Users/parimeydpatil/.stmcufinder/plugins/mcufinder/ => /Users/parimeydpatil/.stmcufinder/plugins/mcufinder
2025-02-19 23:31:44,497 [INFO] ApiDb:250 - Set database path to: /Users/parimeydpatil/.stmcufinder/plugins/mcufinder//mcu/
2025-02-19 23:31:44,497 [WARN] DbFile:41 - Overriding database path with different value: /Users/parimeydpatil/.stmcufinder/plugins/mcufinder/ => /Users/parimeydpatil/.stmcufinder/plugins/mcufinder
2025-02-19 23:31:44,497 [INFO] DbMcusAds:125 - Set database path to: /Users/parimeydpatil/.stmcufinder/plugins/mcufinder//mcu/
2025-02-19 23:31:44,497 [WARN] DbFile:41 - Overriding database path with different value: /Users/parimeydpatil/.stmcufinder/plugins/mcufinder/ => /Users/parimeydpatil/.stmcufinder/plugins/mcufinder
2025-02-19 23:31:44,497 [WARN] DbFile:41 - Overriding database path with different value: /Users/parimeydpatil/.stmcufinder/plugins/mcufinder/ => /Users/parimeydpatil/.stmcufinder/plugins/mcufinder
2025-02-19 23:31:44,497 [INFO] CrossReferenceDbSqlite:203 - Set database path to: /Users/parimeydpatil/.stmcufinder/plugins/mcufinder//mcu/cs/
2025-02-19 23:31:44,511 [INFO] ApplicationProperties:184 - Using Application install path: /Applications/STM32CubeIDE.app/Contents/Eclipse/plugins/com.st.stm32cube.common.mx_6.13.0.202411220809
2025-02-19 23:31:44,512 [INFO] PluginManage:196 - Search for loadable plugins [exclusion list=, ]
2025-02-19 23:31:44,514 [INFO] PluginManage:310 - Check plugin analytics
2025-02-19 23:31:44,690 [INFO] AnalyticsPlugin:253 - Accepted Software Licenses: 
2025-02-19 23:31:44,691 [INFO] AnalyticsPlugin:255 - Accepted CMSIS Pack Licenses: 
2025-02-19 23:31:44,691 [INFO] AnalyticsPlugin:257 - Accepted Firmware Licenses: 
2025-02-19 23:31:44,692 [INFO] PluginManage:359 - Loaded plugin analytics (category:tool,tabindex:-1)
2025-02-19 23:31:44,693 [INFO] PluginManage:310 - Check plugin cadmodel
2025-02-19 23:31:44,703 [INFO] CADModel:105 - Init CAD model plugin
2025-02-19 23:31:44,704 [INFO] PluginManage:359 - Loaded plugin cadmodel (category:power,tabindex:5)
2025-02-19 23:31:44,704 [INFO] PluginManage:310 - Check plugin clock
2025-02-19 23:31:44,713 [INFO] PluginManage:359 - Loaded plugin clock (category:base,tabindex:2)
2025-02-19 23:31:44,713 [INFO] PluginManage:310 - Check plugin ddr
2025-02-19 23:31:44,714 [INFO] PluginManage:359 - Loaded plugin ddr (category:tool,tabindex:6)
2025-02-19 23:31:44,714 [INFO] PluginManage:310 - Check plugin filemanager
2025-02-19 23:31:44,840 [INFO] PluginManage:359 - Loaded plugin filemanager (category:base,tabindex:10)
2025-02-19 23:31:44,840 [INFO] PluginManage:310 - Check plugin ipmanager
2025-02-19 23:31:44,846 [INFO] PluginManage:359 - Loaded plugin ipmanager (category:base,tabindex:5)
2025-02-19 23:31:44,846 [INFO] PluginManage:310 - Check plugin lpbam
2025-02-19 23:31:44,855 [INFO] PluginManage:359 - Loaded plugin lpbam (category:base,tabindex:0)
2025-02-19 23:31:44,855 [INFO] PluginManage:310 - Check plugin memorymap
2025-02-19 23:31:44,860 [INFO] PluginManage:359 - Loaded plugin memorymap (category:base,tabindex:4)
2025-02-19 23:31:44,861 [INFO] PluginManage:310 - Check plugin pinoutandconfiguration
2025-02-19 23:31:44,864 [INFO] PluginManage:359 - Loaded plugin pinoutandconfiguration (category:base,tabindex:1)
2025-02-19 23:31:44,865 [INFO] PluginManage:310 - Check plugin pinoutconfig
2025-02-19 23:31:45,305 [WARN] SupportedApi:132 - Cannot load RTOS API schema: s4s-elt-must-match.1: The content of 'definitions' must match (annotation?, (simpleType | complexType)?, (unique | key | keyref)*)). A problem was found starting at: attribute.
2025-02-19 23:31:45,466 [INFO] PluginManage:359 - Loaded plugin pinoutconfig (category:base,tabindex:0)
2025-02-19 23:31:45,467 [INFO] PluginManage:310 - Check plugin power
2025-02-19 23:31:45,486 [INFO] PluginManage:359 - Loaded plugin power (category:power,tabindex:4)
2025-02-19 23:31:45,487 [INFO] PluginManage:310 - Check plugin projectmanager
2025-02-19 23:31:45,522 [INFO] PluginManage:359 - Loaded plugin projectmanager (category:projectmanager,tabindex:4)
2025-02-19 23:31:45,522 [INFO] PluginManage:310 - Check plugin rif
2025-02-19 23:31:45,526 [INFO] PluginManage:359 - Loaded plugin rif (category:base,tabindex:3)
2025-02-19 23:31:45,526 [INFO] PluginManage:310 - Check plugin thirdparty
2025-02-19 23:31:45,640 [INFO] PluginManage:359 - Loaded plugin thirdparty (category:base,tabindex:-1)
2025-02-19 23:31:45,640 [INFO] PluginManage:310 - Check plugin tools
2025-02-19 23:31:45,643 [INFO] PluginManage:359 - Loaded plugin tools (category:base,tabindex:7)
2025-02-19 23:31:45,643 [INFO] PluginManage:310 - Check plugin tutovideos
2025-02-19 23:31:45,639 [WARN] IntegrityCheckThread:84 - waiting for thirdparty lock release [integrity check]
2025-02-19 23:31:45,644 [INFO] IntegrityCheckThread:86 - entering critical section [integrity check]
2025-02-19 23:31:45,645 [INFO] ThirdPartyUpdaterWithRetryManager:70 - Updater plugin not ready yet. [1/15]
2025-02-19 23:31:45,808 [INFO] PluginManage:359 - Loaded plugin tutovideos (category:base,tabindex:-1)
2025-02-19 23:31:45,808 [INFO] PluginManage:310 - Check plugin updater
2025-02-19 23:31:45,830 [INFO] PluginManage:359 - Loaded plugin updater (category:base,tabindex:12)
2025-02-19 23:31:45,831 [INFO] PluginManage:310 - Check plugin userauth
2025-02-19 23:31:45,834 [INFO] UserAuth:118 - Init User Auth plugin
2025-02-19 23:31:45,836 [INFO] PluginManage:359 - Loaded plugin userauth (category:base,tabindex:14)
2025-02-19 23:31:45,837 [INFO] PluginManage:283 - PluginManage : Loaded plugins [18]
2025-02-19 23:31:46,032 [INFO] PinOutPanel:1589 - setPackage(No Configuration,No Configuration)
2025-02-19 23:31:46,091 [INFO] CADModel:165 - CPN selected for project level
2025-02-19 23:31:46,091 [INFO] CADModel:114 - Register for checkConnection events
2025-02-19 23:31:46,099 [INFO] IPUIPlugin:80 - create IPUIPlugin
2025-02-19 23:31:46,100 [INFO] PluginManager:220 - loadIPPluginJar : add mdma
2025-02-19 23:31:46,103 [INFO] IPUIPlugin:80 - create IPUIPlugin
2025-02-19 23:31:46,103 [INFO] PluginManager:220 - loadIPPluginJar : add freertos
2025-02-19 23:31:46,105 [INFO] IPUIPlugin:80 - create IPUIPlugin
2025-02-19 23:31:46,105 [INFO] PluginManager:220 - loadIPPluginJar : add gic
2025-02-19 23:31:46,111 [INFO] IPUIPlugin:80 - create IPUIPlugin
2025-02-19 23:31:46,111 [INFO] PluginManager:220 - loadIPPluginJar : add adc
2025-02-19 23:31:46,112 [INFO] IPUIPlugin:80 - create IPUIPlugin
2025-02-19 23:31:46,113 [INFO] PluginManager:220 - loadIPPluginJar : add gtzc
2025-02-19 23:31:46,114 [INFO] IPUIPlugin:80 - create IPUIPlugin
2025-02-19 23:31:46,114 [INFO] PluginManager:220 - loadIPPluginJar : add quadspi
2025-02-19 23:31:46,115 [INFO] IPUIPlugin:80 - create IPUIPlugin
2025-02-19 23:31:46,116 [INFO] PluginManager:220 - loadIPPluginJar : add aes
2025-02-19 23:31:46,117 [INFO] IPUIPlugin:80 - create IPUIPlugin
2025-02-19 23:31:46,117 [INFO] PluginManager:220 - loadIPPluginJar : add pdm2pcm
2025-02-19 23:31:46,117 [INFO] IPUIPlugin:80 - create IPUIPlugin
2025-02-19 23:31:46,117 [INFO] PluginManager:220 - loadIPPluginJar : add hash
2025-02-19 23:31:46,118 [INFO] IPUIPlugin:80 - create IPUIPlugin
2025-02-19 23:31:46,119 [INFO] PluginManager:220 - loadIPPluginJar : add tim
2025-02-19 23:31:46,119 [INFO] IPUIPlugin:80 - create IPUIPlugin
2025-02-19 23:31:46,119 [INFO] PluginManager:220 - loadIPPluginJar : add tsc
2025-02-19 23:31:46,121 [INFO] IPUIPlugin:80 - create IPUIPlugin
2025-02-19 23:31:46,121 [INFO] PluginManager:220 - loadIPPluginJar : add extmemmanager
2025-02-19 23:31:46,122 [INFO] IPUIPlugin:80 - create IPUIPlugin
2025-02-19 23:31:46,122 [INFO] PluginManager:220 - loadIPPluginJar : add ts
2025-02-19 23:31:46,123 [INFO] IPUIPlugin:80 - create IPUIPlugin
2025-02-19 23:31:46,123 [INFO] PluginManager:220 - loadIPPluginJar : add radio
2025-02-19 23:31:46,124 [INFO] IPUIPlugin:80 - create IPUIPlugin
2025-02-19 23:31:46,125 [INFO] PluginManager:220 - loadIPPluginJar : add can
2025-02-19 23:31:46,126 [INFO] IPUIPlugin:80 - create IPUIPlugin
2025-02-19 23:31:46,126 [INFO] PluginManager:220 - loadIPPluginJar : add dma3
2025-02-19 23:31:46,126 [INFO] IPUIPlugin:80 - create IPUIPlugin
2025-02-19 23:31:46,127 [INFO] PluginManager:220 - loadIPPluginJar : add dfsdm
2025-02-19 23:31:46,128 [INFO] IPUIPlugin:80 - create IPUIPlugin
2025-02-19 23:31:46,129 [INFO] PluginManager:220 - loadIPPluginJar : add spi
2025-02-19 23:31:46,130 [INFO] IPUIPlugin:80 - create IPUIPlugin
2025-02-19 23:31:46,130 [INFO] PluginManager:220 - loadIPPluginJar : add gfxmmu
2025-02-19 23:31:46,131 [INFO] IPUIPlugin:80 - create IPUIPlugin
2025-02-19 23:31:46,131 [INFO] PluginManager:220 - loadIPPluginJar : add genericplugin
2025-02-19 23:31:46,132 [INFO] IPUIPlugin:80 - create IPUIPlugin
2025-02-19 23:31:46,133 [INFO] PluginManager:220 - loadIPPluginJar : add cryp
2025-02-19 23:31:46,134 [INFO] IPUIPlugin:80 - create IPUIPlugin
2025-02-19 23:31:46,134 [INFO] PluginManager:220 - loadIPPluginJar : add gpio
2025-02-19 23:31:46,136 [INFO] IPUIPlugin:80 - create IPUIPlugin
2025-02-19 23:31:46,136 [INFO] PluginManager:220 - loadIPPluginJar : add ddr_ctrl_phy
2025-02-19 23:31:46,137 [INFO] IPUIPlugin:80 - create IPUIPlugin
2025-02-19 23:31:46,138 [INFO] PluginManager:220 - loadIPPluginJar : add comp
2025-02-19 23:31:46,139 [INFO] IPUIPlugin:80 - create IPUIPlugin
2025-02-19 23:31:46,140 [INFO] PluginManager:220 - loadIPPluginJar : add tracer_emb
2025-02-19 23:31:46,141 [INFO] IPUIPlugin:80 - create IPUIPlugin
2025-02-19 23:31:46,142 [INFO] PluginManager:220 - loadIPPluginJar : add openamp
2025-02-19 23:31:46,144 [INFO] IPUIPlugin:80 - create IPUIPlugin
2025-02-19 23:31:46,144 [INFO] PluginManager:220 - loadIPPluginJar : add stm32_wpan
2025-02-19 23:31:46,147 [INFO] IPUIPlugin:80 - create IPUIPlugin
2025-02-19 23:31:46,149 [INFO] PluginManager:220 - loadIPPluginJar : add plateformsettings
2025-02-19 23:31:46,151 [INFO] IPUIPlugin:80 - create IPUIPlugin
2025-02-19 23:31:46,151 [INFO] PluginManager:220 - loadIPPluginJar : add ipddr
2025-02-19 23:31:46,152 [INFO] IPUIPlugin:80 - create IPUIPlugin
2025-02-19 23:31:46,153 [INFO] PluginManager:220 - loadIPPluginJar : add usart
2025-02-19 23:31:46,153 [INFO] IPUIPlugin:80 - create IPUIPlugin
2025-02-19 23:31:46,153 [INFO] PluginManager:220 - loadIPPluginJar : add ltdc
2025-02-19 23:31:46,154 [INFO] IPUIPlugin:80 - create IPUIPlugin
2025-02-19 23:31:46,154 [INFO] PluginManager:220 - loadIPPluginJar : add nvic
2025-02-19 23:31:46,155 [INFO] IPUIPlugin:80 - create IPUIPlugin
2025-02-19 23:31:46,155 [INFO] PluginManager:220 - loadIPPluginJar : add fatfs
2025-02-19 23:31:46,158 [INFO] IPUIPlugin:80 - create IPUIPlugin
2025-02-19 23:31:46,158 [INFO] PluginManager:220 - loadIPPluginJar : add linkedlist
2025-02-19 23:31:46,161 [INFO] IPUIPlugin:80 - create IPUIPlugin
2025-02-19 23:31:46,161 [INFO] PluginManager:220 - loadIPPluginJar : add dma
2025-02-19 23:31:46,163 [INFO] IPUIPlugin:80 - create IPUIPlugin
2025-02-19 23:31:46,163 [INFO] PluginManager:220 - loadIPPluginJar : add fmc
2025-02-19 23:31:46,164 [INFO] IPUIPlugin:80 - create IPUIPlugin
2025-02-19 23:31:46,164 [INFO] PluginManager:220 - loadIPPluginJar : add i2s
2025-02-19 23:31:46,165 [INFO] IPUIPlugin:80 - create IPUIPlugin
2025-02-19 23:31:46,165 [INFO] PluginManager:220 - loadIPPluginJar : add ucpd
2025-02-19 23:31:46,167 [INFO] IPUIPlugin:80 - create IPUIPlugin
2025-02-19 23:31:46,167 [INFO] PluginManager:220 - loadIPPluginJar : add lorawan
2025-02-19 23:31:46,168 [INFO] IPUIPlugin:80 - create IPUIPlugin
2025-02-19 23:31:46,168 [INFO] PluginManager:220 - loadIPPluginJar : add opamp
2025-02-19 23:31:46,169 [INFO] IPUIPlugin:80 - create IPUIPlugin
2025-02-19 23:31:46,169 [INFO] PluginManager:220 - loadIPPluginJar : add i3c
2025-02-19 23:31:46,170 [INFO] IPUIPlugin:80 - create IPUIPlugin
2025-02-19 23:31:46,171 [INFO] PluginManager:220 - loadIPPluginJar : add touchsensing
2025-02-19 23:31:46,172 [INFO] IPUIPlugin:80 - create IPUIPlugin
2025-02-19 23:31:46,172 [INFO] PluginManager:220 - loadIPPluginJar : add i2c
2025-02-19 23:31:46,174 [INFO] IPUIPlugin:80 - create IPUIPlugin
2025-02-19 23:31:46,174 [INFO] PluginManager:220 - loadIPPluginJar : add resmgrutility
2025-02-19 23:31:46,176 [INFO] IPUIPlugin:80 - create IPUIPlugin
2025-02-19 23:31:46,176 [INFO] PluginManager:220 - loadIPPluginJar : add sai
2025-02-19 23:31:46,178 [INFO] IPUIPlugin:80 - create IPUIPlugin
2025-02-19 23:31:46,178 [INFO] PluginManager:220 - loadIPPluginJar : add usbx
2025-02-19 23:31:46,289 [FATAL] Updater:351 - Updater called before beeing initialized
2025-02-19 23:31:46,335 [INFO] RulesReader:64 - Compatibility file has been processed (297 Rules)
2025-02-19 23:31:46,346 [INFO] RulesReader:64 - Compatibility file has been processed (297 Rules)
2025-02-19 23:31:46,358 [INFO] CADModel:165 - CPN selected for project level
2025-02-19 23:31:46,358 [INFO] CADModel:114 - Register for checkConnection events
2025-02-19 23:31:46,358 [FATAL] Updater:351 - Updater called before beeing initialized
2025-02-19 23:31:46,358 [ERROR] CADModel:125 - Updater not yet initialized, retry later 
2025-02-19 23:31:46,539 [FATAL] Updater:351 - Updater called before beeing initialized
2025-02-19 23:31:46,541 [INFO] CADModel:165 - CPN selected for project level
2025-02-19 23:31:46,542 [INFO] CADModel:114 - Register for checkConnection events
2025-02-19 23:31:46,542 [FATAL] Updater:351 - Updater called before beeing initialized
2025-02-19 23:31:46,542 [ERROR] CADModel:125 - Updater not yet initialized, retry later 
2025-02-19 23:31:46,544 [FATAL] Updater:351 - Updater called before beeing initialized
2025-02-19 23:31:46,641 [FATAL] Updater:351 - Updater called before beeing initialized
2025-02-19 23:31:46,644 [INFO] DbMcusAds:53 - JSON generation date=Thu Sep 30 12:25:09 IST 2021 (1632984909247)
2025-02-19 23:31:46,644 [FATAL] Updater:351 - Updater called before beeing initialized
2025-02-19 23:31:46,685 [WARN] DetailPanel:346 - Failed to get advertising image, set to default
2025-02-19 23:31:46,833 [FATAL] Updater:351 - Updater called before beeing initialized
2025-02-19 23:31:46,835 [FATAL] Updater:351 - Updater called before beeing initialized
2025-02-19 23:31:46,835 [FATAL] Updater:351 - Updater called before beeing initialized
2025-02-19 23:31:46,835 [WARN] DetailPanel:346 - Failed to get advertising image, set to default
2025-02-19 23:31:46,836 [FATAL] Updater:351 - Updater called before beeing initialized
2025-02-19 23:31:46,897 [ERROR] Updater:1198 - MainUpdater not yet initialized. External WinMGr cannot be set.
2025-02-19 23:31:46,905 [INFO] Updater:1134 - Updater Version found : 6.13.0
2025-02-19 23:31:46,915 [INFO] ApplicationProperties:184 - Using Application install path: /Applications/STM32CubeIDE.app/Contents/Eclipse/plugins/com.st.stm32cube.common.mx_6.13.0.202411220809
2025-02-19 23:31:47,150 [INFO] MainUpdater:2872 - connection check result : 10
2025-02-19 23:31:47,151 [INFO] MainUpdater:289 - Updater Check For Update Now.
2025-02-19 23:31:47,152 [INFO] MicroXplorer:498 - Change Database Version : DB.6.0.130
2025-02-19 23:31:47,160 [INFO] McuFinderGlobals:63 - Set McuFinder mode to 2 (CubeIDE integrated)
2025-02-19 23:31:47,160 [INFO] UserAuth:171 - activating auth plugin
2025-02-19 23:31:47,172 [INFO] UserAuth:486 - Internet connection configuration mode: 1
2025-02-19 23:31:47,184 [INFO] JxBrowserEngine:152 - Initiate JxBrowser Engine with user profile folder
2025-02-19 23:31:47,411 [INFO] CheckServerUpdateThread:120 - End of CheckServer Thread
2025-02-19 23:31:48,790 [WARN] PackLoader:240 - Cannot read IP mode file for STMicroelectronics.FP-SNS-MOTENVWB1.1.4.0
2025-02-19 23:31:48,807 [WARN] PackLoader:240 - Cannot read IP mode file for STMicroelectronics.FP-ATR-ASTRA1.2.0.1
2025-02-19 23:31:48,824 [WARN] PackLoader:240 - Cannot read IP mode file for STMicroelectronics.X-CUBE-SMBUS.2.1.0
2025-02-19 23:31:48,837 [WARN] PackLoader:240 - Cannot read IP mode file for STMicroelectronics.X-CUBE-WB05N.1.1.0
2025-02-19 23:31:48,879 [WARN] PackLoader:240 - Cannot read IP mode file for STMicroelectronics.X-CUBE-AZRTOS-F7.1.1.0
2025-02-19 23:31:48,901 [WARN] PackLoader:240 - Cannot read IP mode file for STMicroelectronics.FP-SNS-FLIGHT1.5.0.2
2025-02-19 23:31:48,951 [WARN] PackLoader:240 - Cannot read IP mode file for Infineon.AIROC-Wi-Fi-Bluetooth-STM32.1.7.0
2025-02-19 23:31:48,983 [WARN] PackLoader:240 - Cannot read IP mode file for STMicroelectronics.X-CUBE-DISPLAY.3.0.0
2025-02-19 23:31:49,002 [WARN] PackLoader:240 - Cannot read IP mode file for STMicroelectronics.X-CUBE-BLE1.7.0.0
2025-02-19 23:31:49,020 [WARN] PackLoader:240 - Cannot read IP mode file for STMicroelectronics.X-CUBE-NFC10.1.0.0
2025-02-19 23:31:49,040 [WARN] PackLoader:240 - Cannot read IP mode file for STMicroelectronics.X-CUBE-BLEMGR.4.0.0
2025-02-19 23:31:49,059 [WARN] PackLoader:240 - Cannot read IP mode file for emotas.I-CUBE-CANOPEN.1.3.0
2025-02-19 23:31:49,070 [WARN] PackLoader:240 - Cannot read IP mode file for STMicroelectronics.X-CUBE-AI.10.0.0
2025-02-19 23:31:49,076 [WARN] PackLoader:240 - Cannot read IP mode file for STMicroelectronics.FP-SNS-SMARTAG2.1.2.0
2025-02-19 23:31:49,150 [WARN] PackLoader:240 - Cannot read IP mode file for STMicroelectronics.X-CUBE-MEMS1.11.1.0
2025-02-19 23:31:49,248 [INFO] LogOutputStream:77 - [STDOUT_REDIRECT] 1 : Invalid condition id : UX_CORESTACK_Condition cause : null
2025-02-19 23:31:49,249 [INFO] LogOutputStream:77 - [STDOUT_REDIRECT] 1 : Invalid condition id : UX_CORESTACK_Condition cause : null
2025-02-19 23:31:49,250 [INFO] LogOutputStream:77 - [STDOUT_REDIRECT] 1 : Invalid condition id : UX_CORESTACK_Condition cause : null
2025-02-19 23:31:49,252 [INFO] LogOutputStream:77 - [STDOUT_REDIRECT] 1 : Invalid condition id : UX_CORESTACK_Condition cause : null
2025-02-19 23:31:49,252 [INFO] LogOutputStream:77 - [STDOUT_REDIRECT] 1 : Invalid condition id : UX_CORESTACK_Condition cause : null
2025-02-19 23:31:49,256 [WARN] PackLoader:240 - Cannot read IP mode file for STMicroelectronics.X-CUBE-AZRTOS-WL.2.0.0
2025-02-19 23:31:49,294 [WARN] PackLoader:240 - Cannot read IP mode file for STMicroelectronics.FP-SNS-MOTENV1.5.0.0
2025-02-19 23:31:49,306 [WARN] PackLoader:240 - Cannot read IP mode file for wolfSSL.I-CUBE-wolfMQTT.1.19.0
2025-02-19 23:31:49,320 [WARN] PackLoader:240 - Cannot read IP mode file for WES.I-CUBE-Cesium.1.3.0
2025-02-19 23:31:49,328 [WARN] PackLoader:240 - Cannot read IP mode file for STMicroelectronics.X-CUBE-BLE2.3.3.0
2025-02-19 23:31:49,335 [WARN] PackLoader:240 - Cannot read IP mode file for STMicroelectronics.X-CUBE-NFC9.1.0.0
2025-02-19 23:31:49,379 [WARN] PackLoader:240 - Cannot read IP mode file for STMicroelectronics.X-CUBE-AZRTOS-G0.1.1.0
2025-02-19 23:31:49,389 [WARN] PackLoader:240 - Cannot read IP mode file for STMicroelectronics.X-CUBE-SAFEA1.1.2.2
2025-02-19 23:31:49,394 [WARN] PackLoader:240 - Cannot read IP mode file for STMicroelectronics.X-CUBE-NFC4.3.0.0
2025-02-19 23:31:49,402 [WARN] PackLoader:240 - Cannot read IP mode file for EmbeddedOffice.I-CUBE-FS-RTOS.1.0.1
2025-02-19 23:31:49,409 [WARN] PackLoader:240 - Cannot read IP mode file for STMicroelectronics.X-CUBE-TCPP.4.2.0
2025-02-19 23:31:49,412 [WARN] PackLoader:240 - Cannot read IP mode file for RealThread.X-CUBE-RT-Thread_Nano.4.1.1
2025-02-19 23:31:49,415 [WARN] PackLoader:240 - Cannot read IP mode file for STMicroelectronics.FP-ATR-SIGFOX1.3.2.0
2025-02-19 23:31:49,420 [WARN] ConditionMgr:438 - getConditionDescription Invalid condition id : Cortex-A Device cause : null
2025-02-19 23:31:49,435 [WARN] ConditionMgr:1044 - genDependencies : Invalid condition id : Cortex-A Device cause : null
2025-02-19 23:31:49,436 [WARN] ConditionMgr:1044 - genDependencies : Invalid condition id : Cortex-A Device cause : null
2025-02-19 23:31:49,436 [WARN] ConditionMgr:1044 - genDependencies : Invalid condition id : Cortex-A Device cause : null
2025-02-19 23:31:49,448 [WARN] PackLoader:240 - Cannot read IP mode file for STMicroelectronics.X-CUBE-EEPRMA1.5.1.0
2025-02-19 23:31:49,452 [WARN] PackLoader:240 - Cannot read IP mode file for wolfSSL.I-CUBE-wolfSSL.5.7.4
2025-02-19 23:31:49,456 [WARN] PackLoader:240 - Cannot read IP mode file for ITTIA_DB.I-CUBE-ITTIADB.8.9.0
2025-02-19 23:31:49,491 [WARN] PackLoader:240 - Cannot read IP mode file for SEGGER.I-CUBE-embOS.1.3.1
2025-02-19 23:31:49,521 [WARN] PackLoader:240 - Cannot read IP mode file for STMicroelectronics.X-CUBE-ALGOBUILD.1.4.0
2025-02-19 23:31:49,526 [WARN] PackLoader:240 - Cannot read IP mode file for STMicroelectronics.X-CUBE-AI.9.1.0
2025-02-19 23:31:49,541 [WARN] PackLoader:240 - Cannot read IP mode file for STMicroelectronics.X-CUBE-AZRTOS-F4.1.1.0
2025-02-19 23:31:49,552 [WARN] PackLoader:240 - Cannot read IP mode file for STMicroelectronics.X-CUBE-ISPU.2.1.0
2025-02-19 23:31:49,565 [WARN] PackLoader:240 - Cannot read IP mode file for STMicroelectronics.X-CUBE-AZRTOS-L5.2.0.0
2025-02-19 23:31:49,578 [WARN] PackLoader:240 - Cannot read IP mode file for STMicroelectronics.X-CUBE-NFC6.3.1.0
2025-02-19 23:31:49,588 [WARN] PackLoader:240 - Cannot read IP mode file for STMicroelectronics.X-CUBE-DPower.1.2.0
2025-02-19 23:31:49,593 [WARN] PackLoader:240 - Cannot read IP mode file for STMicroelectronics.X-CUBE-FREERTOS.1.3.0
2025-02-19 23:31:49,597 [WARN] PackLoader:240 - Cannot read IP mode file for STMicroelectronics.X-CUBE-NFC7.1.0.1
2025-02-19 23:31:49,613 [WARN] ConditionMgr:438 - getConditionDescription Invalid condition id : LAN8742 Phy interface Condition cause : null
2025-02-19 23:31:49,615 [WARN] PackLoader:240 - Cannot read IP mode file for STMicroelectronics.X-CUBE-AZRTOS-L4.2.0.0
2025-02-19 23:31:49,617 [WARN] ConditionMgr:1044 - genDependencies : Invalid condition id : LAN8742 Phy interface Condition cause : null
2025-02-19 23:31:49,618 [WARN] ConditionMgr:1044 - genDependencies : Invalid condition id : LAN8742 Phy interface Condition cause : null
2025-02-19 23:31:49,619 [WARN] ConditionMgr:1044 - genDependencies : Invalid condition id : LAN8742 Phy interface Condition cause : null
2025-02-19 23:31:49,627 [WARN] PackLoader:240 - Cannot read IP mode file for STMicroelectronics.X-CUBE-SFXS2LP1.4.0.0
2025-02-19 23:31:49,646 [WARN] PackLoader:240 - Cannot read IP mode file for STMicroelectronics.X-CUBE-AZRTOS-H7.3.3.0
2025-02-19 23:31:49,663 [WARN] PackLoader:240 - Cannot read IP mode file for STMicroelectronics.X-CUBE-IPS.3.0.0
2025-02-19 23:31:49,676 [WARN] ConditionMgr:438 - getConditionDescription Invalid condition id : UX DEVICE CLASS RTOS Condition cause : null
2025-02-19 23:31:49,676 [WARN] ConditionMgr:438 - getConditionDescription Invalid condition id : UX DEVICE CLASS RTOS Condition cause : null
2025-02-19 23:31:49,678 [WARN] PackLoader:240 - Cannot read IP mode file for STMicroelectronics.X-CUBE-AZRTOS-WB.2.0.0
2025-02-19 23:31:49,679 [WARN] ConditionMgr:1044 - genDependencies : Invalid condition id : UX DEVICE CLASS RTOS Condition cause : null
2025-02-19 23:31:49,679 [WARN] ConditionMgr:1044 - genDependencies : Invalid condition id : UX DEVICE CLASS RTOS Condition cause : null
2025-02-19 23:31:49,680 [WARN] ConditionMgr:1044 - genDependencies : Invalid condition id : UX DEVICE CLASS RTOS Condition cause : null
2025-02-19 23:31:49,680 [WARN] ConditionMgr:1044 - genDependencies : Invalid condition id : UX DEVICE CLASS RTOS Condition cause : null
2025-02-19 23:31:49,680 [WARN] ConditionMgr:1044 - genDependencies : Invalid condition id : UX DEVICE CLASS RTOS Condition cause : null
2025-02-19 23:31:49,685 [WARN] PackLoader:240 - Cannot read IP mode file for STMicroelectronics.X-CUBE-GNSS1.7.0.1
2025-02-19 23:31:49,690 [WARN] PackLoader:240 - Cannot read IP mode file for STMicroelectronics.FP-SNS-STBOX1.2.0.0
2025-02-19 23:31:49,976 [WARN] PackLoader:240 - Cannot read IP mode file for STMicroelectronics.X-CUBE-SUBG2.5.0.0
2025-02-19 23:31:50,011 [WARN] PackLoader:240 - Cannot read IP mode file for Cesanta.I-CUBE-Mongoose.7.13.0
2025-02-19 23:31:50,034 [WARN] PackLoader:240 - Cannot read IP mode file for STMicroelectronics.X-CUBE-AZRTOS-G4.2.0.0
2025-02-19 23:31:50,048 [WARN] PackLoader:240 - Cannot read IP mode file for STMicroelectronics.X-CUBE-IPS.3.1.0
2025-02-19 23:31:50,055 [WARN] PackLoader:240 - Cannot read IP mode file for STMicroelectronics.X-CUBE-ALS.1.0.2
2025-02-19 23:31:50,071 [WARN] PackLoader:240 - Cannot read IP mode file for STMicroelectronics.X-CUBE-TOUCHGFX.4.24.2
2025-02-19 23:31:50,075 [WARN] PackLoader:240 - Cannot read IP mode file for STMicroelectronics.X-CUBE-TOUCHGFX.4.24.1
2025-02-19 23:31:50,079 [WARN] PackLoader:240 - Cannot read IP mode file for wolfSSL.I-CUBE-wolfTPM.3.4.0
2025-02-19 23:31:50,082 [WARN] PackLoader:240 - Cannot read IP mode file for portGmbH.I-Cube-SoM-uGOAL.1.1.0
2025-02-19 23:31:50,100 [WARN] PackLoader:240 - Cannot read IP mode file for STMicroelectronics.X-CUBE-AZRTOS-H7RS.1.0.0
2025-02-19 23:31:50,113 [WARN] PackLoader:240 - Cannot read IP mode file for STMicroelectronics.X-CUBE-TOF1.3.4.2
2025-02-19 23:31:50,120 [WARN] PackLoader:240 - Cannot read IP mode file for wolfSSL.I-CUBE-wolfSSH.1.4.17
2025-02-19 23:31:50,137 [INFO] ThirdParty:978 - Integrity check success = true
2025-02-19 23:31:50,137 [INFO] IntegrityCheckThread:100 - exiting critical section [integrity check]
2025-02-19 23:31:50,137 [INFO] IntegrityCheckThread:103 - End integrity checks thread
2025-02-19 23:31:51,024 [INFO] WebApp:168 - Instantiating new browser for Auth
2025-02-19 23:31:52,063 [INFO] WebApp:449 - Apply proxy settings
2025-02-19 23:31:52,078 [INFO] WebApp:494 - Chromium authenticates against Manually configured proxy
2025-02-19 23:31:52,097 [INFO] WebApp:502 - Username used for proxy authentication: 
2025-02-19 23:31:52,154 [INFO] WebApp:880 - Register for checkConnection events
2025-02-19 23:31:52,155 [INFO] WebApp:449 - Apply proxy settings
2025-02-19 23:31:52,159 [INFO] WebApp:494 - Chromium authenticates against Manually configured proxy
2025-02-19 23:31:52,160 [INFO] WebApp:502 - Username used for proxy authentication: 
2025-02-19 23:31:52,289 [INFO] WebApp:221 - Starting web application
2025-02-19 23:31:52,289 [INFO] WebApp:579 - Web application path used /Applications/STM32CubeIDE.app/Contents/Eclipse/plugins/com.st.stm32cube.common.mx_6.13.0.202411220809/db/plugins/mcufinder/reactClient1/index.html
2025-02-19 23:31:53,099 [INFO] WebApp:187 - Connection restablished
