2025-04-07 00:04:48,738 [INFO] WebApp:194 - Connection lost
2025-04-07 00:04:49,145 [INFO] WebApp:191 - Connection restablished
2025-04-07 00:15:23,187 [INFO] WebApp:194 - Connection lost
2025-04-07 00:15:23,855 [INFO] WebApp:191 - Connection restablished
2025-04-07 00:25:47,382 [INFO] WebApp:194 - Connection lost
2025-04-07 00:25:47,632 [INFO] WebApp:191 - Connection restablished
2025-04-07 00:25:51,721 [INFO] WebApp:194 - Connection lost
2025-04-07 00:25:52,051 [INFO] WebApp:191 - Connection restablished
2025-04-07 00:36:14,943 [INFO] WebApp:194 - Connection lost
2025-04-07 00:36:15,339 [INFO] WebApp:191 - Connection restablished
2025-04-07 00:46:53,934 [INFO] WebApp:194 - Connection lost
2025-04-07 00:46:54,214 [INFO] WebApp:191 - Connection restablished
2025-04-07 00:57:42,025 [INFO] WebApp:194 - Connection lost
2025-04-07 00:57:42,735 [INFO] WebApp:191 - Connection restablished
2025-04-07 01:08:09,336 [INFO] WebApp:194 - Connection lost
2025-04-07 01:08:09,570 [INFO] WebApp:191 - Connection restablished
2025-04-07 01:18:32,944 [INFO] WebApp:194 - Connection lost
2025-04-07 01:18:33,483 [INFO] WebApp:191 - Connection restablished
2025-04-07 01:28:59,445 [INFO] WebApp:194 - Connection lost
2025-04-07 01:28:59,673 [INFO] WebApp:191 - Connection restablished
2025-04-07 01:29:03,926 [INFO] WebApp:194 - Connection lost
2025-04-07 01:29:04,264 [INFO] WebApp:191 - Connection restablished
2025-04-07 01:39:25,305 [INFO] WebApp:194 - Connection lost
2025-04-07 01:39:25,527 [INFO] WebApp:191 - Connection restablished
2025-04-07 01:50:01,898 [INFO] WebApp:194 - Connection lost
2025-04-07 01:50:02,328 [INFO] WebApp:191 - Connection restablished
2025-04-07 02:00:53,420 [INFO] WebApp:194 - Connection lost
2025-04-07 02:00:53,898 [INFO] WebApp:191 - Connection restablished
2025-04-07 02:11:22,369 [INFO] WebApp:194 - Connection lost
2025-04-07 02:11:22,764 [INFO] WebApp:191 - Connection restablished
2025-04-07 02:21:47,438 [INFO] WebApp:194 - Connection lost
2025-04-07 02:21:48,694 [INFO] WebApp:191 - Connection restablished
2025-04-07 02:32:19,048 [INFO] WebApp:194 - Connection lost
2025-04-07 02:32:19,404 [INFO] WebApp:191 - Connection restablished
2025-04-07 02:42:47,389 [INFO] WebApp:194 - Connection lost
2025-04-07 02:42:48,324 [INFO] WebApp:191 - Connection restablished
2025-04-07 02:53:20,041 [INFO] WebApp:194 - Connection lost
2025-04-07 02:53:20,274 [INFO] WebApp:191 - Connection restablished
2025-04-07 02:53:22,485 [INFO] WebApp:194 - Connection lost
2025-04-07 02:53:24,857 [INFO] WebApp:191 - Connection restablished
2025-04-07 03:03:50,621 [INFO] WebApp:194 - Connection lost
2025-04-07 03:03:51,026 [INFO] WebApp:191 - Connection restablished
2025-04-07 03:14:39,845 [INFO] WebApp:194 - Connection lost
2025-04-07 03:14:40,556 [INFO] WebApp:191 - Connection restablished
2025-04-07 03:25:15,560 [INFO] WebApp:194 - Connection lost
2025-04-07 03:25:16,550 [INFO] WebApp:191 - Connection restablished
2025-04-07 03:35:44,167 [INFO] WebApp:194 - Connection lost
2025-04-07 03:35:44,508 [INFO] WebApp:191 - Connection restablished
2025-04-07 03:45:58,522 [INFO] WebApp:194 - Connection lost
2025-04-07 03:45:59,136 [INFO] WebApp:191 - Connection restablished
2025-04-07 03:56:51,433 [INFO] WebApp:194 - Connection lost
2025-04-07 03:56:51,979 [INFO] WebApp:191 - Connection restablished
2025-04-07 04:07:41,097 [INFO] WebApp:194 - Connection lost
2025-04-07 04:07:41,637 [INFO] WebApp:191 - Connection restablished
2025-04-07 04:18:05,571 [INFO] WebApp:194 - Connection lost
2025-04-07 04:18:05,978 [INFO] WebApp:191 - Connection restablished
2025-04-07 04:28:50,816 [INFO] WebApp:194 - Connection lost
2025-04-07 04:28:51,462 [INFO] WebApp:191 - Connection restablished
2025-04-07 04:39:16,395 [INFO] WebApp:194 - Connection lost
2025-04-07 04:39:16,651 [INFO] WebApp:191 - Connection restablished
2025-04-07 04:49:43,711 [INFO] WebApp:194 - Connection lost
2025-04-07 04:49:44,445 [INFO] WebApp:191 - Connection restablished
2025-04-07 04:58:50,339 [INFO] WebApp:194 - Connection lost
2025-04-07 04:58:50,590 [INFO] WebApp:191 - Connection restablished
2025-04-07 05:09:13,934 [INFO] WebApp:194 - Connection lost
2025-04-07 05:09:14,644 [INFO] WebApp:191 - Connection restablished
2025-04-07 05:19:42,269 [INFO] WebApp:194 - Connection lost
2025-04-07 05:19:42,606 [INFO] WebApp:191 - Connection restablished
2025-04-07 05:30:21,674 [INFO] WebApp:194 - Connection lost
2025-04-07 05:30:22,327 [INFO] WebApp:191 - Connection restablished
2025-04-07 05:40:46,030 [INFO] WebApp:194 - Connection lost
2025-04-07 05:40:46,439 [INFO] WebApp:191 - Connection restablished
2025-04-07 05:46:58,440 [INFO] WebApp:194 - Connection lost
2025-04-07 05:46:59,103 [INFO] WebApp:191 - Connection restablished
2025-04-07 05:57:23,508 [INFO] WebApp:194 - Connection lost
2025-04-07 05:57:23,755 [INFO] WebApp:191 - Connection restablished
2025-04-07 06:07:53,200 [INFO] WebApp:194 - Connection lost
2025-04-07 06:07:53,809 [INFO] WebApp:191 - Connection restablished
2025-04-07 06:07:56,143 [INFO] WebApp:194 - Connection lost
2025-04-07 06:07:58,329 [INFO] WebApp:191 - Connection restablished
2025-04-07 06:18:17,524 [INFO] WebApp:194 - Connection lost
2025-04-07 06:18:17,830 [INFO] WebApp:191 - Connection restablished
2025-04-07 06:29:05,543 [INFO] WebApp:194 - Connection lost
2025-04-07 06:29:06,207 [INFO] WebApp:191 - Connection restablished
2025-04-07 06:39:29,788 [INFO] WebApp:194 - Connection lost
2025-04-07 06:39:30,185 [INFO] WebApp:191 - Connection restablished
2025-04-07 06:47:58,519 [INFO] WebApp:194 - Connection lost
2025-04-07 06:47:59,188 [INFO] WebApp:191 - Connection restablished
2025-04-07 06:58:17,237 [INFO] WebApp:194 - Connection lost
2025-04-07 06:58:17,585 [INFO] WebApp:191 - Connection restablished
2025-04-07 06:58:19,895 [INFO] WebApp:194 - Connection lost
2025-04-07 06:58:22,294 [INFO] WebApp:191 - Connection restablished
2025-04-07 07:08:45,054 [INFO] WebApp:194 - Connection lost
2025-04-07 07:08:45,652 [INFO] WebApp:191 - Connection restablished
2025-04-07 07:08:47,622 [INFO] WebApp:194 - Connection lost
2025-04-07 07:08:50,020 [INFO] WebApp:191 - Connection restablished
2025-04-07 07:19:37,482 [INFO] WebApp:194 - Connection lost
2025-04-07 07:19:38,186 [INFO] WebApp:191 - Connection restablished
2025-04-07 07:30:04,142 [INFO] WebApp:194 - Connection lost
2025-04-07 07:30:04,374 [INFO] WebApp:191 - Connection restablished
2025-04-07 07:40:31,448 [INFO] WebApp:194 - Connection lost
2025-04-07 07:40:32,150 [INFO] WebApp:191 - Connection restablished
2025-04-07 07:48:58,545 [INFO] WebApp:194 - Connection lost
2025-04-07 07:48:59,267 [INFO] WebApp:191 - Connection restablished
2025-04-07 07:59:23,505 [INFO] WebApp:194 - Connection lost
2025-04-07 07:59:23,870 [INFO] WebApp:191 - Connection restablished
2025-04-07 08:10:01,870 [INFO] WebApp:194 - Connection lost
2025-04-07 08:10:02,618 [INFO] WebApp:191 - Connection restablished
2025-04-07 08:20:40,556 [INFO] WebApp:194 - Connection lost
2025-04-07 08:20:41,154 [INFO] WebApp:191 - Connection restablished
2025-04-07 08:20:41,771 [INFO] WebApp:194 - Connection lost
2025-04-07 08:20:43,051 [INFO] WebApp:191 - Connection restablished
2025-04-07 08:31:33,264 [INFO] WebApp:194 - Connection lost
2025-04-07 08:31:33,935 [INFO] WebApp:191 - Connection restablished
2025-04-07 08:42:13,479 [INFO] WebApp:194 - Connection lost
2025-04-07 08:42:14,137 [INFO] WebApp:191 - Connection restablished
2025-04-07 08:49:58,376 [INFO] WebApp:194 - Connection lost
2025-04-07 08:49:58,786 [INFO] WebApp:191 - Connection restablished
2025-04-07 09:00:45,944 [INFO] WebApp:194 - Connection lost
2025-04-07 09:00:46,340 [INFO] WebApp:191 - Connection restablished
2025-04-07 09:05:09,140 [INFO] WebApp:194 - Connection lost
2025-04-07 09:05:09,479 [INFO] WebApp:191 - Connection restablished
2025-04-07 09:28:07,016 [INFO] MainUpdater:2872 - connection check result : 10
2025-04-07 09:28:07,147 [INFO] McuFinderGlobals:76 - Set McuFinderConnectedMode to true
2025-04-07 09:28:07,149 [INFO] MultiScanPanel:200 - Auto-refresh data requested => check proxy status ongoing
2025-04-07 09:28:07,151 [INFO] FinderPluginLoader:95 - Searching for filters in installed packs
2025-04-07 09:28:08,398 [INFO] LoadUrlFilesThread:185 - End of LoadServerUrlFiles without Thread
2025-04-07 09:28:08,399 [INFO] DetailPanel:341 - Set advertising image to /Users/parimeydpatil/STM32Cube/Repository//en.prom-stm32u3-mcu-finder.jpg
2025-04-07 09:28:14,061 [INFO] MultiScanPanel:200 - Auto-refresh data requested => check proxy status ongoing
2025-04-07 09:28:14,333 [INFO] LoadUrlFilesThread:185 - End of LoadServerUrlFiles without Thread
2025-04-07 09:28:14,335 [INFO] DetailPanel:341 - Set advertising image to /Users/parimeydpatil/STM32Cube/Repository//en.prom-stm32u3-mcu-finder.jpg
2025-04-07 09:28:17,884 [INFO] BoardResultTable:719 - Unmark Board STM32F407G-DISC1 as favorite
2025-04-07 09:28:17,916 [INFO] ApiDb:581 - Connected to CubeFinder SQLite database (/Users/parimeydpatil/.stmcufinder/plugins/mcufinder/mcu/cube-finder-db.db)
2025-04-07 09:28:47,337 [INFO] McuFinderGlobals:76 - Set McuFinderConnectedMode to true
2025-04-07 09:28:47,349 [INFO] ApiDb:448 - Save user favorites file /Users/parimeydpatil/.stm32cubeide/favorites.mcus.txt: 0 item(s)
2025-04-07 09:28:47,350 [INFO] ApiDb:452 - User favorites MCUs=[]
2025-04-07 09:28:47,356 [INFO] ApiDb:448 - Save user favorites file /Users/parimeydpatil/.stm32cubeide/favorites.boards.txt: 0 item(s)
2025-04-07 09:28:47,356 [INFO] ApiDb:452 - User favorites Boards=[]
2025-04-07 09:56:18,366 [INFO] WebApp:194 - Connection lost
2025-04-07 09:56:19,014 [INFO] WebApp:191 - Connection restablished
2025-04-07 10:07:08,804 [INFO] WebApp:194 - Connection lost
2025-04-07 10:07:09,524 [INFO] WebApp:191 - Connection restablished
2025-04-07 10:17:32,632 [INFO] WebApp:194 - Connection lost
2025-04-07 10:17:33,014 [INFO] WebApp:191 - Connection restablished
2025-04-07 10:27:57,700 [INFO] WebApp:194 - Connection lost
2025-04-07 10:27:58,245 [INFO] WebApp:191 - Connection restablished
2025-04-07 10:38:20,727 [INFO] WebApp:194 - Connection lost
2025-04-07 10:38:21,171 [INFO] WebApp:191 - Connection restablished
2025-04-07 10:48:59,570 [INFO] WebApp:194 - Connection lost
2025-04-07 10:49:00,309 [INFO] WebApp:191 - Connection restablished
2025-04-07 10:49:00,711 [INFO] WebApp:194 - Connection lost
2025-04-07 10:49:02,189 [INFO] WebApp:191 - Connection restablished
2025-04-07 10:59:23,936 [INFO] WebApp:194 - Connection lost
2025-04-07 10:59:24,255 [INFO] WebApp:191 - Connection restablished
2025-04-07 11:09:49,501 [INFO] WebApp:194 - Connection lost
2025-04-07 11:09:50,242 [INFO] WebApp:191 - Connection restablished
2025-04-07 11:09:54,515 [INFO] WebApp:194 - Connection lost
2025-04-07 11:09:56,035 [INFO] WebApp:191 - Connection restablished
2025-04-07 11:20:30,499 [INFO] WebApp:194 - Connection lost
2025-04-07 11:20:31,053 [INFO] WebApp:191 - Connection restablished
2025-04-07 11:30:54,681 [INFO] WebApp:194 - Connection lost
2025-04-07 11:30:54,999 [INFO] WebApp:191 - Connection restablished
2025-04-07 11:41:24,966 [INFO] WebApp:194 - Connection lost
2025-04-07 11:41:25,730 [INFO] WebApp:191 - Connection restablished
2025-04-07 11:47:11,494 [INFO] WebApp:194 - Connection lost
2025-04-07 11:47:11,931 [INFO] WebApp:191 - Connection restablished
2025-04-07 11:57:46,078 [INFO] WebApp:194 - Connection lost
2025-04-07 11:57:46,812 [INFO] WebApp:191 - Connection restablished
2025-04-07 12:08:21,440 [INFO] WebApp:194 - Connection lost
2025-04-07 12:08:22,183 [INFO] WebApp:191 - Connection restablished
2025-04-07 12:18:46,868 [INFO] WebApp:194 - Connection lost
2025-04-07 12:18:47,190 [INFO] WebApp:191 - Connection restablished
2025-04-07 12:29:23,499 [INFO] WebApp:194 - Connection lost
2025-04-07 12:29:24,237 [INFO] WebApp:191 - Connection restablished
2025-04-07 12:39:47,423 [INFO] WebApp:194 - Connection lost
2025-04-07 12:39:47,794 [INFO] WebApp:191 - Connection restablished
2025-04-07 12:48:11,259 [INFO] WebApp:194 - Connection lost
2025-04-07 12:48:11,960 [INFO] WebApp:191 - Connection restablished
2025-04-07 12:58:37,953 [INFO] WebApp:194 - Connection lost
2025-04-07 12:58:38,285 [INFO] WebApp:191 - Connection restablished
2025-04-07 13:09:03,823 [INFO] WebApp:194 - Connection lost
2025-04-07 13:09:04,443 [INFO] WebApp:191 - Connection restablished
2025-04-07 13:11:50,200 [INFO] WebApp:194 - Connection lost
2025-04-07 13:11:50,864 [INFO] WebApp:191 - Connection restablished
2025-04-07 13:22:26,672 [INFO] WebApp:194 - Connection lost
2025-04-07 13:22:27,429 [INFO] WebApp:191 - Connection restablished
2025-04-07 13:32:52,732 [INFO] WebApp:194 - Connection lost
2025-04-07 13:32:53,150 [INFO] WebApp:191 - Connection restablished
2025-04-07 13:32:53,715 [INFO] WebApp:194 - Connection lost
2025-04-07 13:32:54,531 [INFO] WebApp:191 - Connection restablished
2025-04-07 13:43:21,541 [INFO] WebApp:194 - Connection lost
2025-04-07 13:43:22,197 [INFO] WebApp:191 - Connection restablished
2025-04-07 13:49:12,162 [INFO] WebApp:194 - Connection lost
2025-04-07 13:49:12,456 [INFO] WebApp:191 - Connection restablished
2025-04-07 13:59:31,147 [INFO] WebApp:194 - Connection lost
2025-04-07 13:59:31,930 [INFO] WebApp:191 - Connection restablished
2025-04-07 14:10:16,431 [INFO] WebApp:194 - Connection lost
2025-04-07 14:10:17,089 [INFO] WebApp:191 - Connection restablished
2025-04-07 14:31:30,564 [INFO] WebApp:194 - Connection lost
2025-04-07 14:31:31,196 [INFO] WebApp:191 - Connection restablished
2025-04-07 14:41:54,904 [INFO] WebApp:194 - Connection lost
2025-04-07 14:41:55,315 [INFO] WebApp:191 - Connection restablished
2025-04-07 14:50:12,223 [INFO] WebApp:194 - Connection lost
2025-04-07 14:50:12,943 [INFO] WebApp:191 - Connection restablished
2025-04-07 15:00:52,116 [INFO] WebApp:194 - Connection lost
2025-04-07 15:00:52,774 [INFO] WebApp:191 - Connection restablished
2025-04-07 15:11:18,311 [INFO] WebApp:194 - Connection lost
2025-04-07 15:11:18,785 [INFO] WebApp:191 - Connection restablished
2025-04-07 15:21:44,302 [INFO] WebApp:194 - Connection lost
2025-04-07 15:21:44,945 [INFO] WebApp:191 - Connection restablished
2025-04-07 15:32:26,234 [INFO] WebApp:194 - Connection lost
2025-04-07 15:32:26,857 [INFO] WebApp:191 - Connection restablished
2025-04-07 15:32:31,379 [INFO] WebApp:194 - Connection lost
2025-04-07 15:32:32,920 [INFO] WebApp:191 - Connection restablished
2025-04-07 15:43:07,375 [INFO] WebApp:194 - Connection lost
2025-04-07 15:43:08,058 [INFO] WebApp:191 - Connection restablished
2025-04-07 15:43:08,146 [INFO] WebApp:194 - Connection lost
2025-04-07 15:43:09,938 [INFO] WebApp:191 - Connection restablished
2025-04-07 15:43:34,366 [INFO] WebApp:194 - Connection lost
2025-04-07 15:43:34,751 [INFO] WebApp:191 - Connection restablished
2025-04-07 15:51:12,176 [INFO] WebApp:194 - Connection lost
2025-04-07 15:51:12,977 [INFO] WebApp:191 - Connection restablished
2025-04-07 15:51:13,319 [INFO] WebApp:194 - Connection lost
2025-04-07 15:51:14,861 [INFO] WebApp:191 - Connection restablished
2025-04-07 16:01:47,665 [INFO] WebApp:194 - Connection lost
2025-04-07 16:01:48,243 [INFO] WebApp:191 - Connection restablished
2025-04-07 16:01:49,653 [INFO] WebApp:194 - Connection lost
2025-04-07 16:01:53,379 [INFO] WebApp:191 - Connection restablished
2025-04-07 16:12:14,108 [INFO] WebApp:194 - Connection lost
2025-04-07 16:12:14,505 [INFO] WebApp:191 - Connection restablished
2025-04-07 16:22:50,448 [INFO] WebApp:194 - Connection lost
2025-04-07 16:22:51,095 [INFO] WebApp:191 - Connection restablished
2025-04-07 16:33:37,945 [INFO] WebApp:194 - Connection lost
2025-04-07 16:33:38,674 [INFO] WebApp:191 - Connection restablished
2025-04-07 16:44:04,994 [INFO] WebApp:194 - Connection lost
2025-04-07 16:44:05,447 [INFO] WebApp:191 - Connection restablished
2025-04-07 16:52:13,441 [INFO] WebApp:194 - Connection lost
2025-04-07 16:52:14,120 [INFO] WebApp:191 - Connection restablished
2025-04-07 16:52:50,966 [INFO] WebApp:194 - Connection lost
2025-04-07 16:52:51,698 [INFO] WebApp:191 - Connection restablished
2025-04-07 17:03:16,701 [INFO] WebApp:194 - Connection lost
2025-04-07 17:03:17,025 [INFO] WebApp:191 - Connection restablished
2025-04-07 17:13:42,279 [INFO] WebApp:194 - Connection lost
2025-04-07 17:13:42,967 [INFO] WebApp:191 - Connection restablished
2025-04-07 17:13:47,610 [INFO] WebApp:194 - Connection lost
2025-04-07 17:13:48,526 [INFO] WebApp:191 - Connection restablished
2025-04-07 17:24:33,377 [INFO] WebApp:194 - Connection lost
2025-04-07 17:24:33,977 [INFO] WebApp:191 - Connection restablished
2025-04-07 17:35:02,334 [INFO] WebApp:194 - Connection lost
2025-04-07 17:35:02,677 [INFO] WebApp:191 - Connection restablished
2025-04-07 17:45:29,661 [INFO] WebApp:194 - Connection lost
2025-04-07 17:45:30,224 [INFO] WebApp:191 - Connection restablished
2025-04-07 17:53:13,353 [INFO] WebApp:194 - Connection lost
2025-04-07 17:53:13,802 [INFO] WebApp:191 - Connection restablished
2025-04-07 17:53:35,255 [INFO] WebApp:194 - Connection lost
2025-04-07 17:53:35,906 [INFO] WebApp:191 - Connection restablished
2025-04-07 18:03:51,617 [INFO] WebApp:194 - Connection lost
2025-04-07 18:03:52,030 [INFO] WebApp:191 - Connection restablished
2025-04-07 18:04:18,131 [INFO] WebApp:194 - Connection lost
2025-04-07 18:04:18,874 [INFO] WebApp:191 - Connection restablished
2025-04-07 18:14:40,144 [INFO] WebApp:194 - Connection lost
2025-04-07 18:14:40,511 [INFO] WebApp:191 - Connection restablished
2025-04-07 18:14:40,722 [INFO] WebApp:194 - Connection lost
2025-04-07 18:14:41,521 [INFO] WebApp:191 - Connection restablished
2025-04-07 18:25:31,592 [INFO] WebApp:194 - Connection lost
2025-04-07 18:25:32,332 [INFO] WebApp:191 - Connection restablished
2025-04-07 18:35:56,043 [INFO] WebApp:194 - Connection lost
2025-04-07 18:35:56,358 [INFO] WebApp:191 - Connection restablished
2025-04-07 18:46:24,360 [INFO] WebApp:194 - Connection lost
2025-04-07 18:46:24,996 [INFO] WebApp:191 - Connection restablished
2025-04-07 18:54:14,172 [INFO] WebApp:194 - Connection lost
2025-04-07 18:54:14,954 [INFO] WebApp:191 - Connection restablished
2025-04-07 19:04:38,929 [INFO] WebApp:194 - Connection lost
2025-04-07 19:04:39,357 [INFO] WebApp:191 - Connection restablished
2025-04-07 19:15:12,194 [INFO] WebApp:194 - Connection lost
2025-04-07 19:15:12,907 [INFO] WebApp:191 - Connection restablished
2025-04-07 19:32:34,213 [INFO] WebApp:194 - Connection lost
2025-04-07 19:32:34,980 [INFO] WebApp:191 - Connection restablished
2025-04-07 19:43:19,737 [INFO] WebApp:194 - Connection lost
2025-04-07 19:43:20,384 [INFO] WebApp:191 - Connection restablished
2025-04-07 19:54:01,030 [INFO] WebApp:194 - Connection lost
2025-04-07 19:54:01,705 [INFO] WebApp:191 - Connection restablished
2025-04-07 20:04:44,622 [INFO] WebApp:194 - Connection lost
2025-04-07 20:04:45,095 [INFO] WebApp:191 - Connection restablished
2025-04-07 20:04:49,528 [INFO] WebApp:194 - Connection lost
2025-04-07 20:04:49,923 [INFO] WebApp:191 - Connection restablished
2025-04-07 20:15:33,603 [INFO] WebApp:194 - Connection lost
2025-04-07 20:15:34,367 [INFO] WebApp:191 - Connection restablished
2025-04-07 20:26:27,973 [INFO] WebApp:194 - Connection lost
2025-04-07 20:26:28,757 [INFO] WebApp:191 - Connection restablished
2025-04-07 20:26:30,187 [INFO] WebApp:194 - Connection lost
2025-04-07 20:26:33,385 [INFO] WebApp:191 - Connection restablished
2025-04-07 20:37:21,156 [INFO] WebApp:194 - Connection lost
2025-04-07 20:37:21,832 [INFO] WebApp:191 - Connection restablished
2025-04-07 20:48:09,254 [INFO] WebApp:194 - Connection lost
2025-04-07 20:48:10,041 [INFO] WebApp:191 - Connection restablished
2025-04-07 20:48:10,416 [INFO] WebApp:194 - Connection lost
2025-04-07 20:48:11,986 [INFO] WebApp:191 - Connection restablished
2025-04-07 20:48:57,917 [INFO] WebApp:194 - Connection lost
2025-04-07 20:48:58,552 [INFO] WebApp:191 - Connection restablished
2025-04-07 20:49:51,373 [INFO] WebApp:194 - Connection lost
2025-04-07 20:49:52,134 [INFO] WebApp:191 - Connection restablished
2025-04-07 20:55:15,366 [INFO] WebApp:194 - Connection lost
2025-04-07 20:55:15,686 [INFO] WebApp:191 - Connection restablished
2025-04-07 21:06:03,996 [INFO] WebApp:194 - Connection lost
2025-04-07 21:06:04,661 [INFO] WebApp:191 - Connection restablished
2025-04-07 21:16:57,219 [INFO] WebApp:194 - Connection lost
2025-04-07 21:16:57,927 [INFO] WebApp:191 - Connection restablished
2025-04-07 21:17:55,408 [INFO] WebApp:194 - Connection lost
2025-04-07 21:17:56,206 [INFO] WebApp:191 - Connection restablished
2025-04-07 21:17:58,663 [INFO] WebApp:194 - Connection lost
2025-04-07 21:18:01,350 [INFO] WebApp:191 - Connection restablished
2025-04-07 21:47:13,259 [INFO] WebApp:194 - Connection lost
2025-04-07 21:47:13,915 [INFO] WebApp:191 - Connection restablished
2025-04-07 23:10:56,211 [INFO] WebApp:194 - Connection lost
2025-04-07 23:10:56,998 [INFO] WebApp:191 - Connection restablished
2025-04-07 23:21:29,615 [INFO] WebApp:194 - Connection lost
2025-04-07 23:21:30,014 [INFO] WebApp:191 - Connection restablished
2025-04-07 23:24:01,797 [INFO] WebApp:194 - Connection lost
2025-04-07 23:24:02,286 [INFO] WebApp:191 - Connection restablished
2025-04-07 23:24:06,496 [INFO] WebApp:194 - Connection lost
2025-04-07 23:24:07,092 [INFO] WebApp:191 - Connection restablished
2025-04-07 23:34:11,469 [INFO] WebApp:194 - Connection lost
2025-04-07 23:34:12,949 [INFO] WebApp:191 - Connection restablished
2025-04-07 23:44:40,310 [INFO] WebApp:194 - Connection lost
2025-04-07 23:44:40,979 [INFO] WebApp:191 - Connection restablished
2025-04-07 23:55:08,931 [INFO] WebApp:194 - Connection lost
2025-04-07 23:55:09,367 [INFO] WebApp:191 - Connection restablished
