2025-04-06 10:33:50,476 [INFO] Activator:176 - 


2025-04-06 10:33:50,480 [INFO] Activator:177 - !SESSION log4j initialized
2025-04-06 10:33:54,981 [INFO] LogOutputStream:77 - [STDOUT_REDIRECT] 
2025-04-06 10:33:55,728 [ERROR] LogOutputStream:75 - [STDERR_REDIRECT] 
2025-04-06 10:34:00,795 [INFO] LogOutputStream:77 - [STDOUT_REDIRECT] 
2025-04-06 10:34:03,094 [INFO] ApplicationProperties:184 - Using Application install path: /Applications/STM32CubeIDE.app/Contents/Eclipse/plugins/com.st.stm32cube.common.mx_6.14.0.202502271554
2025-04-06 10:34:03,104 [INFO] DbMcusXml:78 - Set database path to: /Applications/STM32CubeIDE.app/Contents/Eclipse/plugins/com.st.stm32cube.common.mx_6.14.0.202502271554//db//mcu/
2025-04-06 10:34:03,104 [INFO] ApiDb:274 - Set plugin database path to: /Applications/STM32CubeIDE.app/Contents/Eclipse/plugins/com.st.stm32cube.common.mx_6.14.0.202502271554//db//plugins/boardmanager/
2025-04-06 10:34:03,104 [WARN] ApiDb:259 - Overriding images path with different value:  => /Applications/STM32CubeIDE.app/Contents/Eclipse/plugins/com.st.stm32cube.common.mx_6.14.0.202502271554//db//plugins/mcufinder/images/
2025-04-06 10:34:03,110 [INFO] ApiDb:250 - Set database path to: /Users/parimeydpatil/.stmcufinder/plugins/mcufinder//mcu/
2025-04-06 10:34:03,110 [INFO] DbMcusAds:125 - Set database path to: /Users/parimeydpatil/.stmcufinder/plugins/mcufinder//mcu/
2025-04-06 10:34:03,111 [INFO] CrossReferenceDbSqlite:203 - Set database path to: /Users/parimeydpatil/.stmcufinder/plugins/mcufinder//mcu/cs/
2025-04-06 10:34:03,210 [INFO] RulesReader:64 - Compatibility file has been processed (301 Rules)
2025-04-06 10:34:03,286 [INFO] DbMcusXml:78 - Set database path to: /Applications/STM32CubeIDE.app/Contents/Eclipse/plugins/com.st.stm32cube.common.mx_6.14.0.202502271554//db//mcu/
2025-04-06 10:34:03,287 [INFO] ApiDb:274 - Set plugin database path to: /Applications/STM32CubeIDE.app/Contents/Eclipse/plugins/com.st.stm32cube.common.mx_6.14.0.202502271554//db//plugins/boardmanager/
2025-04-06 10:34:03,287 [INFO] ApiDb:261 - Set plugin images path to: /Applications/STM32CubeIDE.app/Contents/Eclipse/plugins/com.st.stm32cube.common.mx_6.14.0.202502271554//db//plugins/mcufinder/images/
2025-04-06 10:34:03,287 [WARN] DbFile:41 - Overriding database path with different value: /Users/parimeydpatil/.stmcufinder/plugins/mcufinder/ => /Users/parimeydpatil/.stmcufinder/plugins/mcufinder
2025-04-06 10:34:03,287 [INFO] ApiDb:250 - Set database path to: /Users/parimeydpatil/.stmcufinder/plugins/mcufinder//mcu/
2025-04-06 10:34:03,287 [WARN] DbFile:41 - Overriding database path with different value: /Users/parimeydpatil/.stmcufinder/plugins/mcufinder/ => /Users/parimeydpatil/.stmcufinder/plugins/mcufinder
2025-04-06 10:34:03,287 [INFO] DbMcusAds:125 - Set database path to: /Users/parimeydpatil/.stmcufinder/plugins/mcufinder//mcu/
2025-04-06 10:34:03,287 [WARN] DbFile:41 - Overriding database path with different value: /Users/parimeydpatil/.stmcufinder/plugins/mcufinder/ => /Users/parimeydpatil/.stmcufinder/plugins/mcufinder
2025-04-06 10:34:03,287 [WARN] DbFile:41 - Overriding database path with different value: /Users/parimeydpatil/.stmcufinder/plugins/mcufinder/ => /Users/parimeydpatil/.stmcufinder/plugins/mcufinder
2025-04-06 10:34:03,287 [INFO] CrossReferenceDbSqlite:203 - Set database path to: /Users/parimeydpatil/.stmcufinder/plugins/mcufinder//mcu/cs/
2025-04-06 10:34:03,342 [INFO] MainPanel:272 - HeapMemory: 268435456
2025-04-06 10:34:03,780 [INFO] DbMcusXml:78 - Set database path to: /Applications/STM32CubeIDE.app/Contents/Eclipse/plugins/com.st.stm32cube.common.mx_6.14.0.202502271554//db//mcu/
2025-04-06 10:34:03,780 [INFO] ApiDb:274 - Set plugin database path to: /Applications/STM32CubeIDE.app/Contents/Eclipse/plugins/com.st.stm32cube.common.mx_6.14.0.202502271554//db//plugins/boardmanager/
2025-04-06 10:34:03,780 [INFO] ApiDb:261 - Set plugin images path to: /Applications/STM32CubeIDE.app/Contents/Eclipse/plugins/com.st.stm32cube.common.mx_6.14.0.202502271554//db//plugins/mcufinder/images/
2025-04-06 10:34:03,781 [WARN] DbFile:41 - Overriding database path with different value: /Users/parimeydpatil/.stmcufinder/plugins/mcufinder/ => /Users/parimeydpatil/.stmcufinder/plugins/mcufinder
2025-04-06 10:34:03,781 [INFO] ApiDb:250 - Set database path to: /Users/parimeydpatil/.stmcufinder/plugins/mcufinder//mcu/
2025-04-06 10:34:03,781 [WARN] DbFile:41 - Overriding database path with different value: /Users/parimeydpatil/.stmcufinder/plugins/mcufinder/ => /Users/parimeydpatil/.stmcufinder/plugins/mcufinder
2025-04-06 10:34:03,781 [INFO] DbMcusAds:125 - Set database path to: /Users/parimeydpatil/.stmcufinder/plugins/mcufinder//mcu/
2025-04-06 10:34:03,781 [WARN] DbFile:41 - Overriding database path with different value: /Users/parimeydpatil/.stmcufinder/plugins/mcufinder/ => /Users/parimeydpatil/.stmcufinder/plugins/mcufinder
2025-04-06 10:34:03,781 [WARN] DbFile:41 - Overriding database path with different value: /Users/parimeydpatil/.stmcufinder/plugins/mcufinder/ => /Users/parimeydpatil/.stmcufinder/plugins/mcufinder
2025-04-06 10:34:03,781 [INFO] CrossReferenceDbSqlite:203 - Set database path to: /Users/parimeydpatil/.stmcufinder/plugins/mcufinder//mcu/cs/
2025-04-06 10:34:03,794 [INFO] ApplicationProperties:184 - Using Application install path: /Applications/STM32CubeIDE.app/Contents/Eclipse/plugins/com.st.stm32cube.common.mx_6.14.0.202502271554
2025-04-06 10:34:03,795 [INFO] PluginManage:196 - Search for loadable plugins [exclusion list=, ]
2025-04-06 10:34:03,796 [INFO] PluginManage:310 - Check plugin analytics
2025-04-06 10:34:03,946 [INFO] AnalyticsPlugin:253 - Accepted Software Licenses: 
2025-04-06 10:34:03,946 [INFO] AnalyticsPlugin:255 - Accepted CMSIS Pack Licenses: 
2025-04-06 10:34:03,946 [INFO] AnalyticsPlugin:257 - Accepted Firmware Licenses: 
2025-04-06 10:34:03,950 [INFO] PluginManage:359 - Loaded plugin analytics (category:tool,tabindex:-1)
2025-04-06 10:34:03,953 [INFO] PluginManage:310 - Check plugin cadmodel
2025-04-06 10:34:03,963 [INFO] CADModel:105 - Init CAD model plugin
2025-04-06 10:34:03,963 [INFO] PluginManage:359 - Loaded plugin cadmodel (category:power,tabindex:5)
2025-04-06 10:34:03,964 [INFO] PluginManage:310 - Check plugin clock
2025-04-06 10:34:03,973 [INFO] PluginManage:359 - Loaded plugin clock (category:base,tabindex:2)
2025-04-06 10:34:03,973 [INFO] PluginManage:310 - Check plugin ddr
2025-04-06 10:34:03,974 [INFO] PluginManage:359 - Loaded plugin ddr (category:tool,tabindex:6)
2025-04-06 10:34:03,975 [INFO] PluginManage:310 - Check plugin filemanager
2025-04-06 10:34:04,104 [INFO] PluginManage:359 - Loaded plugin filemanager (category:base,tabindex:10)
2025-04-06 10:34:04,105 [INFO] PluginManage:310 - Check plugin ipmanager
2025-04-06 10:34:04,111 [INFO] PluginManage:359 - Loaded plugin ipmanager (category:base,tabindex:5)
2025-04-06 10:34:04,111 [INFO] PluginManage:310 - Check plugin lpbam
2025-04-06 10:34:04,118 [INFO] PluginManage:359 - Loaded plugin lpbam (category:base,tabindex:0)
2025-04-06 10:34:04,118 [INFO] PluginManage:310 - Check plugin memorymap
2025-04-06 10:34:04,126 [INFO] PluginManage:359 - Loaded plugin memorymap (category:base,tabindex:4)
2025-04-06 10:34:04,126 [INFO] PluginManage:310 - Check plugin pinoutandconfiguration
2025-04-06 10:34:04,131 [INFO] PluginManage:359 - Loaded plugin pinoutandconfiguration (category:base,tabindex:1)
2025-04-06 10:34:04,132 [INFO] PluginManage:310 - Check plugin pinoutconfig
2025-04-06 10:34:04,194 [WARN] SupportedApi:132 - Cannot load RTOS API schema: s4s-elt-must-match.1: The content of 'definitions' must match (annotation?, (simpleType | complexType)?, (unique | key | keyref)*)). A problem was found starting at: attribute.
2025-04-06 10:34:04,305 [INFO] PluginManage:359 - Loaded plugin pinoutconfig (category:base,tabindex:0)
2025-04-06 10:34:04,305 [INFO] PluginManage:310 - Check plugin power
2025-04-06 10:34:04,314 [INFO] PluginManage:359 - Loaded plugin power (category:power,tabindex:4)
2025-04-06 10:34:04,314 [INFO] PluginManage:310 - Check plugin projectmanager
2025-04-06 10:34:04,333 [INFO] PluginManage:359 - Loaded plugin projectmanager (category:projectmanager,tabindex:4)
2025-04-06 10:34:04,333 [INFO] PluginManage:310 - Check plugin rif
2025-04-06 10:34:04,337 [INFO] PluginManage:359 - Loaded plugin rif (category:base,tabindex:3)
2025-04-06 10:34:04,337 [INFO] PluginManage:310 - Check plugin thirdparty
2025-04-06 10:34:04,428 [INFO] PluginManage:359 - Loaded plugin thirdparty (category:base,tabindex:-1)
2025-04-06 10:34:04,428 [INFO] PluginManage:310 - Check plugin tools
2025-04-06 10:34:04,428 [WARN] IntegrityCheckThread:84 - waiting for thirdparty lock release [integrity check]
2025-04-06 10:34:04,429 [INFO] IntegrityCheckThread:86 - entering critical section [integrity check]
2025-04-06 10:34:04,430 [INFO] ThirdPartyUpdaterWithRetryManager:70 - Updater plugin not ready yet. [1/15]
2025-04-06 10:34:04,432 [INFO] PluginManage:359 - Loaded plugin tools (category:base,tabindex:7)
2025-04-06 10:34:04,433 [INFO] PluginManage:310 - Check plugin tutovideos
2025-04-06 10:34:04,550 [INFO] PluginManage:359 - Loaded plugin tutovideos (category:base,tabindex:-1)
2025-04-06 10:34:04,551 [INFO] PluginManage:310 - Check plugin updater
2025-04-06 10:34:04,570 [INFO] PluginManage:359 - Loaded plugin updater (category:base,tabindex:12)
2025-04-06 10:34:04,570 [INFO] PluginManage:310 - Check plugin userauth
2025-04-06 10:34:04,574 [INFO] UserAuth:118 - Init User Auth plugin
2025-04-06 10:34:04,575 [INFO] PluginManage:359 - Loaded plugin userauth (category:base,tabindex:14)
2025-04-06 10:34:04,576 [INFO] PluginManage:283 - PluginManage : Loaded plugins [18]
2025-04-06 10:34:04,758 [INFO] PinOutPanel:1589 - setPackage(No Configuration,No Configuration)
2025-04-06 10:34:04,807 [INFO] CADModel:165 - CPN selected for project level
2025-04-06 10:34:04,807 [INFO] CADModel:114 - Register for checkConnection events
2025-04-06 10:34:04,816 [INFO] IPUIPlugin:80 - create IPUIPlugin
2025-04-06 10:34:04,816 [INFO] PluginManager:220 - loadIPPluginJar : add mdma
2025-04-06 10:34:04,821 [INFO] IPUIPlugin:80 - create IPUIPlugin
2025-04-06 10:34:04,821 [INFO] PluginManager:220 - loadIPPluginJar : add freertos
2025-04-06 10:34:04,824 [INFO] IPUIPlugin:80 - create IPUIPlugin
2025-04-06 10:34:04,824 [INFO] PluginManager:220 - loadIPPluginJar : add gic
2025-04-06 10:34:04,829 [INFO] IPUIPlugin:80 - create IPUIPlugin
2025-04-06 10:34:04,830 [INFO] PluginManager:220 - loadIPPluginJar : add adc
2025-04-06 10:34:04,831 [INFO] IPUIPlugin:80 - create IPUIPlugin
2025-04-06 10:34:04,831 [INFO] PluginManager:220 - loadIPPluginJar : add gtzc
2025-04-06 10:34:04,831 [INFO] IPUIPlugin:80 - create IPUIPlugin
2025-04-06 10:34:04,831 [INFO] PluginManager:220 - loadIPPluginJar : add quadspi
2025-04-06 10:34:04,832 [INFO] IPUIPlugin:80 - create IPUIPlugin
2025-04-06 10:34:04,833 [INFO] PluginManager:220 - loadIPPluginJar : add aes
2025-04-06 10:34:04,834 [INFO] IPUIPlugin:80 - create IPUIPlugin
2025-04-06 10:34:04,834 [INFO] PluginManager:220 - loadIPPluginJar : add pdm2pcm
2025-04-06 10:34:04,835 [INFO] IPUIPlugin:80 - create IPUIPlugin
2025-04-06 10:34:04,835 [INFO] PluginManager:220 - loadIPPluginJar : add hash
2025-04-06 10:34:04,835 [INFO] IPUIPlugin:80 - create IPUIPlugin
2025-04-06 10:34:04,835 [INFO] PluginManager:220 - loadIPPluginJar : add tim
2025-04-06 10:34:04,836 [INFO] IPUIPlugin:80 - create IPUIPlugin
2025-04-06 10:34:04,836 [INFO] PluginManager:220 - loadIPPluginJar : add tsc
2025-04-06 10:34:04,838 [INFO] IPUIPlugin:80 - create IPUIPlugin
2025-04-06 10:34:04,839 [INFO] PluginManager:220 - loadIPPluginJar : add extmemmanager
2025-04-06 10:34:04,840 [INFO] IPUIPlugin:80 - create IPUIPlugin
2025-04-06 10:34:04,840 [INFO] PluginManager:220 - loadIPPluginJar : add ts
2025-04-06 10:34:04,840 [INFO] IPUIPlugin:80 - create IPUIPlugin
2025-04-06 10:34:04,841 [INFO] PluginManager:220 - loadIPPluginJar : add radio
2025-04-06 10:34:04,842 [INFO] IPUIPlugin:80 - create IPUIPlugin
2025-04-06 10:34:04,842 [INFO] PluginManager:220 - loadIPPluginJar : add can
2025-04-06 10:34:04,843 [INFO] IPUIPlugin:80 - create IPUIPlugin
2025-04-06 10:34:04,843 [INFO] PluginManager:220 - loadIPPluginJar : add dma3
2025-04-06 10:34:04,844 [INFO] IPUIPlugin:80 - create IPUIPlugin
2025-04-06 10:34:04,844 [INFO] PluginManager:220 - loadIPPluginJar : add dfsdm
2025-04-06 10:34:04,845 [INFO] IPUIPlugin:80 - create IPUIPlugin
2025-04-06 10:34:04,845 [INFO] PluginManager:220 - loadIPPluginJar : add spi
2025-04-06 10:34:04,846 [INFO] IPUIPlugin:80 - create IPUIPlugin
2025-04-06 10:34:04,846 [INFO] PluginManager:220 - loadIPPluginJar : add gfxmmu
2025-04-06 10:34:04,847 [INFO] IPUIPlugin:80 - create IPUIPlugin
2025-04-06 10:34:04,847 [INFO] PluginManager:220 - loadIPPluginJar : add genericplugin
2025-04-06 10:34:04,848 [INFO] IPUIPlugin:80 - create IPUIPlugin
2025-04-06 10:34:04,848 [INFO] PluginManager:220 - loadIPPluginJar : add cryp
2025-04-06 10:34:04,850 [INFO] IPUIPlugin:80 - create IPUIPlugin
2025-04-06 10:34:04,850 [INFO] PluginManager:220 - loadIPPluginJar : add gpio
2025-04-06 10:34:04,852 [INFO] IPUIPlugin:80 - create IPUIPlugin
2025-04-06 10:34:04,852 [INFO] PluginManager:220 - loadIPPluginJar : add ddr_ctrl_phy
2025-04-06 10:34:04,853 [INFO] IPUIPlugin:80 - create IPUIPlugin
2025-04-06 10:34:04,853 [INFO] PluginManager:220 - loadIPPluginJar : add comp
2025-04-06 10:34:04,855 [INFO] IPUIPlugin:80 - create IPUIPlugin
2025-04-06 10:34:04,856 [INFO] PluginManager:220 - loadIPPluginJar : add tracer_emb
2025-04-06 10:34:04,857 [INFO] IPUIPlugin:80 - create IPUIPlugin
2025-04-06 10:34:04,857 [INFO] PluginManager:220 - loadIPPluginJar : add openamp
2025-04-06 10:34:04,860 [INFO] IPUIPlugin:80 - create IPUIPlugin
2025-04-06 10:34:04,860 [INFO] PluginManager:220 - loadIPPluginJar : add stm32_wpan
2025-04-06 10:34:04,863 [INFO] IPUIPlugin:80 - create IPUIPlugin
2025-04-06 10:34:04,864 [INFO] PluginManager:220 - loadIPPluginJar : add plateformsettings
2025-04-06 10:34:04,866 [INFO] IPUIPlugin:80 - create IPUIPlugin
2025-04-06 10:34:04,866 [INFO] PluginManager:220 - loadIPPluginJar : add ipddr
2025-04-06 10:34:04,867 [INFO] IPUIPlugin:80 - create IPUIPlugin
2025-04-06 10:34:04,867 [INFO] PluginManager:220 - loadIPPluginJar : add usart
2025-04-06 10:34:04,868 [INFO] IPUIPlugin:80 - create IPUIPlugin
2025-04-06 10:34:04,868 [INFO] PluginManager:220 - loadIPPluginJar : add ltdc
2025-04-06 10:34:04,869 [INFO] IPUIPlugin:80 - create IPUIPlugin
2025-04-06 10:34:04,869 [INFO] PluginManager:220 - loadIPPluginJar : add nvic
2025-04-06 10:34:04,870 [INFO] IPUIPlugin:80 - create IPUIPlugin
2025-04-06 10:34:04,870 [INFO] PluginManager:220 - loadIPPluginJar : add fatfs
2025-04-06 10:34:04,874 [INFO] IPUIPlugin:80 - create IPUIPlugin
2025-04-06 10:34:04,874 [INFO] PluginManager:220 - loadIPPluginJar : add linkedlist
2025-04-06 10:34:04,878 [INFO] IPUIPlugin:80 - create IPUIPlugin
2025-04-06 10:34:04,878 [INFO] PluginManager:220 - loadIPPluginJar : add dma
2025-04-06 10:34:04,880 [INFO] IPUIPlugin:80 - create IPUIPlugin
2025-04-06 10:34:04,880 [INFO] PluginManager:220 - loadIPPluginJar : add fmc
2025-04-06 10:34:04,881 [INFO] IPUIPlugin:80 - create IPUIPlugin
2025-04-06 10:34:04,881 [INFO] PluginManager:220 - loadIPPluginJar : add i2s
2025-04-06 10:34:04,882 [INFO] IPUIPlugin:80 - create IPUIPlugin
2025-04-06 10:34:04,882 [INFO] PluginManager:220 - loadIPPluginJar : add ucpd
2025-04-06 10:34:04,883 [INFO] IPUIPlugin:80 - create IPUIPlugin
2025-04-06 10:34:04,883 [INFO] PluginManager:220 - loadIPPluginJar : add lorawan
2025-04-06 10:34:04,884 [INFO] IPUIPlugin:80 - create IPUIPlugin
2025-04-06 10:34:04,884 [INFO] PluginManager:220 - loadIPPluginJar : add opamp
2025-04-06 10:34:04,886 [INFO] IPUIPlugin:80 - create IPUIPlugin
2025-04-06 10:34:04,886 [INFO] PluginManager:220 - loadIPPluginJar : add i3c
2025-04-06 10:34:04,887 [INFO] IPUIPlugin:80 - create IPUIPlugin
2025-04-06 10:34:04,888 [INFO] PluginManager:220 - loadIPPluginJar : add touchsensing
2025-04-06 10:34:04,889 [INFO] IPUIPlugin:80 - create IPUIPlugin
2025-04-06 10:34:04,889 [INFO] PluginManager:220 - loadIPPluginJar : add i2c
2025-04-06 10:34:04,891 [INFO] IPUIPlugin:80 - create IPUIPlugin
2025-04-06 10:34:04,891 [INFO] PluginManager:220 - loadIPPluginJar : add resmgrutility
2025-04-06 10:34:04,893 [INFO] IPUIPlugin:80 - create IPUIPlugin
2025-04-06 10:34:04,893 [INFO] PluginManager:220 - loadIPPluginJar : add sai
2025-04-06 10:34:04,894 [INFO] IPUIPlugin:80 - create IPUIPlugin
2025-04-06 10:34:04,894 [INFO] PluginManager:220 - loadIPPluginJar : add usbx
2025-04-06 10:34:04,997 [FATAL] Updater:351 - Updater called before beeing initialized
2025-04-06 10:34:05,037 [INFO] RulesReader:64 - Compatibility file has been processed (301 Rules)
2025-04-06 10:34:05,049 [INFO] RulesReader:64 - Compatibility file has been processed (301 Rules)
2025-04-06 10:34:05,058 [INFO] CADModel:165 - CPN selected for project level
2025-04-06 10:34:05,058 [INFO] CADModel:114 - Register for checkConnection events
2025-04-06 10:34:05,058 [FATAL] Updater:351 - Updater called before beeing initialized
2025-04-06 10:34:05,058 [ERROR] CADModel:125 - Updater not yet initialized, retry later 
2025-04-06 10:34:05,243 [FATAL] Updater:351 - Updater called before beeing initialized
2025-04-06 10:34:05,245 [INFO] CADModel:165 - CPN selected for project level
2025-04-06 10:34:05,245 [INFO] CADModel:114 - Register for checkConnection events
2025-04-06 10:34:05,245 [FATAL] Updater:351 - Updater called before beeing initialized
2025-04-06 10:34:05,245 [ERROR] CADModel:125 - Updater not yet initialized, retry later 
2025-04-06 10:34:05,247 [FATAL] Updater:351 - Updater called before beeing initialized
2025-04-06 10:34:05,380 [FATAL] Updater:351 - Updater called before beeing initialized
2025-04-06 10:34:05,384 [INFO] DbMcusAds:53 - JSON generation date=Thu Mar 06 20:24:21 IST 2025 (1741272861825)
2025-04-06 10:34:05,384 [FATAL] Updater:351 - Updater called before beeing initialized
2025-04-06 10:34:06,070 [WARN] DetailPanel:346 - Failed to get advertising image, set to default
2025-04-06 10:34:06,235 [FATAL] Updater:351 - Updater called before beeing initialized
2025-04-06 10:34:06,240 [FATAL] Updater:351 - Updater called before beeing initialized
2025-04-06 10:34:06,240 [FATAL] Updater:351 - Updater called before beeing initialized
2025-04-06 10:34:06,241 [WARN] DetailPanel:346 - Failed to get advertising image, set to default
2025-04-06 10:34:06,247 [FATAL] Updater:351 - Updater called before beeing initialized
2025-04-06 10:34:06,296 [ERROR] Updater:1198 - MainUpdater not yet initialized. External WinMGr cannot be set.
2025-04-06 10:34:06,326 [INFO] Updater:1134 - Updater Version found : 6.14.0
2025-04-06 10:34:06,337 [INFO] ApplicationProperties:184 - Using Application install path: /Applications/STM32CubeIDE.app/Contents/Eclipse/plugins/com.st.stm32cube.common.mx_6.14.0.202502271554
2025-04-06 10:34:06,574 [INFO] MainUpdater:2872 - connection check result : 10
2025-04-06 10:34:06,574 [INFO] MainUpdater:3566 - Updater definition file requires update
2025-04-06 10:34:06,575 [INFO] MainUpdater:289 - Updater Check For Update Now.
2025-04-06 10:34:06,575 [INFO] MicroXplorer:498 - Change Database Version : DB.6.0.140
2025-04-06 10:34:06,580 [INFO] McuFinderGlobals:63 - Set McuFinder mode to 2 (CubeIDE integrated)
2025-04-06 10:34:06,580 [INFO] UserAuth:171 - activating auth plugin
2025-04-06 10:34:06,585 [INFO] UserAuth:486 - Internet connection configuration mode: 1
2025-04-06 10:34:06,595 [INFO] JxBrowserEngine:152 - Initiate JxBrowser Engine with user profile folder
2025-04-06 10:34:06,623 [INFO] ServerAccessManage:473 - Download File updaters.zip
2025-04-06 10:34:06,724 [INFO] FileExtend:242 - Unzip File : updaters.zip
2025-04-06 10:34:06,724 [INFO] FileExtend:257 - Standard Zip Deflate
2025-04-06 10:34:06,909 [INFO] ServerAccessManage:473 - Download File PacksControlFlags.xml
2025-04-06 10:34:06,991 [INFO] ServerAccessManage:473 - Download File cubemx.pidx
2025-04-06 10:34:07,431 [WARN] MainUpdater:1193 - Updater busy. Cannot search thirdparties
2025-04-06 10:34:07,432 [INFO] ThirdPartyUpdaterWithRetryManager:96 - Updater plugin is busy. [1/15]
2025-04-06 10:34:07,588 [INFO] ServerAccessManage:473 - Download File STMicroelectronics.X-CUBE-DPOWER.pdsc
2025-04-06 10:34:08,248 [ERROR] ServerAccessManage:1089 - Problem, file not found on Server
2025-04-06 10:34:08,740 [ERROR] ServerAccessManage:1089 - Problem, file not found on Server
2025-04-06 10:34:09,239 [ERROR] ServerAccessManage:1089 - Problem, file not found on Server
2025-04-06 10:34:09,724 [ERROR] ServerAccessManage:1089 - Problem, file not found on Server
2025-04-06 10:34:10,215 [ERROR] ServerAccessManage:1089 - Problem, file not found on Server
2025-04-06 10:34:10,436 [WARN] MainUpdater:1193 - Updater busy. Cannot search thirdparties
2025-04-06 10:34:10,437 [INFO] ThirdPartyUpdaterWithRetryManager:96 - Updater plugin is busy. [2/15]
2025-04-06 10:34:10,699 [ERROR] ServerAccessManage:1089 - Problem, file not found on Server
2025-04-06 10:34:11,190 [ERROR] ServerAccessManage:1089 - Problem, file not found on Server
2025-04-06 10:34:11,608 [INFO] WebApp:169 - Instantiating new browser for Auth
2025-04-06 10:34:12,702 [ERROR] ServerAccessManage:1089 - Problem, file not found on Server
2025-04-06 10:34:12,874 [INFO] WebApp:463 - Apply proxy settings
2025-04-06 10:34:12,881 [INFO] WebApp:508 - Chromium authenticates against Manually configured proxy
2025-04-06 10:34:12,892 [INFO] WebApp:516 - Username used for proxy authentication: 
2025-04-06 10:34:12,932 [INFO] WebApp:894 - Register for checkConnection events
2025-04-06 10:34:12,932 [INFO] WebApp:463 - Apply proxy settings
2025-04-06 10:34:12,934 [INFO] WebApp:508 - Chromium authenticates against Manually configured proxy
2025-04-06 10:34:12,934 [INFO] WebApp:516 - Username used for proxy authentication: 
2025-04-06 10:34:13,065 [INFO] WebApp:225 - Starting web application
2025-04-06 10:34:13,066 [INFO] WebApp:593 - Web application path used /Applications/STM32CubeIDE.app/Contents/Eclipse/plugins/com.st.stm32cube.common.mx_6.14.0.202502271554/db/plugins/mcufinder/reactClient1/index.html
2025-04-06 10:34:13,190 [ERROR] ServerAccessManage:1089 - Problem, file not found on Server
2025-04-06 10:34:13,443 [WARN] MainUpdater:1193 - Updater busy. Cannot search thirdparties
2025-04-06 10:34:13,443 [INFO] ThirdPartyUpdaterWithRetryManager:96 - Updater plugin is busy. [3/15]
2025-04-06 10:34:13,667 [ERROR] ServerAccessManage:1089 - Problem, file not found on Server
2025-04-06 10:34:13,748 [INFO] WebApp:191 - Connection restablished
2025-04-06 10:34:14,144 [ERROR] ServerAccessManage:1089 - Problem, file not found on Server
2025-04-06 10:34:14,934 [WARN] PackLoader:240 - Cannot read IP mode file for STMicroelectronics.X-CUBE-DPower.1.3.0
2025-04-06 10:34:14,954 [INFO] PopulateThirdPartyThread:66 - Ending populate Thread
2025-04-06 10:34:14,956 [INFO] ThirdParty:1030 - CMSIS Pack Vendor :STMicroelectronics X-CUBE-DPower 1.3.0
2025-04-06 10:34:14,956 [INFO] LoadServerUpdatesThread:375 - End of LoadServerUpdate Thread
2025-04-06 10:34:15,100 [INFO] CheckServerUpdateThread:120 - End of CheckServer Thread
2025-04-06 10:34:16,631 [WARN] PackLoader:240 - Cannot read IP mode file for STMicroelectronics.FP-SNS-MOTENVWB1.1.4.0
2025-04-06 10:34:16,640 [WARN] PackLoader:240 - Cannot read IP mode file for STMicroelectronics.FP-ATR-ASTRA1.2.0.2
2025-04-06 10:34:16,650 [WARN] PackLoader:240 - Cannot read IP mode file for STMicroelectronics.FP-ATR-ASTRA1.2.0.1
2025-04-06 10:34:16,661 [WARN] PackLoader:240 - Cannot read IP mode file for STMicroelectronics.X-CUBE-SMBUS.2.1.0
2025-04-06 10:34:16,673 [WARN] PackLoader:240 - Cannot read IP mode file for STMicroelectronics.X-CUBE-WB05N.1.1.0
2025-04-06 10:34:16,715 [WARN] PackLoader:240 - Cannot read IP mode file for STMicroelectronics.X-CUBE-AZRTOS-F7.1.1.0
2025-04-06 10:34:16,747 [WARN] PackLoader:240 - Cannot read IP mode file for STMicroelectronics.FP-SNS-FLIGHT1.5.0.2
2025-04-06 10:34:16,793 [WARN] PackLoader:240 - Cannot read IP mode file for Infineon.AIROC-Wi-Fi-Bluetooth-STM32.1.7.0
2025-04-06 10:34:16,831 [WARN] PackLoader:240 - Cannot read IP mode file for STMicroelectronics.X-CUBE-DISPLAY.3.0.0
2025-04-06 10:34:16,848 [WARN] PackLoader:240 - Cannot read IP mode file for STMicroelectronics.X-CUBE-BLE1.7.0.0
2025-04-06 10:34:16,862 [WARN] PackLoader:240 - Cannot read IP mode file for STMicroelectronics.X-CUBE-NFC10.1.0.0
2025-04-06 10:34:16,888 [WARN] PackLoader:240 - Cannot read IP mode file for STMicroelectronics.X-CUBE-BLEMGR.4.0.0
2025-04-06 10:34:16,914 [WARN] PackLoader:240 - Cannot read IP mode file for emotas.I-CUBE-CANOPEN.1.3.0
2025-04-06 10:34:16,924 [WARN] PackLoader:240 - Cannot read IP mode file for STMicroelectronics.X-CUBE-AI.10.0.0
2025-04-06 10:34:16,928 [WARN] PackLoader:240 - Cannot read IP mode file for STMicroelectronics.FP-SNS-SMARTAG2.1.2.0
2025-04-06 10:34:16,932 [WARN] PackLoader:240 - Cannot read IP mode file for STMicroelectronics.FP-SNS-FLIGHT1.5.1.0
2025-04-06 10:34:17,015 [WARN] PackLoader:240 - Cannot read IP mode file for STMicroelectronics.X-CUBE-MEMS1.11.1.0
2025-04-06 10:34:17,172 [INFO] LogOutputStream:77 - [STDOUT_REDIRECT] 1 : Invalid condition id : UX_CORESTACK_Condition cause : null
2025-04-06 10:34:17,173 [INFO] LogOutputStream:77 - [STDOUT_REDIRECT] 1 : Invalid condition id : UX_CORESTACK_Condition cause : null
2025-04-06 10:34:17,174 [INFO] LogOutputStream:77 - [STDOUT_REDIRECT] 1 : Invalid condition id : UX_CORESTACK_Condition cause : null
2025-04-06 10:34:17,174 [INFO] LogOutputStream:77 - [STDOUT_REDIRECT] 1 : Invalid condition id : UX_CORESTACK_Condition cause : null
2025-04-06 10:34:17,174 [INFO] LogOutputStream:77 - [STDOUT_REDIRECT] 1 : Invalid condition id : UX_CORESTACK_Condition cause : null
2025-04-06 10:34:17,179 [WARN] PackLoader:240 - Cannot read IP mode file for STMicroelectronics.X-CUBE-AZRTOS-WL.2.0.0
2025-04-06 10:34:17,194 [WARN] PackLoader:240 - Cannot read IP mode file for STMicroelectronics.FP-SNS-MOTENV1.5.0.0
2025-04-06 10:34:17,199 [WARN] PackLoader:240 - Cannot read IP mode file for wolfSSL.I-CUBE-wolfMQTT.1.19.0
2025-04-06 10:34:17,207 [WARN] PackLoader:240 - Cannot read IP mode file for WES.I-CUBE-Cesium.1.3.0
2025-04-06 10:34:17,215 [WARN] PackLoader:240 - Cannot read IP mode file for STMicroelectronics.X-CUBE-BLE2.3.3.0
2025-04-06 10:34:17,222 [WARN] PackLoader:240 - Cannot read IP mode file for STMicroelectronics.X-CUBE-NFC9.1.0.0
2025-04-06 10:34:17,231 [WARN] PackLoader:240 - Cannot read IP mode file for STMicroelectronics.X-CUBE-BLE1.7.1.0
2025-04-06 10:34:17,244 [WARN] PackLoader:240 - Cannot read IP mode file for STMicroelectronics.X-CUBE-AZRTOS-G0.1.1.0
2025-04-06 10:34:17,251 [WARN] PackLoader:240 - Cannot read IP mode file for STMicroelectronics.X-CUBE-SAFEA1.1.2.2
2025-04-06 10:34:17,257 [WARN] PackLoader:240 - Cannot read IP mode file for STMicroelectronics.X-CUBE-NFC4.3.0.0
2025-04-06 10:34:17,266 [WARN] PackLoader:240 - Cannot read IP mode file for EmbeddedOffice.I-CUBE-FS-RTOS.1.0.1
2025-04-06 10:34:17,271 [WARN] PackLoader:240 - Cannot read IP mode file for STMicroelectronics.X-CUBE-TCPP.4.2.0
2025-04-06 10:34:17,275 [WARN] PackLoader:240 - Cannot read IP mode file for RealThread.X-CUBE-RT-Thread_Nano.4.1.1
2025-04-06 10:34:17,278 [WARN] PackLoader:240 - Cannot read IP mode file for STMicroelectronics.FP-ATR-SIGFOX1.3.2.0
2025-04-06 10:34:17,292 [WARN] ConditionMgr:438 - getConditionDescription Invalid condition id : Cortex-A Device cause : null
2025-04-06 10:34:17,320 [WARN] ConditionMgr:1044 - genDependencies : Invalid condition id : Cortex-A Device cause : null
2025-04-06 10:34:17,320 [WARN] ConditionMgr:1044 - genDependencies : Invalid condition id : Cortex-A Device cause : null
2025-04-06 10:34:17,320 [WARN] ConditionMgr:1044 - genDependencies : Invalid condition id : Cortex-A Device cause : null
2025-04-06 10:34:17,325 [WARN] PackLoader:240 - Cannot read IP mode file for STMicroelectronics.X-CUBE-EEPRMA1.5.1.0
2025-04-06 10:34:17,329 [WARN] PackLoader:240 - Cannot read IP mode file for wolfSSL.I-CUBE-wolfSSL.5.7.4
2025-04-06 10:34:17,332 [WARN] PackLoader:240 - Cannot read IP mode file for ITTIA_DB.I-CUBE-ITTIADB.8.9.0
2025-04-06 10:34:17,359 [WARN] PackLoader:240 - Cannot read IP mode file for SEGGER.I-CUBE-embOS.1.3.1
2025-04-06 10:34:17,384 [WARN] PackLoader:240 - Cannot read IP mode file for STMicroelectronics.X-CUBE-ALGOBUILD.1.4.0
2025-04-06 10:34:17,388 [WARN] PackLoader:240 - Cannot read IP mode file for STMicroelectronics.X-CUBE-AI.9.1.0
2025-04-06 10:34:17,401 [WARN] PackLoader:240 - Cannot read IP mode file for STMicroelectronics.X-CUBE-AZRTOS-F4.1.1.0
2025-04-06 10:34:17,407 [WARN] PackLoader:240 - Cannot read IP mode file for STMicroelectronics.X-CUBE-ISPU.2.1.0
2025-04-06 10:34:17,422 [WARN] PackLoader:240 - Cannot read IP mode file for STMicroelectronics.X-CUBE-AZRTOS-L5.2.0.0
2025-04-06 10:34:17,436 [WARN] PackLoader:240 - Cannot read IP mode file for STMicroelectronics.X-CUBE-NFC6.3.1.0
2025-04-06 10:34:17,446 [WARN] PackLoader:240 - Cannot read IP mode file for STMicroelectronics.X-CUBE-DPower.1.2.0
2025-04-06 10:34:17,457 [WARN] PackLoader:240 - Cannot read IP mode file for STMicroelectronics.X-CUBE-FREERTOS.1.3.0
2025-04-06 10:34:17,464 [WARN] PackLoader:240 - Cannot read IP mode file for STMicroelectronics.X-CUBE-NFC7.1.0.1
2025-04-06 10:34:17,471 [WARN] PackLoader:240 - Cannot read IP mode file for STMicroelectronics.X-CUBE-DPower.1.3.0
2025-04-06 10:34:17,488 [WARN] ConditionMgr:438 - getConditionDescription Invalid condition id : LAN8742 Phy interface Condition cause : null
2025-04-06 10:34:17,489 [WARN] PackLoader:240 - Cannot read IP mode file for STMicroelectronics.X-CUBE-AZRTOS-L4.2.0.0
2025-04-06 10:34:17,491 [WARN] ConditionMgr:1044 - genDependencies : Invalid condition id : LAN8742 Phy interface Condition cause : null
2025-04-06 10:34:17,492 [WARN] ConditionMgr:1044 - genDependencies : Invalid condition id : LAN8742 Phy interface Condition cause : null
2025-04-06 10:34:17,493 [WARN] ConditionMgr:1044 - genDependencies : Invalid condition id : LAN8742 Phy interface Condition cause : null
2025-04-06 10:34:17,503 [WARN] PackLoader:240 - Cannot read IP mode file for STMicroelectronics.X-CUBE-SFXS2LP1.4.0.0
2025-04-06 10:34:17,531 [WARN] PackLoader:240 - Cannot read IP mode file for STMicroelectronics.X-CUBE-AZRTOS-H7.3.3.0
2025-04-06 10:34:17,543 [WARN] PackLoader:240 - Cannot read IP mode file for STMicroelectronics.X-CUBE-IPS.3.0.0
2025-04-06 10:34:17,554 [WARN] ConditionMgr:438 - getConditionDescription Invalid condition id : UX DEVICE CLASS RTOS Condition cause : null
2025-04-06 10:34:17,554 [WARN] ConditionMgr:438 - getConditionDescription Invalid condition id : UX DEVICE CLASS RTOS Condition cause : null
2025-04-06 10:34:17,556 [WARN] PackLoader:240 - Cannot read IP mode file for STMicroelectronics.X-CUBE-AZRTOS-WB.2.0.0
2025-04-06 10:34:17,557 [WARN] ConditionMgr:1044 - genDependencies : Invalid condition id : UX DEVICE CLASS RTOS Condition cause : null
2025-04-06 10:34:17,557 [WARN] ConditionMgr:1044 - genDependencies : Invalid condition id : UX DEVICE CLASS RTOS Condition cause : null
2025-04-06 10:34:17,557 [WARN] ConditionMgr:1044 - genDependencies : Invalid condition id : UX DEVICE CLASS RTOS Condition cause : null
2025-04-06 10:34:17,558 [WARN] ConditionMgr:1044 - genDependencies : Invalid condition id : UX DEVICE CLASS RTOS Condition cause : null
2025-04-06 10:34:17,558 [WARN] ConditionMgr:1044 - genDependencies : Invalid condition id : UX DEVICE CLASS RTOS Condition cause : null
2025-04-06 10:34:17,564 [WARN] PackLoader:240 - Cannot read IP mode file for STMicroelectronics.X-CUBE-GNSS1.7.0.1
2025-04-06 10:34:17,569 [WARN] PackLoader:240 - Cannot read IP mode file for STMicroelectronics.X-CUBE-TOUCHGFX.4.25.0
2025-04-06 10:34:17,573 [WARN] PackLoader:240 - Cannot read IP mode file for STMicroelectronics.FP-SNS-STBOX1.2.0.0
2025-04-06 10:34:17,584 [WARN] PackLoader:240 - Cannot read IP mode file for STMicroelectronics.X-CUBE-SUBG2.5.0.0
2025-04-06 10:34:17,603 [WARN] PackLoader:240 - Cannot read IP mode file for STMicroelectronics.X-CUBE-AZRTOS-H7RS.1.1.0
2025-04-06 10:34:17,612 [WARN] PackLoader:240 - Cannot read IP mode file for Cesanta.I-CUBE-Mongoose.7.13.0
2025-04-06 10:34:17,626 [WARN] PackLoader:240 - Cannot read IP mode file for STMicroelectronics.X-CUBE-AZRTOS-G4.2.0.0
2025-04-06 10:34:17,636 [WARN] PackLoader:240 - Cannot read IP mode file for STMicroelectronics.X-CUBE-IPS.3.1.0
2025-04-06 10:34:17,641 [WARN] PackLoader:240 - Cannot read IP mode file for STMicroelectronics.X-CUBE-ALS.1.0.2
2025-04-06 10:34:17,645 [WARN] PackLoader:240 - Cannot read IP mode file for STMicroelectronics.X-CUBE-TOUCHGFX.4.24.2
2025-04-06 10:34:17,646 [WARN] PackLoader:240 - Cannot read IP mode file for STMicroelectronics.X-CUBE-TOUCHGFX.4.24.1
2025-04-06 10:34:17,650 [WARN] PackLoader:240 - Cannot read IP mode file for wolfSSL.I-CUBE-wolfTPM.3.4.0
2025-04-06 10:34:17,654 [WARN] PackLoader:240 - Cannot read IP mode file for portGmbH.I-Cube-SoM-uGOAL.1.1.0
2025-04-06 10:34:17,674 [WARN] PackLoader:240 - Cannot read IP mode file for STMicroelectronics.X-CUBE-AZRTOS-H7RS.1.0.0
2025-04-06 10:34:17,686 [WARN] PackLoader:240 - Cannot read IP mode file for STMicroelectronics.X-CUBE-TOF1.3.4.2
2025-04-06 10:34:17,693 [WARN] PackLoader:240 - Cannot read IP mode file for wolfSSL.I-CUBE-wolfSSH.1.4.17
2025-04-06 10:34:17,694 [INFO] ThirdParty:978 - Integrity check success = true
2025-04-06 10:34:17,694 [INFO] IntegrityCheckThread:100 - exiting critical section [integrity check]
2025-04-06 10:34:17,694 [INFO] IntegrityCheckThread:103 - End integrity checks thread
2025-04-06 10:36:03,839 [ERROR] ConfigurationRetriever:142 - IOException on connection: Read timed out
2025-04-06 10:37:54,885 [INFO] LogOutputStream:77 - [STDOUT_REDIRECT] StartTraceHandler.execute(), success : Collect=true
2025-04-06 10:38:18,321 [INFO] LogOutputStream:77 - [STDOUT_REDIRECT] StartTraceHandler.execute(), success : Collect=false
2025-04-06 10:38:20,995 [INFO] LogOutputStream:77 - [STDOUT_REDIRECT] StartTraceHandler.execute(), success : Collect=true
2025-04-06 10:42:01,436 [INFO] WebApp:194 - Connection lost
2025-04-06 10:42:01,832 [INFO] WebApp:191 - Connection restablished
2025-04-06 10:47:09,919 [INFO] McuFinderGlobals:63 - Set McuFinder mode to 2 (CubeIDE integrated)
2025-04-06 10:47:09,923 [INFO] MainUpdater:2872 - connection check result : 10
2025-04-06 10:47:09,927 [INFO] McuFinderGlobals:76 - Set McuFinderConnectedMode to true
2025-04-06 10:47:10,236 [INFO] ServerAccessManage:473 - Download File mcusAds.json._tmp_
2025-04-06 10:47:10,347 [INFO] LoadUrlFilesThread:156 - End of LoadUrlFiles Thread
2025-04-06 10:47:10,545 [INFO] ServerAccessManage:473 - Download File cube-finder-db.zip
2025-04-06 10:47:13,910 [INFO] FileExtend:242 - Unzip File : cube-finder-db.zip
2025-04-06 10:47:13,911 [INFO] FileExtend:257 - Standard Zip Deflate
2025-04-06 10:47:14,345 [INFO] LoadUrlFilesThread:156 - End of LoadUrlFiles Thread
2025-04-06 10:47:15,203 [INFO] ServerAccessManage:473 - Download File crdb.zip
2025-04-06 10:47:16,061 [INFO] FileExtend:242 - Unzip File : crdb.zip
2025-04-06 10:47:16,063 [INFO] FileExtend:257 - Standard Zip Deflate
2025-04-06 10:47:16,182 [INFO] LoadUrlFilesThread:156 - End of LoadUrlFiles Thread
2025-04-06 10:47:16,317 [INFO] ServerAccessManage:473 - Download File tutoVideoDB.zip
2025-04-06 10:47:16,333 [INFO] FileExtend:242 - Unzip File : tutoVideoDB.zip
2025-04-06 10:47:16,334 [INFO] FileExtend:257 - Standard Zip Deflate
2025-04-06 10:47:16,443 [INFO] LoadUrlFilesThread:156 - End of LoadUrlFiles Thread
2025-04-06 10:47:16,444 [WARN] DbFile:41 - Overriding database path with different value: /Users/parimeydpatil/.stmcufinder/plugins/mcufinder/ => /Users/parimeydpatil/.stmcufinder/plugins/mcufinder
2025-04-06 10:47:16,572 [INFO] ServerAccessManage:473 - Download File api_config.json
2025-04-06 10:47:16,680 [INFO] LoadUrlFilesThread:156 - End of LoadUrlFiles Thread
2025-04-06 10:47:16,682 [INFO] DbMcusAds:53 - JSON generation date=Thu Mar 06 20:24:21 IST 2025 (1741272861825)
2025-04-06 10:47:16,729 [INFO] LoadUrlFilesThread:185 - End of LoadServerUrlFiles without Thread
2025-04-06 10:47:16,729 [INFO] TargetSelectorAdapter:259 - Refresh data is successful
2025-04-06 10:47:17,426 [INFO] ApiDb:581 - Connected to CubeFinder SQLite database (/Users/parimeydpatil/.stmcufinder/plugins/mcufinder/mcu/cube-finder-db.db)
2025-04-06 10:47:17,461 [INFO] ApiDb:668 - CubeFinder database Data Model version=2.1
2025-04-06 10:47:17,462 [INFO] ApiDb:669 - CubeFinder database Configuration version=3.0.39
2025-04-06 10:47:17,462 [INFO] ApiDb:670 - CubeFinder database generation date=2025-03-24 (1742811287)
2025-04-06 10:47:17,462 [INFO] ApiDb:671 - CubeFinder database FW Pack versions=[FP-ATR-ASTRA1_V2.0.0, FP-SNS-FLIGHT1_V5.0.2, FP-SNS-MOTENV1_V5.0.0, FP-SNS-MOTENVWB1_V1.4.0, FP-SNS-SMARTAG2_V1.2.0, FP-SNS-STBOX1_V2.0.0, STM32Cube_FW_C0_V1.4.0, STM32Cube_FW_F4_V1.28.1, STM32Cube_FW_F7_V1.17.2, STM32Cube_FW_G0_V1.6.2, STM32Cube_FW_G4_V1.6.1, STM32Cube_FW_H5_V1.5.0, STM32Cube_FW_H7RS_V1.2.0, STM32Cube_FW_H7_V1.12.1, STM32Cube_FW_L0_V1.12.2, STM32Cube_FW_L4_V1.18.1, STM32Cube_FW_L5_V1.5.1, STM32Cube_FW_N6_V1.1.0, STM32Cube_FW_U0_V1.2.0, STM32Cube_FW_U3_V1.1.0, STM32Cube_FW_U5_V1.7.0, STM32Cube_FW_WB0_V1.2.0, STM32Cube_FW_WBA_V1.6.0, STM32Cube_FW_WB_V1.22.0, STM32Cube_FW_WL3_V1.1.0, STM32Cube_FW_WL_V1.3.1, X-CUBE-ALGOBUILD_V1.4.0, X-CUBE-ALS_V1.0.2, X-CUBE-AZRTOS-F4_V1.1.0, X-CUBE-AZRTOS-F7_V1.1.0, X-CUBE-AZRTOS-G0_V1.1.0, X-CUBE-AZRTOS-G4_V2.0.0, X-CUBE-AZRTOS-H7RS_V1.0.0, X-CUBE-AZRTOS-H7_V3.3.0, X-CUBE-AZRTOS-L4_V2.0.0, X-CUBE-AZRTOS-L5_V2.0.0, X-CUBE-AZRTOS-WB_V2.0.0, X-CUBE-AZRTOS-WL_V2.0.0, X-CUBE-BLE1_V7.1.0, X-CUBE-BLE2_V3.3.0, X-CUBE-BLEMGR_V4.0.0, X-CUBE-EEPRMA1_V5.1.0, X-CUBE-FREERTOS_V1.3.0, X-CUBE-GNSS1_V6.0.0, X-CUBE-MEMS1_V11.1.0, X-CUBE-NFC4_V3.0.0, X-CUBE-NFC7_V1.0.1, X-CUBE-SFXS2LP1_V4.0.0, X-CUBE-SUBG2_V5.0.0, X-CUBE-TOF1_V3.4.2]
2025-04-06 10:47:18,448 [INFO] ApiDb:240 - Found 895 in-development CPN: [B-G473E-ZEST1S, B-WB1M-WPAN1, B-WBA5M-WPAN, B-WL5M-SUBG1, NUCLEO-C031C6, NUCLEO-C051C8, NUCLEO-C071RB, NUCLEO-C092RC, NUCLEO-H503RB, NUCLEO-H533RE, NUCLEO-H563ZI, NUCLEO-H7S3L8, NUCLEO-N657X0-Q, NUCLEO-U031R8, NUCLEO-U083RC, NUCLEO-U385RG-Q, NUCLEO-U545RE-Q, NUCLEO-U5A5ZJ-Q, NUCLEO-WB05KZ, NUCLEO-WB07CC, NUCLEO-WB09KE, NUCLEO-WBA52CG, NUCLEO-WBA55CG, NUCLEO-WBA65RI, NUCLEO-WL33CC1, NUCLEO-WL33CC2, STEVAL-PROTEUS1, STEVAL-SMARTAG2, STEVAL-STWINBX1, STM320518-EVAL, STM32C0116-DK, STM32C011D6Y3TR, STM32C011D6Y6TR, STM32C011F4P3, STM32C011F4P6, STM32C011F4U3, STM32C011F4U6TR, STM32C011F6P3, STM32C011F6P6, STM32C011F6U3, STM32C011F6U6TR, STM32C011J4M3, STM32C011J4M6, STM32C011J6M3, STM32C011J6M6, STM32C0316-DK, STM32C031C4T3, STM32C031C4T6, STM32C031C4U3, STM32C031C4U6, STM32C031C6T3, STM32C031C6T6, STM32C031C6U3, STM32C031C6U6, STM32C031F4P3, STM32C031F4P6, STM32C031F6P3, STM32C031F6P6, STM32C031G4U3, STM32C031G4U6, STM32C031G6U3, STM32C031G6U6, STM32C031K4T3, STM32C031K4T6, STM32C031K4U3, STM32C031K4U6, STM32C031K6T3, STM32C031K6T6, STM32C031K6U3, STM32C031K6U6, STM32C051C6T6, STM32C051C6U6, STM32C051C8T6, STM32C051C8U6, STM32C051D8Y6TR, STM32C051F6P6, STM32C051F8P6, STM32C051G6U6, STM32C051G8U6, STM32C051K6T6, STM32C051K6U6, STM32C051K8T6, STM32C071C8T6, STM32C071C8T6N, STM32C071C8U6, STM32C071C8U6N, STM32C071CBT6, STM32C071CBT6N, STM32C071CBU6, STM32C071CBU6N, STM32C071F8P6, STM32C071F8P6N, STM32C071FBP6, STM32C071FBP6N, STM32C071FBY6TR, STM32C071G8U6, STM32C071G8U6N, STM32C071GBU6, STM32C071GBU6N, STM32C071K8T6, STM32C071K8T6N, STM32C071K8U6, STM32C071K8U6N, STM32C071KBT6, STM32C071KBT6N, STM32C071KBU6, STM32C071KBU6N, STM32C071R8T6, STM32C071R8T6N, STM32C071RBI6N, STM32C071RBT6, STM32C071RBT6N, STM32C091CBT6, STM32C091CBU6, STM32C091CCT6, STM32C091CCU6, STM32C091ECY6TR, STM32C091FBP6, STM32C091FCP6, STM32C091GBU6, STM32C091GCU6, STM32C091KBT6, STM32C091KBU6, STM32C091KCT6, STM32C091KCU6, STM32C091RBT6, STM32C091RCI6, STM32C091RCT6, STM32C092CBT6, STM32C092CBU6, STM32C092CCT6, STM32C092CCU6, STM32C092ECY6TR, STM32C092FBP6, STM32C092FCP6, STM32C092GBU6, STM32C092GCU6, STM32C092KBT6, STM32C092KBU6, STM32C092KCT6, STM32C092KCU6, STM32C092RBT6, STM32C092RCI6, STM32C092RCT6, STM32G071K8TXN, STM32G071K8UXN, STM32G081GBU6N, STM32G081KBT6N, STM32G081KBUXN, STM32G0B1CCT6N, STM32G0B1KCT6, STM32G0B1NEY6TR, STM32G0B1RCT6N, STM32G0C1CCT6, STM32G0C1CCT6N, STM32G0C1CCU6N, STM32G0C1CET6N, STM32G0C1CEU6N, STM32G0C1KCT6, STM32G0C1NEY6TR, STM32G0C1RCI6N, STM32G0C1RCT6N, STM32G0C1REI6N, STM32G0C1RET6N, STM32G0C1VCI6, STM32G0C1VEI6, STM32G411C6T3, STM32G411C6T6, STM32G411C6U3, STM32G411C6U6, STM32G411C8T3, STM32G411C8T6, STM32G411C8U3, STM32G411C8U6, STM32G411CBT3, STM32G411CBT6, STM32G411CBU3, STM32G411CBU6, STM32G411CCT3, STM32G411CCT6, STM32G411CCU3, STM32G411CCU6, STM32G411K6T3, STM32G411K6T6, STM32G411K6U3, STM32G411K6U6, STM32G411K8T3, STM32G411K8T6, STM32G411K8U3, STM32G411K8U6, STM32G411KBT3, STM32G411KBT6, STM32G411KBU3, STM32G411KBU6, STM32G411M6T3, STM32G411M6T6, STM32G411M8T3, STM32G411M8T6, STM32G411MBT3, STM32G411MBT6, STM32G411MCT3, STM32G411MCT6, STM32G411R6T3, STM32G411R6T6, STM32G411R8T3, STM32G411R8T6, STM32G411RBT3, STM32G411RBT6, STM32G411RCT3, STM32G411RCT6, STM32G414CBT3, STM32G414CBT6, STM32G414CBU3, STM32G414CBU6, STM32G414CCT3, STM32G414CCT6, STM32G414CCU3, STM32G414CCU6, STM32G414MBT3, STM32G414MBT6, STM32G414MCT3, STM32G414MCT6, STM32G414RBT3, STM32G414RBT6, STM32G414RCT3, STM32G414RCT6, STM32G414VBT3, STM32G414VBT6, STM32G414VCT3, STM32G414VCT6, STM32G431CBT3Z, STM32G431RBT3Z, STM32G471CCT6, STM32G471CCU6, STM32G471CET3, STM32G471CET6, STM32G471CEU3, STM32G471CEU6, STM32G471MCT6, STM32G471MET3, STM32G471MET6, STM32G471MEY6TR, STM32G471QCT6, STM32G471QET3, STM32G471RCT6, STM32G471RET3, STM32G471RET6, STM32G471VCH6, STM32G471VCI6, STM32G471VCT6, STM32G471VEH3, STM32G471VEH6, STM32G471VEI3, STM32G471VEI6, STM32G471VET3, STM32G471VET6, STM32G473QET3Z, STM32G473RET3Z, STM32G474CCT6, STM32G491RET3Z, STM32H503CBT6, STM32H503CBU6, STM32H503EBY6TR, STM32H503KBU6, STM32H503RBT6, STM32H523CCT6, STM32H523CCU6, STM32H523CET6, STM32H523CEU6, STM32H523HEY6TR, STM32H523RCT6, STM32H523RET6, STM32H523VCI6, STM32H523VCT6, STM32H523VEI6, STM32H523VET6, STM32H523ZCJ6, STM32H523ZCT6, STM32H523ZEJ6, STM32H523ZET6, STM32H533CET6, STM32H533CEU6, STM32H533HEY6TR, STM32H533RET6, STM32H533VEI6, STM32H533VET6, STM32H533ZEJ6, STM32H533ZET6, STM32H562AGI6, STM32H562AII6, STM32H562IGK6, STM32H562IGT6, STM32H562IIK6, STM32H562IIT6, STM32H562RGT6, STM32H562RGV6, STM32H562RIT6, STM32H562RIV6, STM32H562VGT6, STM32H562VIT6, STM32H562ZGT6, STM32H562ZIT6, STM32H563AGI6, STM32H563AII3Q, STM32H563AII6, STM32H563IGK6, STM32H563IGT6, STM32H563IIK3Q, STM32H563IIK6, STM32H563IIT3Q, STM32H563IIT6, STM32H563MIY3QTR, STM32H563RGT6, STM32H563RGV6, STM32H563RIT6, STM32H563RIV6, STM32H563VGT6, STM32H563VIT3Q, STM32H563VIT6, STM32H563ZGT6, STM32H563ZIT3Q, STM32H563ZIT6, STM32H573AII3Q, STM32H573AII6, STM32H573I-DK, STM32H573IIK3Q, STM32H573IIK6, STM32H573IIT3Q, STM32H573IIT6, STM32H573MIY3QTR, STM32H573RIT6, STM32H573RIV6, STM32H573VIT3Q, STM32H573VIT6, STM32H573ZIT3Q, STM32H573ZIT6, STM32H7R3A8I6, STM32H7R3I8K6, STM32H7R3I8T6, STM32H7R3L8H6, STM32H7R3L8H6H, STM32H7R3R8V6, STM32H7R3V8H6, STM32H7R3V8T6, STM32H7R3V8Y6TR, STM32H7R3Z8J6, STM32H7R3Z8T6, STM32H7R7A8I6, STM32H7R7I8K6, STM32H7R7I8T6, STM32H7R7L8H6, STM32H7R7L8H6H, STM32H7R7Z8J6, STM32H7S3A8I6, STM32H7S3I8K6, STM32H7S3I8T6, STM32H7S3L8H6, STM32H7S3L8H6H, STM32H7S3R8V6, STM32H7S3V8H6, STM32H7S3V8T6, STM32H7S3V8Y6TR, STM32H7S3Z8J6, STM32H7S3Z8T6, STM32H7S78-DK, STM32H7S7A8I6, STM32H7S7I8K6, STM32H7S7I8T6, STM32H7S7L8H6, STM32H7S7L8H6H, STM32H7S7Z8J6, STM32L4R5QGI6STR, STM32MP131AAE3, STM32MP131AAF3, STM32MP131AAG3, STM32MP131CAE3, STM32MP131CAF3, STM32MP131CAG3, STM32MP131DAE7, STM32MP131DAF7, STM32MP131DAG7, STM32MP131FAE7, STM32MP131FAF7, STM32MP131FAG7, STM32MP133AAE3, STM32MP133AAF3, STM32MP133AAG3, STM32MP133CAE3, STM32MP133CAF3, STM32MP133CAG3, STM32MP133DAE7, STM32MP133DAF7, STM32MP133DAG7, STM32MP133FAE7, STM32MP133FAF7, STM32MP133FAG7, STM32MP135AAE3, STM32MP135AAF3, STM32MP135AAG3, STM32MP135CAE3, STM32MP135CAF3, STM32MP135CAG3, STM32MP135DAE7, STM32MP135DAF7, STM32MP135DAG7, STM32MP135F-DK, STM32MP135FAE7, STM32MP135FAF7, STM32MP135FAF7T, STM32MP135FAF7U, STM32MP135FAG7, STM32MP231AAJ3, STM32MP231AAK3, STM32MP231AAL3, STM32MP231CAJ3, STM32MP231CAK3, STM32MP231CAL3, STM32MP231DAJ3, STM32MP231DAK3, STM32MP231DAL3, STM32MP231FAJ3, STM32MP231FAK3, STM32MP231FAL3, STM32MP233AAJ3, STM32MP233AAK3, STM32MP233AAL3, STM32MP233CAJ3, STM32MP233CAK3, STM32MP233CAL3, STM32MP233DAJ3, STM32MP233DAK3, STM32MP233DAL3, STM32MP233FAJ3, STM32MP233FAK3, STM32MP233FAL3, STM32MP235AAJ3, STM32MP235AAK3, STM32MP235AAL3, STM32MP235CAJ3, STM32MP235CAK3, STM32MP235CAL3, STM32MP235DAJ3, STM32MP235DAK3, STM32MP235DAL3, STM32MP235FAJ3, STM32MP235FAK3, STM32MP235FAL3, STM32MP251AAI3, STM32MP251AAJ3, STM32MP251AAK3, STM32MP251AAL3, STM32MP251CAI3, STM32MP251CAJ3, STM32MP251CAK3, STM32MP251CAL3, STM32MP251DAI3, STM32MP251DAJ3, STM32MP251DAK3, STM32MP251DAL3, STM32MP251FAI3, STM32MP251FAJ3, STM32MP251FAK3, STM32MP251FAL3, STM32MP253AAI3, STM32MP253AAJ3, STM32MP253AAK3, STM32MP253AAL3, STM32MP253CAI3, STM32MP253CAJ3, STM32MP253CAK3, STM32MP253CAL3, STM32MP253DAI3, STM32MP253DAJ3, STM32MP253DAK3, STM32MP253DAL3, STM32MP253FAI3, STM32MP253FAJ3, STM32MP253FAK3, STM32MP253FAL3, STM32MP255AAI3, STM32MP255AAJ3, STM32MP255AAK3, STM32MP255AAL3, STM32MP255CAI3, STM32MP255CAJ3, STM32MP255CAK3, STM32MP255CAL3, STM32MP255DAI3, STM32MP255DAJ3, STM32MP255DAK3, STM32MP255DAL3, STM32MP255FAI3, STM32MP255FAJ3, STM32MP255FAK3, STM32MP255FAL3, STM32MP257AAI3, STM32MP257AAJ3, STM32MP257AAK3, STM32MP257AAL3, STM32MP257CAI3, STM32MP257CAJ3, STM32MP257CAK3, STM32MP257CAL3, STM32MP257DAI3, STM32MP257DAJ3, STM32MP257DAK3, STM32MP257DAL3, STM32MP257F-DK, STM32MP257F-EV1, STM32MP257FAI3, STM32MP257FAJ3, STM32MP257FAK3, STM32MP257FAL3, STM32N645A0H3Q, STM32N645B0H3Q, STM32N645I0H3Q, STM32N645L0H3Q, STM32N645X0H3Q, STM32N645Z0H3Q, STM32N647A0H3Q, STM32N647B0H3Q, STM32N647I0H3Q, STM32N647L0H3Q, STM32N647X0H3Q, STM32N647Z0H3Q, STM32N655A0H3Q, STM32N655B0H3Q, STM32N655I0H3Q, STM32N655L0H3Q, STM32N655X0H3Q, STM32N655Z0H3Q, STM32N6570-DK, STM32N657A0H3Q, STM32N657B0H3Q, STM32N657I0H3Q, STM32N657L0H3Q, STM32N657X0H3Q, STM32N657Z0H3Q, STM32U031C6T6, STM32U031C6U6, STM32U031C8T6, STM32U031C8U6, STM32U031F4P6, STM32U031F6P6, STM32U031F8P6, STM32U031G6Y6TR, STM32U031G8Y6TR, STM32U031K4U6, STM32U031K6U6, STM32U031K8U6, STM32U031R6I6, STM32U031R6T6, STM32U031R8I6, STM32U031R8T6, STM32U073C8T6, STM32U073C8U6, STM32U073CBT6, STM32U073CBU6, STM32U073CCT6, STM32U073CCU6, STM32U073H8Y6TR, STM32U073HBY6TR, STM32U073HCY6TR, STM32U073K8U6, STM32U073KBU6, STM32U073KCU6, STM32U073M8I6, STM32U073M8T6, STM32U073MBI6, STM32U073MBT6, STM32U073MCI6, STM32U073MCT6, STM32U073R8I6, STM32U073R8T6, STM32U073RBI6, STM32U073RBT6, STM32U073RCI6, STM32U073RCT6, STM32U083C-DK, STM32U083CCT6, STM32U083CCU6, STM32U083HCY6TR, STM32U083KCU6, STM32U083MCI6, STM32U083MCT6, STM32U083RCI6, STM32U083RCT6, STM32U375CET6, STM32U375CET6Q, STM32U375CEU6, STM32U375CEU6Q, STM32U375CEY6QTR, STM32U375CGT6, STM32U375CGT6Q, STM32U375CGU6, STM32U375CGU6Q, STM32U375CGY6QTR, STM32U375KEU6, STM32U375KGU6, STM32U375REI6, STM32U375REI6Q, STM32U375RET6, STM32U375RET6Q, STM32U375REY6GTR, STM32U375REY6QTR, STM32U375RGI6, STM32U375RGI6Q, STM32U375RGT6, STM32U375RGT6Q, STM32U375RGY6GTR, STM32U375RGY6QTR, STM32U375VEI6, STM32U375VEI6Q, STM32U375VET6, STM32U375VET6Q, STM32U375VGI6, STM32U375VGI6Q, STM32U375VGT6, STM32U375VGT6Q, STM32U385CGT6, STM32U385CGT6Q, STM32U385CGU6, STM32U385CGU6Q, STM32U385CGY6QTR, STM32U385KGU6, STM32U385RGI6, STM32U385RGI6Q, STM32U385RGT6, STM32U385RGT6Q, STM32U385RGY6GTR, STM32U385RGY6QTR, STM32U385VGI6, STM32U385VGI6Q, STM32U385VGT6, STM32U385VGT6Q, STM32U535CBT6, STM32U535CBT6Q, STM32U535CBU6, STM32U535CBU6Q, STM32U535CCT6, STM32U535CCT6Q, STM32U535CCU6, STM32U535CCU6Q, STM32U535CET6, STM32U535CET6Q, STM32U535CEU6, STM32U535CEU6Q, STM32U535JEY6QTR, STM32U535NCY6QTR, STM32U535NEY6QTR, STM32U535RBI6, STM32U535RBI6Q, STM32U535RBT6, STM32U535RBT6Q, STM32U535RCI6, STM32U535RCI6Q, STM32U535RCT6, STM32U535RCT6Q, STM32U535REI6, STM32U535REI6Q, STM32U535RET6, STM32U535RET6Q, STM32U535VCI6, STM32U535VCI6Q, STM32U535VCT6, STM32U535VCT6Q, STM32U535VEI6, STM32U535VEI6Q, STM32U535VET6, STM32U535VET6Q, STM32U545CET6, STM32U545CET6Q, STM32U545CEU6, STM32U545CEU6Q, STM32U545JEY6QTR, STM32U545NEY6QTR, STM32U545REI6, STM32U545REI6Q, STM32U545RET6, STM32U545RET6Q, STM32U545VEI6, STM32U545VEI6Q, STM32U545VET6, STM32U545VET6Q, STM32U595AIH6, STM32U595AIH6Q, STM32U595AJH6, STM32U595AJH6Q, STM32U595QII6, STM32U595QII6Q, STM32U595QJI6, STM32U595QJI6Q, STM32U595RIT6, STM32U595RIT6Q, STM32U595RJT6, STM32U595RJT6Q, STM32U595VIT6, STM32U595VIT6Q, STM32U595VJT6, STM32U595VJT6Q, STM32U595ZIT6, STM32U595ZIT6Q, STM32U595ZIY6QTR, STM32U595ZJT6, STM32U595ZJT6Q, STM32U595ZJY6QTR, STM32U599BJY6QTR, STM32U599NIH6Q, STM32U599NJH6Q, STM32U599VIT6Q, STM32U599VJT6, STM32U599VJT6Q, STM32U599ZIT6Q, STM32U599ZIY6QTR, STM32U599ZJT6Q, STM32U599ZJY6QTR, STM32U5A5AJH6, STM32U5A5AJH6Q, STM32U5A5QII3Q , STM32U5A5QJI6, STM32U5A5QJI6Q, STM32U5A5RJT6, STM32U5A5RJT6Q, STM32U5A5VJT6, STM32U5A5VJT6Q, STM32U5A5ZJT6, STM32U5A5ZJT6Q, STM32U5A5ZJY6QTR, STM32U5A9BJY6QTR, STM32U5A9J-DK, STM32U5A9NJH6Q, STM32U5A9VJT6Q, STM32U5A9ZJT6Q, STM32U5A9ZJY6QTR, STM32U5F7VIT6, STM32U5F7VIT6Q, STM32U5F7VJT6, STM32U5F7VJT6Q, STM32U5F9BJY6QTR, STM32U5F9NJH6Q, STM32U5F9VIT6Q, STM32U5F9VJT6Q, STM32U5F9ZIJ6QTR, STM32U5F9ZIT6Q, STM32U5F9ZJJ6QTR, STM32U5F9ZJT6Q, STM32U5G7VJT6, STM32U5G7VJT6Q, STM32U5G9BJY6QTR, STM32U5G9J-DK1, STM32U5G9J-DK2, STM32U5G9NJH6Q, STM32U5G9VJT6Q, STM32U5G9ZJJ6QTR, STM32U5G9ZJT6Q, STM32WB05KZV6TR, STM32WB05KZV7TR, STM32WB05TZF6TR, STM32WB05TZF7TR, STM32WB06CCF6TR, STM32WB06CCF7TR, STM32WB06CCV6TR, STM32WB06CCV7TR, STM32WB06KCV6TR, STM32WB06KCV7TR, STM32WB07CCF6TR, STM32WB07CCF7TR, STM32WB07CCV6TR, STM32WB07CCV7TR, STM32WB07KCV6TR, STM32WB07KCV7TR, STM32WB09KEV6TR, STM32WB09KEV7TR, STM32WB09TEF6TR, STM32WB09TEF7TR, STM32WB1MMCH6, STM32WBA50KGU6, STM32WBA50KGU6TR, STM32WBA52CEU6, STM32WBA52CEU6TR, STM32WBA52CEU7, STM32WBA52CEU7TR, STM32WBA52CGU6, STM32WBA52CGU6TR, STM32WBA52CGU6U, STM32WBA52CGU7, STM32WBA52CGU7TR, STM32WBA52KEU6, STM32WBA52KEU6TR, STM32WBA52KGU6, STM32WBA52KGU6TR, STM32WBA54CEU6, STM32WBA54CEU6TR, STM32WBA54CEU7, STM32WBA54CEU7TR, STM32WBA54CGU6, STM32WBA54CGU6TR, STM32WBA54CGU7, STM32WBA54CGU7TR, STM32WBA54KEU6, STM32WBA54KEU6TR, STM32WBA54KEU7, STM32WBA54KEU7TR, STM32WBA54KGU6, STM32WBA54KGU6TR, STM32WBA54KGU7, STM32WBA54KGU7TR, STM32WBA55CEU6, STM32WBA55CEU6TR, STM32WBA55CEU7, STM32WBA55CEU7TR, STM32WBA55CGU6, STM32WBA55CGU6TR, STM32WBA55CGU6U, STM32WBA55CGU7, STM32WBA55CGU7TR, STM32WBA55G-DK1, STM32WBA55HEF6, STM32WBA55HEF7, STM32WBA55HGF6, STM32WBA55HGF7, STM32WBA55UEI6, STM32WBA55UEI6TR, STM32WBA55UEI7, STM32WBA55UEI7TR, STM32WBA55UGI6, STM32WBA55UGI6TR, STM32WBA55UGI7, STM32WBA55UGI7TR, STM32WBA5MJGH6TR, STM32WBA62CGU6, STM32WBA62CIU6, STM32WBA62MGF6, STM32WBA62MIF6, STM32WBA62PGI6, STM32WBA62PII6, STM32WBA63CGU6, STM32WBA63CGU7, STM32WBA63CIU6, STM32WBA63CIU7, STM32WBA64CGU6, STM32WBA64CGU7, STM32WBA64CIU6, STM32WBA64CIU7, STM32WBA65CGU6, STM32WBA65CGU7, STM32WBA65CIU6, STM32WBA65CIU7, STM32WBA65I-DK1, STM32WBA65MGF6, STM32WBA65MGF7, STM32WBA65MIF6, STM32WBA65MIF7, STM32WBA65PGI6, STM32WBA65PGI7, STM32WBA65PII6, STM32WBA65PII7, STM32WBA65RGV6, STM32WBA65RGV7, STM32WBA65RIV6, STM32WBA65RIV7, STM32WL30K8V6, STM32WL30KBV6, STM32WL31C8V6, STM32WL31CBV6, STM32WL31K8V6, STM32WL31KBV6, STM32WL33C8V6, STM32WL33C8V6TR, STM32WL33C8V7, STM32WL33C8V7TR, STM32WL33CBV6, STM32WL33CBV6TR, STM32WL33CBV7, STM32WL33CBV7TR, STM32WL33CCV6, STM32WL33CCV6TR, STM32WL33CCV7, STM32WL33CCV7A, STM32WL33CCV7ATR, STM32WL33CCV7TR, STM32WL33K8V6, STM32WL33K8V6TR, STM32WL33K8V7, STM32WL33K8V7TR, STM32WL33KBV6, STM32WL33KBV6TR, STM32WL33KBV7, STM32WL33KBV7TR, STM32WL33KCV6, STM32WL33KCV6TR, STM32WL33KCV7, STM32WL33KCV7TR, STM32WL5MOCH6, STM32WL5MOCH6TR]
2025-04-06 10:47:18,452 [INFO] DbMcus:218 - Found 4686 MCUs, 4686 are supported
2025-04-06 10:47:18,453 [INFO] ApiDb:423 - Load user favorites file /Users/parimeydpatil/.stm32cubeide/favorites.mcus.txt: 0 item(s)
2025-04-06 10:47:18,453 [INFO] ApiDb:427 - User favorites MCUs=[]
2025-04-06 10:47:18,453 [INFO] DbMcus:224 - Set 0 / 0 favorites MCUs
2025-04-06 10:47:18,694 [INFO] ApiDb:668 - CubeFinder database Data Model version=2.1
2025-04-06 10:47:18,694 [INFO] ApiDb:669 - CubeFinder database Configuration version=3.0.39
2025-04-06 10:47:18,694 [INFO] ApiDb:670 - CubeFinder database generation date=2025-03-24 (1742811287)
2025-04-06 10:47:18,694 [INFO] ApiDb:671 - CubeFinder database FW Pack versions=[FP-ATR-ASTRA1_V2.0.0, FP-SNS-FLIGHT1_V5.0.2, FP-SNS-MOTENV1_V5.0.0, FP-SNS-MOTENVWB1_V1.4.0, FP-SNS-SMARTAG2_V1.2.0, FP-SNS-STBOX1_V2.0.0, STM32Cube_FW_C0_V1.4.0, STM32Cube_FW_F4_V1.28.1, STM32Cube_FW_F7_V1.17.2, STM32Cube_FW_G0_V1.6.2, STM32Cube_FW_G4_V1.6.1, STM32Cube_FW_H5_V1.5.0, STM32Cube_FW_H7RS_V1.2.0, STM32Cube_FW_H7_V1.12.1, STM32Cube_FW_L0_V1.12.2, STM32Cube_FW_L4_V1.18.1, STM32Cube_FW_L5_V1.5.1, STM32Cube_FW_N6_V1.1.0, STM32Cube_FW_U0_V1.2.0, STM32Cube_FW_U3_V1.1.0, STM32Cube_FW_U5_V1.7.0, STM32Cube_FW_WB0_V1.2.0, STM32Cube_FW_WBA_V1.6.0, STM32Cube_FW_WB_V1.22.0, STM32Cube_FW_WL3_V1.1.0, STM32Cube_FW_WL_V1.3.1, X-CUBE-ALGOBUILD_V1.4.0, X-CUBE-ALS_V1.0.2, X-CUBE-AZRTOS-F4_V1.1.0, X-CUBE-AZRTOS-F7_V1.1.0, X-CUBE-AZRTOS-G0_V1.1.0, X-CUBE-AZRTOS-G4_V2.0.0, X-CUBE-AZRTOS-H7RS_V1.0.0, X-CUBE-AZRTOS-H7_V3.3.0, X-CUBE-AZRTOS-L4_V2.0.0, X-CUBE-AZRTOS-L5_V2.0.0, X-CUBE-AZRTOS-WB_V2.0.0, X-CUBE-AZRTOS-WL_V2.0.0, X-CUBE-BLE1_V7.1.0, X-CUBE-BLE2_V3.3.0, X-CUBE-BLEMGR_V4.0.0, X-CUBE-EEPRMA1_V5.1.0, X-CUBE-FREERTOS_V1.3.0, X-CUBE-GNSS1_V6.0.0, X-CUBE-MEMS1_V11.1.0, X-CUBE-NFC4_V3.0.0, X-CUBE-NFC7_V1.0.1, X-CUBE-SFXS2LP1_V4.0.0, X-CUBE-SUBG2_V5.0.0, X-CUBE-TOF1_V3.4.2]
2025-04-06 10:47:18,721 [INFO] DbBoardsSqlite:226 - include board P-NUCLEO-WB55-NUCLEO as a kit item of type 'Nucleo-64'
2025-04-06 10:47:18,721 [INFO] DbBoardsSqlite:226 - include board P-NUCLEO-WB55-USBDONGLE as a kit item of type 'Nucleo USB Dongle'
2025-04-06 10:47:18,721 [INFO] DbBoardsSqlite:226 - include board STEVAL-IDP005V1 as a kit item of type 'Evaluation Board'
2025-04-06 10:47:18,722 [INFO] DbBoardsSqlite:226 - include board STEVAL-IDP005V2 as a kit item of type 'Evaluation Board'
2025-04-06 10:47:18,743 [INFO] ApiDb:240 - Found 895 in-development CPN: [B-G473E-ZEST1S, B-WB1M-WPAN1, B-WBA5M-WPAN, B-WL5M-SUBG1, NUCLEO-C031C6, NUCLEO-C051C8, NUCLEO-C071RB, NUCLEO-C092RC, NUCLEO-H503RB, NUCLEO-H533RE, NUCLEO-H563ZI, NUCLEO-H7S3L8, NUCLEO-N657X0-Q, NUCLEO-U031R8, NUCLEO-U083RC, NUCLEO-U385RG-Q, NUCLEO-U545RE-Q, NUCLEO-U5A5ZJ-Q, NUCLEO-WB05KZ, NUCLEO-WB07CC, NUCLEO-WB09KE, NUCLEO-WBA52CG, NUCLEO-WBA55CG, NUCLEO-WBA65RI, NUCLEO-WL33CC1, NUCLEO-WL33CC2, STEVAL-PROTEUS1, STEVAL-SMARTAG2, STEVAL-STWINBX1, STM320518-EVAL, STM32C0116-DK, STM32C011D6Y3TR, STM32C011D6Y6TR, STM32C011F4P3, STM32C011F4P6, STM32C011F4U3, STM32C011F4U6TR, STM32C011F6P3, STM32C011F6P6, STM32C011F6U3, STM32C011F6U6TR, STM32C011J4M3, STM32C011J4M6, STM32C011J6M3, STM32C011J6M6, STM32C0316-DK, STM32C031C4T3, STM32C031C4T6, STM32C031C4U3, STM32C031C4U6, STM32C031C6T3, STM32C031C6T6, STM32C031C6U3, STM32C031C6U6, STM32C031F4P3, STM32C031F4P6, STM32C031F6P3, STM32C031F6P6, STM32C031G4U3, STM32C031G4U6, STM32C031G6U3, STM32C031G6U6, STM32C031K4T3, STM32C031K4T6, STM32C031K4U3, STM32C031K4U6, STM32C031K6T3, STM32C031K6T6, STM32C031K6U3, STM32C031K6U6, STM32C051C6T6, STM32C051C6U6, STM32C051C8T6, STM32C051C8U6, STM32C051D8Y6TR, STM32C051F6P6, STM32C051F8P6, STM32C051G6U6, STM32C051G8U6, STM32C051K6T6, STM32C051K6U6, STM32C051K8T6, STM32C071C8T6, STM32C071C8T6N, STM32C071C8U6, STM32C071C8U6N, STM32C071CBT6, STM32C071CBT6N, STM32C071CBU6, STM32C071CBU6N, STM32C071F8P6, STM32C071F8P6N, STM32C071FBP6, STM32C071FBP6N, STM32C071FBY6TR, STM32C071G8U6, STM32C071G8U6N, STM32C071GBU6, STM32C071GBU6N, STM32C071K8T6, STM32C071K8T6N, STM32C071K8U6, STM32C071K8U6N, STM32C071KBT6, STM32C071KBT6N, STM32C071KBU6, STM32C071KBU6N, STM32C071R8T6, STM32C071R8T6N, STM32C071RBI6N, STM32C071RBT6, STM32C071RBT6N, STM32C091CBT6, STM32C091CBU6, STM32C091CCT6, STM32C091CCU6, STM32C091ECY6TR, STM32C091FBP6, STM32C091FCP6, STM32C091GBU6, STM32C091GCU6, STM32C091KBT6, STM32C091KBU6, STM32C091KCT6, STM32C091KCU6, STM32C091RBT6, STM32C091RCI6, STM32C091RCT6, STM32C092CBT6, STM32C092CBU6, STM32C092CCT6, STM32C092CCU6, STM32C092ECY6TR, STM32C092FBP6, STM32C092FCP6, STM32C092GBU6, STM32C092GCU6, STM32C092KBT6, STM32C092KBU6, STM32C092KCT6, STM32C092KCU6, STM32C092RBT6, STM32C092RCI6, STM32C092RCT6, STM32G071K8TXN, STM32G071K8UXN, STM32G081GBU6N, STM32G081KBT6N, STM32G081KBUXN, STM32G0B1CCT6N, STM32G0B1KCT6, STM32G0B1NEY6TR, STM32G0B1RCT6N, STM32G0C1CCT6, STM32G0C1CCT6N, STM32G0C1CCU6N, STM32G0C1CET6N, STM32G0C1CEU6N, STM32G0C1KCT6, STM32G0C1NEY6TR, STM32G0C1RCI6N, STM32G0C1RCT6N, STM32G0C1REI6N, STM32G0C1RET6N, STM32G0C1VCI6, STM32G0C1VEI6, STM32G411C6T3, STM32G411C6T6, STM32G411C6U3, STM32G411C6U6, STM32G411C8T3, STM32G411C8T6, STM32G411C8U3, STM32G411C8U6, STM32G411CBT3, STM32G411CBT6, STM32G411CBU3, STM32G411CBU6, STM32G411CCT3, STM32G411CCT6, STM32G411CCU3, STM32G411CCU6, STM32G411K6T3, STM32G411K6T6, STM32G411K6U3, STM32G411K6U6, STM32G411K8T3, STM32G411K8T6, STM32G411K8U3, STM32G411K8U6, STM32G411KBT3, STM32G411KBT6, STM32G411KBU3, STM32G411KBU6, STM32G411M6T3, STM32G411M6T6, STM32G411M8T3, STM32G411M8T6, STM32G411MBT3, STM32G411MBT6, STM32G411MCT3, STM32G411MCT6, STM32G411R6T3, STM32G411R6T6, STM32G411R8T3, STM32G411R8T6, STM32G411RBT3, STM32G411RBT6, STM32G411RCT3, STM32G411RCT6, STM32G414CBT3, STM32G414CBT6, STM32G414CBU3, STM32G414CBU6, STM32G414CCT3, STM32G414CCT6, STM32G414CCU3, STM32G414CCU6, STM32G414MBT3, STM32G414MBT6, STM32G414MCT3, STM32G414MCT6, STM32G414RBT3, STM32G414RBT6, STM32G414RCT3, STM32G414RCT6, STM32G414VBT3, STM32G414VBT6, STM32G414VCT3, STM32G414VCT6, STM32G431CBT3Z, STM32G431RBT3Z, STM32G471CCT6, STM32G471CCU6, STM32G471CET3, STM32G471CET6, STM32G471CEU3, STM32G471CEU6, STM32G471MCT6, STM32G471MET3, STM32G471MET6, STM32G471MEY6TR, STM32G471QCT6, STM32G471QET3, STM32G471RCT6, STM32G471RET3, STM32G471RET6, STM32G471VCH6, STM32G471VCI6, STM32G471VCT6, STM32G471VEH3, STM32G471VEH6, STM32G471VEI3, STM32G471VEI6, STM32G471VET3, STM32G471VET6, STM32G473QET3Z, STM32G473RET3Z, STM32G474CCT6, STM32G491RET3Z, STM32H503CBT6, STM32H503CBU6, STM32H503EBY6TR, STM32H503KBU6, STM32H503RBT6, STM32H523CCT6, STM32H523CCU6, STM32H523CET6, STM32H523CEU6, STM32H523HEY6TR, STM32H523RCT6, STM32H523RET6, STM32H523VCI6, STM32H523VCT6, STM32H523VEI6, STM32H523VET6, STM32H523ZCJ6, STM32H523ZCT6, STM32H523ZEJ6, STM32H523ZET6, STM32H533CET6, STM32H533CEU6, STM32H533HEY6TR, STM32H533RET6, STM32H533VEI6, STM32H533VET6, STM32H533ZEJ6, STM32H533ZET6, STM32H562AGI6, STM32H562AII6, STM32H562IGK6, STM32H562IGT6, STM32H562IIK6, STM32H562IIT6, STM32H562RGT6, STM32H562RGV6, STM32H562RIT6, STM32H562RIV6, STM32H562VGT6, STM32H562VIT6, STM32H562ZGT6, STM32H562ZIT6, STM32H563AGI6, STM32H563AII3Q, STM32H563AII6, STM32H563IGK6, STM32H563IGT6, STM32H563IIK3Q, STM32H563IIK6, STM32H563IIT3Q, STM32H563IIT6, STM32H563MIY3QTR, STM32H563RGT6, STM32H563RGV6, STM32H563RIT6, STM32H563RIV6, STM32H563VGT6, STM32H563VIT3Q, STM32H563VIT6, STM32H563ZGT6, STM32H563ZIT3Q, STM32H563ZIT6, STM32H573AII3Q, STM32H573AII6, STM32H573I-DK, STM32H573IIK3Q, STM32H573IIK6, STM32H573IIT3Q, STM32H573IIT6, STM32H573MIY3QTR, STM32H573RIT6, STM32H573RIV6, STM32H573VIT3Q, STM32H573VIT6, STM32H573ZIT3Q, STM32H573ZIT6, STM32H7R3A8I6, STM32H7R3I8K6, STM32H7R3I8T6, STM32H7R3L8H6, STM32H7R3L8H6H, STM32H7R3R8V6, STM32H7R3V8H6, STM32H7R3V8T6, STM32H7R3V8Y6TR, STM32H7R3Z8J6, STM32H7R3Z8T6, STM32H7R7A8I6, STM32H7R7I8K6, STM32H7R7I8T6, STM32H7R7L8H6, STM32H7R7L8H6H, STM32H7R7Z8J6, STM32H7S3A8I6, STM32H7S3I8K6, STM32H7S3I8T6, STM32H7S3L8H6, STM32H7S3L8H6H, STM32H7S3R8V6, STM32H7S3V8H6, STM32H7S3V8T6, STM32H7S3V8Y6TR, STM32H7S3Z8J6, STM32H7S3Z8T6, STM32H7S78-DK, STM32H7S7A8I6, STM32H7S7I8K6, STM32H7S7I8T6, STM32H7S7L8H6, STM32H7S7L8H6H, STM32H7S7Z8J6, STM32L4R5QGI6STR, STM32MP131AAE3, STM32MP131AAF3, STM32MP131AAG3, STM32MP131CAE3, STM32MP131CAF3, STM32MP131CAG3, STM32MP131DAE7, STM32MP131DAF7, STM32MP131DAG7, STM32MP131FAE7, STM32MP131FAF7, STM32MP131FAG7, STM32MP133AAE3, STM32MP133AAF3, STM32MP133AAG3, STM32MP133CAE3, STM32MP133CAF3, STM32MP133CAG3, STM32MP133DAE7, STM32MP133DAF7, STM32MP133DAG7, STM32MP133FAE7, STM32MP133FAF7, STM32MP133FAG7, STM32MP135AAE3, STM32MP135AAF3, STM32MP135AAG3, STM32MP135CAE3, STM32MP135CAF3, STM32MP135CAG3, STM32MP135DAE7, STM32MP135DAF7, STM32MP135DAG7, STM32MP135F-DK, STM32MP135FAE7, STM32MP135FAF7, STM32MP135FAF7T, STM32MP135FAF7U, STM32MP135FAG7, STM32MP231AAJ3, STM32MP231AAK3, STM32MP231AAL3, STM32MP231CAJ3, STM32MP231CAK3, STM32MP231CAL3, STM32MP231DAJ3, STM32MP231DAK3, STM32MP231DAL3, STM32MP231FAJ3, STM32MP231FAK3, STM32MP231FAL3, STM32MP233AAJ3, STM32MP233AAK3, STM32MP233AAL3, STM32MP233CAJ3, STM32MP233CAK3, STM32MP233CAL3, STM32MP233DAJ3, STM32MP233DAK3, STM32MP233DAL3, STM32MP233FAJ3, STM32MP233FAK3, STM32MP233FAL3, STM32MP235AAJ3, STM32MP235AAK3, STM32MP235AAL3, STM32MP235CAJ3, STM32MP235CAK3, STM32MP235CAL3, STM32MP235DAJ3, STM32MP235DAK3, STM32MP235DAL3, STM32MP235FAJ3, STM32MP235FAK3, STM32MP235FAL3, STM32MP251AAI3, STM32MP251AAJ3, STM32MP251AAK3, STM32MP251AAL3, STM32MP251CAI3, STM32MP251CAJ3, STM32MP251CAK3, STM32MP251CAL3, STM32MP251DAI3, STM32MP251DAJ3, STM32MP251DAK3, STM32MP251DAL3, STM32MP251FAI3, STM32MP251FAJ3, STM32MP251FAK3, STM32MP251FAL3, STM32MP253AAI3, STM32MP253AAJ3, STM32MP253AAK3, STM32MP253AAL3, STM32MP253CAI3, STM32MP253CAJ3, STM32MP253CAK3, STM32MP253CAL3, STM32MP253DAI3, STM32MP253DAJ3, STM32MP253DAK3, STM32MP253DAL3, STM32MP253FAI3, STM32MP253FAJ3, STM32MP253FAK3, STM32MP253FAL3, STM32MP255AAI3, STM32MP255AAJ3, STM32MP255AAK3, STM32MP255AAL3, STM32MP255CAI3, STM32MP255CAJ3, STM32MP255CAK3, STM32MP255CAL3, STM32MP255DAI3, STM32MP255DAJ3, STM32MP255DAK3, STM32MP255DAL3, STM32MP255FAI3, STM32MP255FAJ3, STM32MP255FAK3, STM32MP255FAL3, STM32MP257AAI3, STM32MP257AAJ3, STM32MP257AAK3, STM32MP257AAL3, STM32MP257CAI3, STM32MP257CAJ3, STM32MP257CAK3, STM32MP257CAL3, STM32MP257DAI3, STM32MP257DAJ3, STM32MP257DAK3, STM32MP257DAL3, STM32MP257F-DK, STM32MP257F-EV1, STM32MP257FAI3, STM32MP257FAJ3, STM32MP257FAK3, STM32MP257FAL3, STM32N645A0H3Q, STM32N645B0H3Q, STM32N645I0H3Q, STM32N645L0H3Q, STM32N645X0H3Q, STM32N645Z0H3Q, STM32N647A0H3Q, STM32N647B0H3Q, STM32N647I0H3Q, STM32N647L0H3Q, STM32N647X0H3Q, STM32N647Z0H3Q, STM32N655A0H3Q, STM32N655B0H3Q, STM32N655I0H3Q, STM32N655L0H3Q, STM32N655X0H3Q, STM32N655Z0H3Q, STM32N6570-DK, STM32N657A0H3Q, STM32N657B0H3Q, STM32N657I0H3Q, STM32N657L0H3Q, STM32N657X0H3Q, STM32N657Z0H3Q, STM32U031C6T6, STM32U031C6U6, STM32U031C8T6, STM32U031C8U6, STM32U031F4P6, STM32U031F6P6, STM32U031F8P6, STM32U031G6Y6TR, STM32U031G8Y6TR, STM32U031K4U6, STM32U031K6U6, STM32U031K8U6, STM32U031R6I6, STM32U031R6T6, STM32U031R8I6, STM32U031R8T6, STM32U073C8T6, STM32U073C8U6, STM32U073CBT6, STM32U073CBU6, STM32U073CCT6, STM32U073CCU6, STM32U073H8Y6TR, STM32U073HBY6TR, STM32U073HCY6TR, STM32U073K8U6, STM32U073KBU6, STM32U073KCU6, STM32U073M8I6, STM32U073M8T6, STM32U073MBI6, STM32U073MBT6, STM32U073MCI6, STM32U073MCT6, STM32U073R8I6, STM32U073R8T6, STM32U073RBI6, STM32U073RBT6, STM32U073RCI6, STM32U073RCT6, STM32U083C-DK, STM32U083CCT6, STM32U083CCU6, STM32U083HCY6TR, STM32U083KCU6, STM32U083MCI6, STM32U083MCT6, STM32U083RCI6, STM32U083RCT6, STM32U375CET6, STM32U375CET6Q, STM32U375CEU6, STM32U375CEU6Q, STM32U375CEY6QTR, STM32U375CGT6, STM32U375CGT6Q, STM32U375CGU6, STM32U375CGU6Q, STM32U375CGY6QTR, STM32U375KEU6, STM32U375KGU6, STM32U375REI6, STM32U375REI6Q, STM32U375RET6, STM32U375RET6Q, STM32U375REY6GTR, STM32U375REY6QTR, STM32U375RGI6, STM32U375RGI6Q, STM32U375RGT6, STM32U375RGT6Q, STM32U375RGY6GTR, STM32U375RGY6QTR, STM32U375VEI6, STM32U375VEI6Q, STM32U375VET6, STM32U375VET6Q, STM32U375VGI6, STM32U375VGI6Q, STM32U375VGT6, STM32U375VGT6Q, STM32U385CGT6, STM32U385CGT6Q, STM32U385CGU6, STM32U385CGU6Q, STM32U385CGY6QTR, STM32U385KGU6, STM32U385RGI6, STM32U385RGI6Q, STM32U385RGT6, STM32U385RGT6Q, STM32U385RGY6GTR, STM32U385RGY6QTR, STM32U385VGI6, STM32U385VGI6Q, STM32U385VGT6, STM32U385VGT6Q, STM32U535CBT6, STM32U535CBT6Q, STM32U535CBU6, STM32U535CBU6Q, STM32U535CCT6, STM32U535CCT6Q, STM32U535CCU6, STM32U535CCU6Q, STM32U535CET6, STM32U535CET6Q, STM32U535CEU6, STM32U535CEU6Q, STM32U535JEY6QTR, STM32U535NCY6QTR, STM32U535NEY6QTR, STM32U535RBI6, STM32U535RBI6Q, STM32U535RBT6, STM32U535RBT6Q, STM32U535RCI6, STM32U535RCI6Q, STM32U535RCT6, STM32U535RCT6Q, STM32U535REI6, STM32U535REI6Q, STM32U535RET6, STM32U535RET6Q, STM32U535VCI6, STM32U535VCI6Q, STM32U535VCT6, STM32U535VCT6Q, STM32U535VEI6, STM32U535VEI6Q, STM32U535VET6, STM32U535VET6Q, STM32U545CET6, STM32U545CET6Q, STM32U545CEU6, STM32U545CEU6Q, STM32U545JEY6QTR, STM32U545NEY6QTR, STM32U545REI6, STM32U545REI6Q, STM32U545RET6, STM32U545RET6Q, STM32U545VEI6, STM32U545VEI6Q, STM32U545VET6, STM32U545VET6Q, STM32U595AIH6, STM32U595AIH6Q, STM32U595AJH6, STM32U595AJH6Q, STM32U595QII6, STM32U595QII6Q, STM32U595QJI6, STM32U595QJI6Q, STM32U595RIT6, STM32U595RIT6Q, STM32U595RJT6, STM32U595RJT6Q, STM32U595VIT6, STM32U595VIT6Q, STM32U595VJT6, STM32U595VJT6Q, STM32U595ZIT6, STM32U595ZIT6Q, STM32U595ZIY6QTR, STM32U595ZJT6, STM32U595ZJT6Q, STM32U595ZJY6QTR, STM32U599BJY6QTR, STM32U599NIH6Q, STM32U599NJH6Q, STM32U599VIT6Q, STM32U599VJT6, STM32U599VJT6Q, STM32U599ZIT6Q, STM32U599ZIY6QTR, STM32U599ZJT6Q, STM32U599ZJY6QTR, STM32U5A5AJH6, STM32U5A5AJH6Q, STM32U5A5QII3Q , STM32U5A5QJI6, STM32U5A5QJI6Q, STM32U5A5RJT6, STM32U5A5RJT6Q, STM32U5A5VJT6, STM32U5A5VJT6Q, STM32U5A5ZJT6, STM32U5A5ZJT6Q, STM32U5A5ZJY6QTR, STM32U5A9BJY6QTR, STM32U5A9J-DK, STM32U5A9NJH6Q, STM32U5A9VJT6Q, STM32U5A9ZJT6Q, STM32U5A9ZJY6QTR, STM32U5F7VIT6, STM32U5F7VIT6Q, STM32U5F7VJT6, STM32U5F7VJT6Q, STM32U5F9BJY6QTR, STM32U5F9NJH6Q, STM32U5F9VIT6Q, STM32U5F9VJT6Q, STM32U5F9ZIJ6QTR, STM32U5F9ZIT6Q, STM32U5F9ZJJ6QTR, STM32U5F9ZJT6Q, STM32U5G7VJT6, STM32U5G7VJT6Q, STM32U5G9BJY6QTR, STM32U5G9J-DK1, STM32U5G9J-DK2, STM32U5G9NJH6Q, STM32U5G9VJT6Q, STM32U5G9ZJJ6QTR, STM32U5G9ZJT6Q, STM32WB05KZV6TR, STM32WB05KZV7TR, STM32WB05TZF6TR, STM32WB05TZF7TR, STM32WB06CCF6TR, STM32WB06CCF7TR, STM32WB06CCV6TR, STM32WB06CCV7TR, STM32WB06KCV6TR, STM32WB06KCV7TR, STM32WB07CCF6TR, STM32WB07CCF7TR, STM32WB07CCV6TR, STM32WB07CCV7TR, STM32WB07KCV6TR, STM32WB07KCV7TR, STM32WB09KEV6TR, STM32WB09KEV7TR, STM32WB09TEF6TR, STM32WB09TEF7TR, STM32WB1MMCH6, STM32WBA50KGU6, STM32WBA50KGU6TR, STM32WBA52CEU6, STM32WBA52CEU6TR, STM32WBA52CEU7, STM32WBA52CEU7TR, STM32WBA52CGU6, STM32WBA52CGU6TR, STM32WBA52CGU6U, STM32WBA52CGU7, STM32WBA52CGU7TR, STM32WBA52KEU6, STM32WBA52KEU6TR, STM32WBA52KGU6, STM32WBA52KGU6TR, STM32WBA54CEU6, STM32WBA54CEU6TR, STM32WBA54CEU7, STM32WBA54CEU7TR, STM32WBA54CGU6, STM32WBA54CGU6TR, STM32WBA54CGU7, STM32WBA54CGU7TR, STM32WBA54KEU6, STM32WBA54KEU6TR, STM32WBA54KEU7, STM32WBA54KEU7TR, STM32WBA54KGU6, STM32WBA54KGU6TR, STM32WBA54KGU7, STM32WBA54KGU7TR, STM32WBA55CEU6, STM32WBA55CEU6TR, STM32WBA55CEU7, STM32WBA55CEU7TR, STM32WBA55CGU6, STM32WBA55CGU6TR, STM32WBA55CGU6U, STM32WBA55CGU7, STM32WBA55CGU7TR, STM32WBA55G-DK1, STM32WBA55HEF6, STM32WBA55HEF7, STM32WBA55HGF6, STM32WBA55HGF7, STM32WBA55UEI6, STM32WBA55UEI6TR, STM32WBA55UEI7, STM32WBA55UEI7TR, STM32WBA55UGI6, STM32WBA55UGI6TR, STM32WBA55UGI7, STM32WBA55UGI7TR, STM32WBA5MJGH6TR, STM32WBA62CGU6, STM32WBA62CIU6, STM32WBA62MGF6, STM32WBA62MIF6, STM32WBA62PGI6, STM32WBA62PII6, STM32WBA63CGU6, STM32WBA63CGU7, STM32WBA63CIU6, STM32WBA63CIU7, STM32WBA64CGU6, STM32WBA64CGU7, STM32WBA64CIU6, STM32WBA64CIU7, STM32WBA65CGU6, STM32WBA65CGU7, STM32WBA65CIU6, STM32WBA65CIU7, STM32WBA65I-DK1, STM32WBA65MGF6, STM32WBA65MGF7, STM32WBA65MIF6, STM32WBA65MIF7, STM32WBA65PGI6, STM32WBA65PGI7, STM32WBA65PII6, STM32WBA65PII7, STM32WBA65RGV6, STM32WBA65RGV7, STM32WBA65RIV6, STM32WBA65RIV7, STM32WL30K8V6, STM32WL30KBV6, STM32WL31C8V6, STM32WL31CBV6, STM32WL31K8V6, STM32WL31KBV6, STM32WL33C8V6, STM32WL33C8V6TR, STM32WL33C8V7, STM32WL33C8V7TR, STM32WL33CBV6, STM32WL33CBV6TR, STM32WL33CBV7, STM32WL33CBV7TR, STM32WL33CCV6, STM32WL33CCV6TR, STM32WL33CCV7, STM32WL33CCV7A, STM32WL33CCV7ATR, STM32WL33CCV7TR, STM32WL33K8V6, STM32WL33K8V6TR, STM32WL33K8V7, STM32WL33K8V7TR, STM32WL33KBV6, STM32WL33KBV6TR, STM32WL33KBV7, STM32WL33KBV7TR, STM32WL33KCV6, STM32WL33KCV6TR, STM32WL33KCV7, STM32WL33KCV7TR, STM32WL5MOCH6, STM32WL5MOCH6TR]
2025-04-06 10:47:18,836 [INFO] BoardInfo:889 - No configuration file found for board P-NUCLEO-WB55
2025-04-06 10:47:18,836 [INFO] DbBoards:161 - Kit is not supported: P-NUCLEO-WB55
2025-04-06 10:47:18,839 [INFO] BoardInfo:889 - No configuration file found for board STEVAL-BFA001V1B
2025-04-06 10:47:18,839 [INFO] DbBoards:161 - Kit is not supported: STEVAL-BFA001V1B
2025-04-06 10:47:18,840 [INFO] BoardInfo:889 - No configuration file found for board STEVAL-BFA001V2B
2025-04-06 10:47:18,840 [INFO] DbBoards:161 - Kit is not supported: STEVAL-BFA001V2B
2025-04-06 10:47:18,925 [INFO] DbBoards:168 - Found 211 boards, 208 are supported
2025-04-06 10:47:18,925 [INFO] DbBoards:169 - Found 211 boards, 43 of them is supported for  Bsp
2025-04-06 10:47:18,928 [INFO] ApiDb:423 - Load user favorites file /Users/parimeydpatil/.stm32cubeide/favorites.boards.txt: 1 item(s)
2025-04-06 10:47:18,928 [INFO] ApiDb:427 - User favorites Boards=[STM32F407G-DISC1]
2025-04-06 10:47:18,928 [INFO] DbBoards:198 - Set 1 / 1 favorites Boards
2025-04-06 10:47:18,930 [INFO] ApiDb:668 - CubeFinder database Data Model version=2.1
2025-04-06 10:47:18,932 [INFO] ApiDb:669 - CubeFinder database Configuration version=3.0.39
2025-04-06 10:47:18,933 [INFO] ApiDb:670 - CubeFinder database generation date=2025-03-24 (1742811287)
2025-04-06 10:47:18,933 [INFO] ApiDb:671 - CubeFinder database FW Pack versions=[FP-ATR-ASTRA1_V2.0.0, FP-SNS-FLIGHT1_V5.0.2, FP-SNS-MOTENV1_V5.0.0, FP-SNS-MOTENVWB1_V1.4.0, FP-SNS-SMARTAG2_V1.2.0, FP-SNS-STBOX1_V2.0.0, STM32Cube_FW_C0_V1.4.0, STM32Cube_FW_F4_V1.28.1, STM32Cube_FW_F7_V1.17.2, STM32Cube_FW_G0_V1.6.2, STM32Cube_FW_G4_V1.6.1, STM32Cube_FW_H5_V1.5.0, STM32Cube_FW_H7RS_V1.2.0, STM32Cube_FW_H7_V1.12.1, STM32Cube_FW_L0_V1.12.2, STM32Cube_FW_L4_V1.18.1, STM32Cube_FW_L5_V1.5.1, STM32Cube_FW_N6_V1.1.0, STM32Cube_FW_U0_V1.2.0, STM32Cube_FW_U3_V1.1.0, STM32Cube_FW_U5_V1.7.0, STM32Cube_FW_WB0_V1.2.0, STM32Cube_FW_WBA_V1.6.0, STM32Cube_FW_WB_V1.22.0, STM32Cube_FW_WL3_V1.1.0, STM32Cube_FW_WL_V1.3.1, X-CUBE-ALGOBUILD_V1.4.0, X-CUBE-ALS_V1.0.2, X-CUBE-AZRTOS-F4_V1.1.0, X-CUBE-AZRTOS-F7_V1.1.0, X-CUBE-AZRTOS-G0_V1.1.0, X-CUBE-AZRTOS-G4_V2.0.0, X-CUBE-AZRTOS-H7RS_V1.0.0, X-CUBE-AZRTOS-H7_V3.3.0, X-CUBE-AZRTOS-L4_V2.0.0, X-CUBE-AZRTOS-L5_V2.0.0, X-CUBE-AZRTOS-WB_V2.0.0, X-CUBE-AZRTOS-WL_V2.0.0, X-CUBE-BLE1_V7.1.0, X-CUBE-BLE2_V3.3.0, X-CUBE-BLEMGR_V4.0.0, X-CUBE-EEPRMA1_V5.1.0, X-CUBE-FREERTOS_V1.3.0, X-CUBE-GNSS1_V6.0.0, X-CUBE-MEMS1_V11.1.0, X-CUBE-NFC4_V3.0.0, X-CUBE-NFC7_V1.0.1, X-CUBE-SFXS2LP1_V4.0.0, X-CUBE-SUBG2_V5.0.0, X-CUBE-TOF1_V3.4.2]
2025-04-06 10:47:19,422 [ERROR] DbExamplesSqlite:437 - Missing JSON key: board_cpn
2025-04-06 10:47:19,423 [ERROR] DbExamplesSqlite:437 - Missing JSON key: board_cpn
2025-04-06 10:47:19,424 [ERROR] DbExamplesSqlite:437 - Missing JSON key: board_cpn
2025-04-06 10:47:19,424 [ERROR] DbExamplesSqlite:437 - Missing JSON key: board_cpn
2025-04-06 10:47:19,509 [ERROR] DbExamplesSqlite:437 - Missing JSON key: board_cpn
2025-04-06 10:47:19,509 [ERROR] DbExamplesSqlite:437 - Missing JSON key: board_cpn
2025-04-06 10:47:19,510 [ERROR] DbExamplesSqlite:437 - Missing JSON key: board_cpn
2025-04-06 10:47:19,510 [ERROR] DbExamplesSqlite:437 - Missing JSON key: board_cpn
2025-04-06 10:47:19,510 [ERROR] DbExamplesSqlite:437 - Missing JSON key: board_cpn
2025-04-06 10:47:19,510 [ERROR] DbExamplesSqlite:437 - Missing JSON key: board_cpn
2025-04-06 10:47:19,510 [ERROR] DbExamplesSqlite:437 - Missing JSON key: board_cpn
2025-04-06 10:47:19,510 [ERROR] DbExamplesSqlite:437 - Missing JSON key: board_cpn
2025-04-06 10:47:19,510 [ERROR] DbExamplesSqlite:437 - Missing JSON key: board_cpn
2025-04-06 10:47:19,623 [ERROR] DbExamplesSqlite:437 - Missing JSON key: board_cpn
2025-04-06 10:47:19,631 [INFO] DbExamplesSqlite:395 - Ignored 46 examples not supported by CubeIDE
2025-04-06 10:47:19,631 [INFO] DbExamplesSqlite:396 - Found 10814 examples active
2025-04-06 10:47:19,631 [INFO] DbExamplesSqlite:397 - Found 0 examples obsolete
2025-04-06 10:47:19,631 [INFO] DbExamplesSqlite:398 - Found 0 examples under development
2025-04-06 10:47:19,632 [INFO] DbExamplesSqlite:399 - Found 79 examples not building
2025-04-06 10:47:19,634 [INFO] DbExamples:125 - Found 10847 examples
2025-04-06 10:47:19,653 [ERROR] DbExamples:208 - Found 3 examples with invalid data (board or MCU)
2025-04-06 10:47:19,654 [INFO] DbExamples:222 - Found 134 boards with related examples
2025-04-06 10:47:19,654 [INFO] DbExamples:235 - Found 110 MCUs with related examples
2025-04-06 10:47:19,671 [INFO] ApiDb:414 - User favorites file not found: /Users/parimeydpatil/.stm32cubeide/favorites.examples.txt
2025-04-06 10:47:19,671 [INFO] DbExamples:250 - Set 0 / 0 favorites Examples
2025-04-06 10:47:20,395 [INFO] McuFinderGlobals:76 - Set McuFinderConnectedMode to true
2025-04-06 10:47:20,402 [INFO] MultiScanPanel:200 - Auto-refresh data requested => check proxy status ongoing
2025-04-06 10:47:20,405 [INFO] FinderPluginLoader:95 - Searching for filters in installed packs
2025-04-06 10:47:21,611 [INFO] LoadUrlFilesThread:185 - End of LoadServerUrlFiles without Thread
2025-04-06 10:47:21,645 [INFO] DetailPanel:341 - Set advertising image to /Users/parimeydpatil/STM32Cube/Repository//en.prom-stm32u3-mcu-finder.jpg
2025-04-06 10:47:25,960 [INFO] MultiScanPanel:200 - Auto-refresh data requested => check proxy status ongoing
2025-04-06 10:47:26,250 [INFO] LoadUrlFilesThread:185 - End of LoadServerUrlFiles without Thread
2025-04-06 10:47:26,252 [INFO] DetailPanel:341 - Set advertising image to /Users/parimeydpatil/STM32Cube/Repository//en.prom-stm32u3-mcu-finder.jpg
2025-04-06 10:47:26,279 [INFO] DbBoards:642 - Loading board mini-images...
2025-04-06 10:47:26,326 [ERROR] DbBoards:659 - Image file not found for board B-WBA5M-WPAN: /Users/parimeydpatil/.stmcufinder/plugins/mcufinder//mcu//boards_images/B-WBA5M-WPAN.jpg
2025-04-06 10:47:27,587 [INFO] DbBoards:665 - Loaded 210 board mini-images
2025-04-06 12:24:29,948 [INFO] WebApp:194 - Connection lost
2025-04-06 12:24:30,553 [INFO] WebApp:191 - Connection restablished
2025-04-06 12:32:48,519 [INFO] WebApp:194 - Connection lost
2025-04-06 12:32:49,418 [INFO] WebApp:191 - Connection restablished
2025-04-06 12:44:35,895 [INFO] WebApp:194 - Connection lost
2025-04-06 12:44:36,398 [INFO] WebApp:191 - Connection restablished
2025-04-06 12:56:19,566 [INFO] WebApp:194 - Connection lost
2025-04-06 12:56:19,875 [INFO] WebApp:191 - Connection restablished
2025-04-06 13:07:51,221 [INFO] WebApp:194 - Connection lost
2025-04-06 13:07:51,602 [INFO] WebApp:191 - Connection restablished
2025-04-06 13:07:54,481 [INFO] WebApp:194 - Connection lost
2025-04-06 13:07:55,853 [INFO] WebApp:191 - Connection restablished
2025-04-06 13:19:23,873 [INFO] WebApp:194 - Connection lost
2025-04-06 13:19:24,406 [INFO] WebApp:191 - Connection restablished
2025-04-06 13:30:05,302 [INFO] WebApp:194 - Connection lost
2025-04-06 13:30:05,685 [INFO] WebApp:191 - Connection restablished
2025-04-06 13:37:40,690 [INFO] WebApp:194 - Connection lost
2025-04-06 13:37:40,935 [INFO] WebApp:191 - Connection restablished
2025-04-06 13:48:43,170 [INFO] WebApp:194 - Connection lost
2025-04-06 13:48:43,562 [INFO] WebApp:191 - Connection restablished
2025-04-06 13:59:58,372 [INFO] WebApp:194 - Connection lost
2025-04-06 13:59:58,780 [INFO] WebApp:191 - Connection restablished
2025-04-06 14:10:30,987 [INFO] WebApp:194 - Connection lost
2025-04-06 14:10:31,311 [INFO] WebApp:191 - Connection restablished
2025-04-06 14:20:56,037 [INFO] WebApp:194 - Connection lost
2025-04-06 14:20:56,315 [INFO] WebApp:191 - Connection restablished
2025-04-06 14:31:45,364 [INFO] WebApp:194 - Connection lost
2025-04-06 14:31:45,658 [INFO] WebApp:191 - Connection restablished
2025-04-06 14:42:48,298 [INFO] WebApp:194 - Connection lost
2025-04-06 14:42:48,722 [INFO] WebApp:191 - Connection restablished
2025-04-06 14:53:19,453 [INFO] WebApp:194 - Connection lost
2025-04-06 14:53:19,879 [INFO] WebApp:191 - Connection restablished
2025-04-06 14:58:45,128 [INFO] WebApp:194 - Connection lost
2025-04-06 14:58:45,851 [INFO] WebApp:191 - Connection restablished
2025-04-06 16:40:40,934 [INFO] WebApp:194 - Connection lost
2025-04-06 16:40:41,981 [INFO] WebApp:191 - Connection restablished
2025-04-06 16:49:02,368 [INFO] McuFinderGlobals:76 - Set McuFinderConnectedMode to true
2025-04-06 16:49:02,386 [INFO] ApiDb:448 - Save user favorites file /Users/parimeydpatil/.stm32cubeide/favorites.mcus.txt: 0 item(s)
2025-04-06 16:49:02,387 [INFO] ApiDb:452 - User favorites MCUs=[]
2025-04-06 16:49:02,395 [INFO] ApiDb:448 - Save user favorites file /Users/parimeydpatil/.stm32cubeide/favorites.boards.txt: 1 item(s)
2025-04-06 16:49:02,396 [INFO] ApiDb:452 - User favorites Boards=[STM32F407G-DISC1]
2025-04-06 17:55:26,940 [INFO] WebApp:194 - Connection lost
2025-04-06 17:55:27,712 [INFO] WebApp:191 - Connection restablished
2025-04-06 18:06:17,387 [INFO] WebApp:194 - Connection lost
2025-04-06 18:06:17,834 [INFO] WebApp:191 - Connection restablished
2025-04-06 18:16:46,446 [INFO] WebApp:194 - Connection lost
2025-04-06 18:16:46,832 [INFO] WebApp:191 - Connection restablished
2025-04-06 18:27:28,188 [INFO] WebApp:194 - Connection lost
2025-04-06 18:27:28,550 [INFO] WebApp:191 - Connection restablished
2025-04-06 18:38:22,533 [INFO] WebApp:194 - Connection lost
2025-04-06 18:38:23,129 [INFO] WebApp:191 - Connection restablished
2025-04-06 18:49:06,849 [INFO] WebApp:194 - Connection lost
2025-04-06 18:49:07,157 [INFO] WebApp:191 - Connection restablished
2025-04-06 18:59:55,367 [INFO] WebApp:194 - Connection lost
2025-04-06 18:59:56,111 [INFO] WebApp:191 - Connection restablished
2025-04-06 19:10:49,468 [INFO] WebApp:194 - Connection lost
2025-04-06 19:10:49,760 [INFO] WebApp:191 - Connection restablished
2025-04-06 19:21:35,546 [INFO] WebApp:194 - Connection lost
2025-04-06 19:21:35,953 [INFO] WebApp:191 - Connection restablished
2025-04-06 19:32:24,353 [INFO] WebApp:194 - Connection lost
2025-04-06 19:32:24,791 [INFO] WebApp:191 - Connection restablished
2025-04-06 19:43:15,724 [INFO] WebApp:194 - Connection lost
2025-04-06 19:43:16,446 [INFO] WebApp:191 - Connection restablished
2025-04-06 19:53:10,301 [INFO] WebApp:194 - Connection lost
2025-04-06 19:53:11,045 [INFO] WebApp:191 - Connection restablished
2025-04-06 20:00:32,361 [INFO] WebApp:194 - Connection lost
2025-04-06 20:00:33,165 [INFO] WebApp:191 - Connection restablished
2025-04-06 20:00:35,522 [INFO] WebApp:194 - Connection lost
2025-04-06 20:00:38,302 [INFO] WebApp:191 - Connection restablished
2025-04-06 23:48:58,853 [INFO] WebApp:194 - Connection lost
2025-04-06 23:48:59,607 [INFO] WebApp:191 - Connection restablished
2025-04-06 23:54:30,606 [INFO] WebApp:194 - Connection lost
2025-04-06 23:54:30,828 [INFO] WebApp:191 - Connection restablished
