08:56:42 **** Incremental Build of configuration Debug for project math_functions ****
make all 
Building file: ../main.c
Invoking: GCC C Compiler
gcc -O0 -g3 -Wall -c -fmessage-length=0 -MMD -MP -MF"main.d" -MT"main.o" -o "main.o" "../main.c"
Finished building: ../main.c
 
Building target: math_functions
Invoking: MacOS X C Linker
gcc  -o "math_functions"  ./main.o ./math.o   
Finished building target: math_functions
 
08:56:56 **** Incremental Build of configuration Debug for project math_functions ****
make all 
make: Nothing to be done for `all'.
08:57:45 **** Incremental Build of configuration Debug for project math_functions ****
make all 
Building file: ../math.c
Invoking: GCC C Compiler
gcc -O0 -g3 -Wall -c -fmessage-length=0 -MMD -MP -MF"math.d" -MT"math.o" -o "math.o" "../math.c"
Finished building: ../math.c
 
Building target: math_functions
Invoking: MacOS X C Linker
gcc  -o "math_functions"  ./main.o ./math.o   
Finished building target: math_functions
 
